<?xml version="1.0" encoding="UTF-8"?>
<testsuite xmlns:xsi="http://www.w3.org/2001/XMLSchema-instance" xsi:noNamespaceSchemaLocation="https://maven.apache.org/surefire/maven-failsafe-plugin/xsd/failsafe-test-report-3.0.xsd" version="3.0" name="CucumberTestSuite" time="18.732" tests="1" errors="0" skipped="0" failures="0">
  <properties>
    <property name="sun.desktop" value="windows"/>
    <property name="awt.toolkit" value="sun.awt.windows.WToolkit"/>
    <property name="java.specification.version" value="11"/>
    <property name="webdriver.chrome.driver" value="C:\Users\Wilda Agil Nurikhrom\IdeaProjects\SiaUMB\src\test\resources\webdriver\chromedriver.exe"/>
    <property name="sun.cpu.isalist" value="amd64"/>
    <property name="sun.jnu.encoding" value="Cp1252"/>
    <property name="java.class.path" value="C:\Users\Wilda Agil Nurikhrom\IdeaProjects\SiaUMB\target\test-classes;C:\Users\Wilda Agil Nurikhrom\.m2\repository\net\serenity-bdd\serenity-core\3.2.1\serenity-core-3.2.1.jar;C:\Users\Wilda Agil Nurikhrom\.m2\repository\net\serenity-bdd\serenity-model\3.2.1\serenity-model-3.2.1.jar;C:\Users\Wilda Agil Nurikhrom\.m2\repository\org\apache\commons\commons-text\1.9\commons-text-1.9.jar;C:\Users\Wilda Agil Nurikhrom\.m2\repository\commons-net\commons-net\3.8.0\commons-net-3.8.0.jar;C:\Users\Wilda Agil Nurikhrom\.m2\repository\com\google\guava\guava\31.1-jre\guava-31.1-jre.jar;C:\Users\Wilda Agil Nurikhrom\.m2\repository\com\google\guava\failureaccess\1.0.1\failureaccess-1.0.1.jar;C:\Users\Wilda Agil Nurikhrom\.m2\repository\com\google\guava\listenablefuture\9999.0-empty-to-avoid-conflict-with-guava\listenablefuture-9999.0-empty-to-avoid-conflict-with-guava.jar;C:\Users\Wilda Agil Nurikhrom\.m2\repository\com\google\code\findbugs\jsr305\3.0.2\jsr305-3.0.2.jar;C:\Users\Wilda Agil Nurikhrom\.m2\repository\org\checkerframework\checker-qual\3.12.0\checker-qual-3.12.0.jar;C:\Users\Wilda Agil Nurikhrom\.m2\repository\com\google\errorprone\error_prone_annotations\2.11.0\error_prone_annotations-2.11.0.jar;C:\Users\Wilda Agil Nurikhrom\.m2\repository\com\google\j2objc\j2objc-annotations\1.3\j2objc-annotations-1.3.jar;C:\Users\Wilda Agil Nurikhrom\.m2\repository\com\google\inject\guice\5.1.0\guice-5.1.0.jar;C:\Users\Wilda Agil Nurikhrom\.m2\repository\javax\inject\javax.inject\1\javax.inject-1.jar;C:\Users\Wilda Agil Nurikhrom\.m2\repository\aopalliance\aopalliance\1.0\aopalliance-1.0.jar;C:\Users\Wilda Agil Nurikhrom\.m2\repository\org\jsoup\jsoup\1.14.3\jsoup-1.14.3.jar;C:\Users\Wilda Agil Nurikhrom\.m2\repository\com\thoughtworks\xstream\xstream\1.4.19\xstream-1.4.19.jar;C:\Users\Wilda Agil Nurikhrom\.m2\repository\io\github\x-stream\mxparser\1.2.2\mxparser-1.2.2.jar;C:\Users\Wilda Agil Nurikhrom\.m2\repository\xmlpull\xmlpull\1.1.3.1\xmlpull-1.1.3.1.jar;C:\Users\Wilda Agil Nurikhrom\.m2\repository\io\cucumber\cucumber-java\7.2.3\cucumber-java-7.2.3.jar;C:\Users\Wilda Agil Nurikhrom\.m2\repository\com\typesafe\config\1.4.2\config-1.4.2.jar;C:\Users\Wilda Agil Nurikhrom\.m2\repository\org\imgscalr\imgscalr-lib\4.2\imgscalr-lib-4.2.jar;C:\Users\Wilda Agil Nurikhrom\.m2\repository\org\awaitility\awaitility\4.2.0\awaitility-4.2.0.jar;C:\Users\Wilda Agil Nurikhrom\.m2\repository\org\freemarker\freemarker\2.3.31\freemarker-2.3.31.jar;C:\Users\Wilda Agil Nurikhrom\.m2\repository\io\github\classgraph\classgraph\4.8.138\classgraph-4.8.138.jar;C:\Users\Wilda Agil Nurikhrom\.m2\repository\net\sourceforge\jexcelapi\jxl\2.6.12\jxl-2.6.12.jar;C:\Users\Wilda Agil Nurikhrom\.m2\repository\net\bytebuddy\byte-buddy\1.12.8\byte-buddy-1.12.8.jar;C:\Users\Wilda Agil Nurikhrom\.m2\repository\net\bytebuddy\byte-buddy-agent\1.12.8\byte-buddy-agent-1.12.8.jar;C:\Users\Wilda Agil Nurikhrom\.m2\repository\org\objenesis\objenesis\3.1\objenesis-3.1.jar;C:\Users\Wilda Agil Nurikhrom\.m2\repository\net\serenity-bdd\serenity-reports\3.2.1\serenity-reports-3.2.1.jar;C:\Users\Wilda Agil Nurikhrom\.m2\repository\net\serenity-bdd\serenity-stats\3.2.1\serenity-stats-3.2.1.jar;C:\Users\Wilda Agil Nurikhrom\.m2\repository\net\serenity-bdd\serenity-reports-configuration\3.2.1\serenity-reports-configuration-3.2.1.jar;C:\Users\Wilda Agil Nurikhrom\.m2\repository\com\vladsch\flexmark\flexmark-all\0.34.30\flexmark-all-0.34.30.jar;C:\Users\Wilda Agil Nurikhrom\.m2\repository\com\vladsch\flexmark\flexmark\0.34.30\flexmark-0.34.30.jar;C:\Users\Wilda Agil Nurikhrom\.m2\repository\com\vladsch\flexmark\flexmark-ext-abbreviation\0.34.30\flexmark-ext-abbreviation-0.34.30.jar;C:\Users\Wilda Agil Nurikhrom\.m2\repository\com\vladsch\flexmark\flexmark-ext-admonition\0.34.30\flexmark-ext-admonition-0.34.30.jar;C:\Users\Wilda Agil Nurikhrom\.m2\repository\com\vladsch\flexmark\flexmark-ext-anchorlink\0.34.30\flexmark-ext-anchorlink-0.34.30.jar;C:\Users\Wilda Agil Nurikhrom\.m2\repository\com\vladsch\flexmark\flexmark-ext-aside\0.34.30\flexmark-ext-aside-0.34.30.jar;C:\Users\Wilda Agil Nurikhrom\.m2\repository\com\vladsch\flexmark\flexmark-ext-attributes\0.34.30\flexmark-ext-attributes-0.34.30.jar;C:\Users\Wilda Agil Nurikhrom\.m2\repository\com\vladsch\flexmark\flexmark-ext-autolink\0.34.30\flexmark-ext-autolink-0.34.30.jar;C:\Users\Wilda Agil Nurikhrom\.m2\repository\org\nibor\autolink\autolink\0.6.0\autolink-0.6.0.jar;C:\Users\Wilda Agil Nurikhrom\.m2\repository\com\vladsch\flexmark\flexmark-ext-definition\0.34.30\flexmark-ext-definition-0.34.30.jar;C:\Users\Wilda Agil Nurikhrom\.m2\repository\com\vladsch\flexmark\flexmark-ext-emoji\0.34.30\flexmark-ext-emoji-0.34.30.jar;C:\Users\Wilda Agil Nurikhrom\.m2\repository\com\vladsch\flexmark\flexmark-ext-enumerated-reference\0.34.30\flexmark-ext-enumerated-reference-0.34.30.jar;C:\Users\Wilda Agil Nurikhrom\.m2\repository\com\vladsch\flexmark\flexmark-ext-escaped-character\0.34.30\flexmark-ext-escaped-character-0.34.30.jar;C:\Users\Wilda Agil Nurikhrom\.m2\repository\com\vladsch\flexmark\flexmark-ext-footnotes\0.34.30\flexmark-ext-footnotes-0.34.30.jar;C:\Users\Wilda Agil Nurikhrom\.m2\repository\com\vladsch\flexmark\flexmark-ext-gfm-issues\0.34.30\flexmark-ext-gfm-issues-0.34.30.jar;C:\Users\Wilda Agil Nurikhrom\.m2\repository\com\vladsch\flexmark\flexmark-ext-gfm-strikethrough\0.34.30\flexmark-ext-gfm-strikethrough-0.34.30.jar;C:\Users\Wilda Agil Nurikhrom\.m2\repository\com\vladsch\flexmark\flexmark-ext-gfm-tables\0.34.30\flexmark-ext-gfm-tables-0.34.30.jar;C:\Users\Wilda Agil Nurikhrom\.m2\repository\com\vladsch\flexmark\flexmark-ext-gfm-tasklist\0.34.30\flexmark-ext-gfm-tasklist-0.34.30.jar;C:\Users\Wilda Agil Nurikhrom\.m2\repository\com\vladsch\flexmark\flexmark-ext-gfm-users\0.34.30\flexmark-ext-gfm-users-0.34.30.jar;C:\Users\Wilda Agil Nurikhrom\.m2\repository\com\vladsch\flexmark\flexmark-ext-gitlab\0.34.30\flexmark-ext-gitlab-0.34.30.jar;C:\Users\Wilda Agil Nurikhrom\.m2\repository\com\vladsch\flexmark\flexmark-ext-jekyll-front-matter\0.34.30\flexmark-ext-jekyll-front-matter-0.34.30.jar;C:\Users\Wilda Agil Nurikhrom\.m2\repository\com\vladsch\flexmark\flexmark-ext-jekyll-tag\0.34.30\flexmark-ext-jekyll-tag-0.34.30.jar;C:\Users\Wilda Agil Nurikhrom\.m2\repository\com\vladsch\flexmark\flexmark-ext-media-tags\0.34.30\flexmark-ext-media-tags-0.34.30.jar;C:\Users\Wilda Agil Nurikhrom\.m2\repository\com\vladsch\flexmark\flexmark-test-util\0.34.30\flexmark-test-util-0.34.30.jar;C:\Users\Wilda Agil Nurikhrom\.m2\repository\com\vladsch\flexmark\flexmark-ext-ins\0.34.30\flexmark-ext-ins-0.34.30.jar;C:\Users\Wilda Agil Nurikhrom\.m2\repository\com\vladsch\flexmark\flexmark-ext-xwiki-macros\0.34.30\flexmark-ext-xwiki-macros-0.34.30.jar;C:\Users\Wilda Agil Nurikhrom\.m2\repository\com\vladsch\flexmark\flexmark-ext-superscript\0.34.30\flexmark-ext-superscript-0.34.30.jar;C:\Users\Wilda Agil Nurikhrom\.m2\repository\com\vladsch\flexmark\flexmark-ext-tables\0.34.30\flexmark-ext-tables-0.34.30.jar;C:\Users\Wilda Agil Nurikhrom\.m2\repository\com\vladsch\flexmark\flexmark-ext-toc\0.34.30\flexmark-ext-toc-0.34.30.jar;C:\Users\Wilda Agil Nurikhrom\.m2\repository\com\vladsch\flexmark\flexmark-ext-typographic\0.34.30\flexmark-ext-typographic-0.34.30.jar;C:\Users\Wilda Agil Nurikhrom\.m2\repository\com\vladsch\flexmark\flexmark-ext-wikilink\0.34.30\flexmark-ext-wikilink-0.34.30.jar;C:\Users\Wilda Agil Nurikhrom\.m2\repository\com\vladsch\flexmark\flexmark-ext-yaml-front-matter\0.34.30\flexmark-ext-yaml-front-matter-0.34.30.jar;C:\Users\Wilda Agil Nurikhrom\.m2\repository\com\vladsch\flexmark\flexmark-ext-youtube-embedded\0.34.30\flexmark-ext-youtube-embedded-0.34.30.jar;C:\Users\Wilda Agil Nurikhrom\.m2\repository\com\vladsch\flexmark\flexmark-formatter\0.34.30\flexmark-formatter-0.34.30.jar;C:\Users\Wilda Agil Nurikhrom\.m2\repository\com\vladsch\flexmark\flexmark-html-parser\0.34.30\flexmark-html-parser-0.34.30.jar;C:\Users\Wilda Agil Nurikhrom\.m2\repository\com\vladsch\flexmark\flexmark-jira-converter\0.34.30\flexmark-jira-converter-0.34.30.jar;C:\Users\Wilda Agil Nurikhrom\.m2\repository\com\vladsch\flexmark\flexmark-pdf-converter\0.34.30\flexmark-pdf-converter-0.34.30.jar;C:\Users\Wilda Agil Nurikhrom\.m2\repository\com\openhtmltopdf\openhtmltopdf-core\0.0.1-RC13\openhtmltopdf-core-0.0.1-RC13.jar;C:\Users\Wilda Agil Nurikhrom\.m2\repository\com\openhtmltopdf\openhtmltopdf-pdfbox\0.0.1-RC13\openhtmltopdf-pdfbox-0.0.1-RC13.jar;C:\Users\Wilda Agil Nurikhrom\.m2\repository\org\apache\pdfbox\pdfbox\2.0.8\pdfbox-2.0.8.jar;C:\Users\Wilda Agil Nurikhrom\.m2\repository\org\apache\pdfbox\fontbox\2.0.8\fontbox-2.0.8.jar;C:\Users\Wilda Agil Nurikhrom\.m2\repository\commons-logging\commons-logging\1.2\commons-logging-1.2.jar;C:\Users\Wilda Agil Nurikhrom\.m2\repository\org\apache\pdfbox\xmpbox\2.0.8\xmpbox-2.0.8.jar;C:\Users\Wilda Agil Nurikhrom\.m2\repository\de\rototor\pdfbox\graphics2d\0.12\graphics2d-0.12.jar;C:\Users\Wilda Agil Nurikhrom\.m2\repository\com\openhtmltopdf\openhtmltopdf-rtl-support\0.0.1-RC13\openhtmltopdf-rtl-support-0.0.1-RC13.jar;C:\Users\Wilda Agil Nurikhrom\.m2\repository\com\ibm\icu\icu4j\59.1\icu4j-59.1.jar;C:\Users\Wilda Agil Nurikhrom\.m2\repository\com\openhtmltopdf\openhtmltopdf-jsoup-dom-converter\0.0.1-RC13\openhtmltopdf-jsoup-dom-converter-0.0.1-RC13.jar;C:\Users\Wilda Agil Nurikhrom\.m2\repository\com\vladsch\flexmark\flexmark-profile-pegdown\0.34.30\flexmark-profile-pegdown-0.34.30.jar;C:\Users\Wilda Agil Nurikhrom\.m2\repository\com\vladsch\flexmark\flexmark-util\0.34.30\flexmark-util-0.34.30.jar;C:\Users\Wilda Agil Nurikhrom\.m2\repository\com\vladsch\flexmark\flexmark-youtrack-converter\0.34.30\flexmark-youtrack-converter-0.34.30.jar;C:\Users\Wilda Agil Nurikhrom\.m2\repository\es\nitaur\markdown\txtmark\0.16\txtmark-0.16.jar;C:\Users\Wilda Agil Nurikhrom\.m2\repository\net\serenity-bdd\serenity-report-resources\3.2.1\serenity-report-resources-3.2.1.jar;C:\Users\Wilda Agil Nurikhrom\.m2\repository\com\google\code\gson\gson\2.9.0\gson-2.9.0.jar;C:\Users\Wilda Agil Nurikhrom\.m2\repository\com\fasterxml\jackson\core\jackson-core\2.13.2\jackson-core-2.13.2.jar;C:\Users\Wilda Agil Nurikhrom\.m2\repository\com\fasterxml\jackson\core\jackson-databind\2.13.2\jackson-databind-2.13.2.jar;C:\Users\Wilda Agil Nurikhrom\.m2\repository\com\fasterxml\jackson\core\jackson-annotations\2.13.2\jackson-annotations-2.13.2.jar;C:\Users\Wilda Agil Nurikhrom\.m2\repository\commons-codec\commons-codec\1.15\commons-codec-1.15.jar;C:\Users\Wilda Agil Nurikhrom\.m2\repository\commons-io\commons-io\2.11.0\commons-io-2.11.0.jar;C:\Users\Wilda Agil Nurikhrom\.m2\repository\org\seleniumhq\selenium\selenium-java\4.1.2\selenium-java-4.1.2.jar;C:\Users\Wilda Agil Nurikhrom\.m2\repository\org\seleniumhq\selenium\selenium-devtools-v85\4.1.2\selenium-devtools-v85-4.1.2.jar;C:\Users\Wilda Agil Nurikhrom\.m2\repository\org\seleniumhq\selenium\selenium-devtools-v95\4.1.2\selenium-devtools-v95-4.1.2.jar;C:\Users\Wilda Agil Nurikhrom\.m2\repository\org\seleniumhq\selenium\selenium-devtools-v96\4.1.2\selenium-devtools-v96-4.1.2.jar;C:\Users\Wilda Agil Nurikhrom\.m2\repository\org\seleniumhq\selenium\selenium-devtools-v97\4.1.2\selenium-devtools-v97-4.1.2.jar;C:\Users\Wilda Agil Nurikhrom\.m2\repository\org\seleniumhq\selenium\selenium-firefox-xpi-driver\4.1.2\selenium-firefox-xpi-driver-4.1.2.jar;C:\Users\Wilda Agil Nurikhrom\.m2\repository\org\seleniumhq\selenium\selenium-opera-driver\4.1.2\selenium-opera-driver-4.1.2.jar;C:\Users\Wilda Agil Nurikhrom\.m2\repository\org\seleniumhq\selenium\selenium-remote-driver\4.1.2\selenium-remote-driver-4.1.2.jar;C:\Users\Wilda Agil Nurikhrom\.m2\repository\com\beust\jcommander\1.82\jcommander-1.82.jar;C:\Users\Wilda Agil Nurikhrom\.m2\repository\io\netty\netty-buffer\4.1.73.Final\netty-buffer-4.1.73.Final.jar;C:\Users\Wilda Agil Nurikhrom\.m2\repository\io\netty\netty-codec-http\4.1.73.Final\netty-codec-http-4.1.73.Final.jar;C:\Users\Wilda Agil Nurikhrom\.m2\repository\io\netty\netty-codec\4.1.73.Final\netty-codec-4.1.73.Final.jar;C:\Users\Wilda Agil Nurikhrom\.m2\repository\io\netty\netty-handler\4.1.73.Final\netty-handler-4.1.73.Final.jar;C:\Users\Wilda Agil Nurikhrom\.m2\repository\io\netty\netty-tcnative-classes\2.0.46.Final\netty-tcnative-classes-2.0.46.Final.jar;C:\Users\Wilda Agil Nurikhrom\.m2\repository\io\netty\netty-common\4.1.73.Final\netty-common-4.1.73.Final.jar;C:\Users\Wilda Agil Nurikhrom\.m2\repository\io\netty\netty-transport-classes-epoll\4.1.73.Final\netty-transport-classes-epoll-4.1.73.Final.jar;C:\Users\Wilda Agil Nurikhrom\.m2\repository\io\netty\netty-transport-classes-kqueue\4.1.73.Final\netty-transport-classes-kqueue-4.1.73.Final.jar;C:\Users\Wilda Agil Nurikhrom\.m2\repository\io\netty\netty-transport-native-epoll\4.1.73.Final\netty-transport-native-epoll-4.1.73.Final.jar;C:\Users\Wilda Agil Nurikhrom\.m2\repository\io\netty\netty-transport-native-kqueue\4.1.73.Final\netty-transport-native-kqueue-4.1.73.Final.jar;C:\Users\Wilda Agil Nurikhrom\.m2\repository\io\netty\netty-transport-native-unix-common\4.1.73.Final\netty-transport-native-unix-common-4.1.73.Final.jar;C:\Users\Wilda Agil Nurikhrom\.m2\repository\io\netty\netty-transport\4.1.73.Final\netty-transport-4.1.73.Final.jar;C:\Users\Wilda Agil Nurikhrom\.m2\repository\io\netty\netty-resolver\4.1.73.Final\netty-resolver-4.1.73.Final.jar;C:\Users\Wilda Agil Nurikhrom\.m2\repository\io\opentelemetry\opentelemetry-api\1.10.1\opentelemetry-api-1.10.1.jar;C:\Users\Wilda Agil Nurikhrom\.m2\repository\io\opentelemetry\opentelemetry-context\1.10.1\opentelemetry-context-1.10.1.jar;C:\Users\Wilda Agil Nurikhrom\.m2\repository\io\opentelemetry\opentelemetry-exporter-logging\1.10.1\opentelemetry-exporter-logging-1.10.1.jar;C:\Users\Wilda Agil Nurikhrom\.m2\repository\io\opentelemetry\opentelemetry-sdk-metrics\1.10.1-alpha\opentelemetry-sdk-metrics-1.10.1-alpha.jar;C:\Users\Wilda Agil Nurikhrom\.m2\repository\io\opentelemetry\opentelemetry-sdk-logs\1.10.1-alpha\opentelemetry-sdk-logs-1.10.1-alpha.jar;C:\Users\Wilda Agil Nurikhrom\.m2\repository\io\opentelemetry\opentelemetry-sdk-common\1.10.1\opentelemetry-sdk-common-1.10.1.jar;C:\Users\Wilda Agil Nurikhrom\.m2\repository\io\opentelemetry\opentelemetry-sdk-extension-autoconfigure-spi\1.10.1\opentelemetry-sdk-extension-autoconfigure-spi-1.10.1.jar;C:\Users\Wilda Agil Nurikhrom\.m2\repository\io\opentelemetry\opentelemetry-sdk-extension-autoconfigure\1.10.1-alpha\opentelemetry-sdk-extension-autoconfigure-1.10.1-alpha.jar;C:\Users\Wilda Agil Nurikhrom\.m2\repository\io\opentelemetry\opentelemetry-sdk-trace\1.10.1\opentelemetry-sdk-trace-1.10.1.jar;C:\Users\Wilda Agil Nurikhrom\.m2\repository\io\opentelemetry\opentelemetry-sdk\1.10.1\opentelemetry-sdk-1.10.1.jar;C:\Users\Wilda Agil Nurikhrom\.m2\repository\io\opentelemetry\opentelemetry-semconv\1.10.1-alpha\opentelemetry-semconv-1.10.1-alpha.jar;C:\Users\Wilda Agil Nurikhrom\.m2\repository\io\ous\jtoml\2.0.0\jtoml-2.0.0.jar;C:\Users\Wilda Agil Nurikhrom\.m2\repository\org\apache\commons\commons-exec\1.3\commons-exec-1.3.jar;C:\Users\Wilda Agil Nurikhrom\.m2\repository\org\asynchttpclient\async-http-client\2.12.3\async-http-client-2.12.3.jar;C:\Users\Wilda Agil Nurikhrom\.m2\repository\org\asynchttpclient\async-http-client-netty-utils\2.12.3\async-http-client-netty-utils-2.12.3.jar;C:\Users\Wilda Agil Nurikhrom\.m2\repository\io\netty\netty-codec-socks\4.1.60.Final\netty-codec-socks-4.1.60.Final.jar;C:\Users\Wilda Agil Nurikhrom\.m2\repository\io\netty\netty-handler-proxy\4.1.60.Final\netty-handler-proxy-4.1.60.Final.jar;C:\Users\Wilda Agil Nurikhrom\.m2\repository\io\netty\netty-transport-native-epoll\4.1.60.Final\netty-transport-native-epoll-4.1.60.Final-linux-x86_64.jar;C:\Users\Wilda Agil Nurikhrom\.m2\repository\io\netty\netty-transport-native-kqueue\4.1.60.Final\netty-transport-native-kqueue-4.1.60.Final-osx-x86_64.jar;C:\Users\Wilda Agil Nurikhrom\.m2\repository\org\reactivestreams\reactive-streams\1.0.3\reactive-streams-1.0.3.jar;C:\Users\Wilda Agil Nurikhrom\.m2\repository\com\typesafe\netty\netty-reactive-streams\2.0.4\netty-reactive-streams-2.0.4.jar;C:\Users\Wilda Agil Nurikhrom\.m2\repository\org\seleniumhq\selenium\selenium-http\4.1.2\selenium-http-4.1.2.jar;C:\Users\Wilda Agil Nurikhrom\.m2\repository\net\jodah\failsafe\2.4.4\failsafe-2.4.4.jar;C:\Users\Wilda Agil Nurikhrom\.m2\repository\org\seleniumhq\selenium\selenium-safari-driver\4.1.2\selenium-safari-driver-4.1.2.jar;C:\Users\Wilda Agil Nurikhrom\.m2\repository\org\seleniumhq\selenium\selenium-api\4.1.2\selenium-api-4.1.2.jar;C:\Users\Wilda Agil Nurikhrom\.m2\repository\org\seleniumhq\selenium\selenium-support\4.1.2\selenium-support-4.1.2.jar;C:\Users\Wilda Agil Nurikhrom\.m2\repository\com\google\auto\service\auto-service-annotations\1.0.1\auto-service-annotations-1.0.1.jar;C:\Users\Wilda Agil Nurikhrom\.m2\repository\com\google\auto\service\auto-service\1.0.1\auto-service-1.0.1.jar;C:\Users\Wilda Agil Nurikhrom\.m2\repository\com\google\auto\auto-common\1.2\auto-common-1.2.jar;C:\Users\Wilda Agil Nurikhrom\.m2\repository\org\seleniumhq\selenium\selenium-json\4.1.2\selenium-json-4.1.2.jar;C:\Users\Wilda Agil Nurikhrom\.m2\repository\org\seleniumhq\selenium\selenium-chrome-driver\4.1.2\selenium-chrome-driver-4.1.2.jar;C:\Users\Wilda Agil Nurikhrom\.m2\repository\org\seleniumhq\selenium\selenium-chromium-driver\4.1.2\selenium-chromium-driver-4.1.2.jar;C:\Users\Wilda Agil Nurikhrom\.m2\repository\org\seleniumhq\selenium\selenium-firefox-driver\4.1.2\selenium-firefox-driver-4.1.2.jar;C:\Users\Wilda Agil Nurikhrom\.m2\repository\org\seleniumhq\selenium\selenium-edge-driver\4.1.2\selenium-edge-driver-4.1.2.jar;C:\Users\Wilda Agil Nurikhrom\.m2\repository\org\seleniumhq\selenium\selenium-ie-driver\4.1.2\selenium-ie-driver-4.1.2.jar;C:\Users\Wilda Agil Nurikhrom\.m2\repository\org\projectlombok\lombok\1.18.20\lombok-1.18.20.jar;C:\Users\Wilda Agil Nurikhrom\.m2\repository\io\appium\java-client\8.0.0\java-client-8.0.0.jar;C:\Users\Wilda Agil Nurikhrom\.m2\repository\commons-validator\commons-validator\1.7\commons-validator-1.7.jar;C:\Users\Wilda Agil Nurikhrom\.m2\repository\commons-digester\commons-digester\2.1\commons-digester-2.1.jar;C:\Users\Wilda Agil Nurikhrom\.m2\repository\org\aspectj\aspectjweaver\1.9.8\aspectjweaver-1.9.8.jar;C:\Users\Wilda Agil Nurikhrom\.m2\repository\org\codehaus\groovy\groovy\3.0.10\groovy-3.0.10.jar;C:\Users\Wilda Agil Nurikhrom\.m2\repository\net\sf\opencsv\opencsv\2.0\opencsv-2.0.jar;C:\Users\Wilda Agil Nurikhrom\.m2\repository\commons-beanutils\commons-beanutils\1.9.4\commons-beanutils-1.9.4.jar;C:\Users\Wilda Agil Nurikhrom\.m2\repository\org\apache\commons\commons-lang3\3.12.0\commons-lang3-3.12.0.jar;C:\Users\Wilda Agil Nurikhrom\.m2\repository\commons-collections\commons-collections\3.2.2\commons-collections-3.2.2.jar;C:\Users\Wilda Agil Nurikhrom\.m2\repository\org\fluentlenium\fluentlenium-core\0.10.2\fluentlenium-core-0.10.2.jar;C:\Users\Wilda Agil Nurikhrom\.m2\repository\io\github\bonigarcia\webdrivermanager\5.1.0\webdrivermanager-5.1.0.jar;C:\Users\Wilda Agil Nurikhrom\.m2\repository\com\github\docker-java\docker-java\3.2.13\docker-java-3.2.13.jar;C:\Users\Wilda Agil Nurikhrom\.m2\repository\com\github\docker-java\docker-java-core\3.2.13\docker-java-core-3.2.13.jar;C:\Users\Wilda Agil Nurikhrom\.m2\repository\com\github\docker-java\docker-java-api\3.2.13\docker-java-api-3.2.13.jar;C:\Users\Wilda Agil Nurikhrom\.m2\repository\org\apache\commons\commons-compress\1.21\commons-compress-1.21.jar;C:\Users\Wilda Agil Nurikhrom\.m2\repository\org\bouncycastle\bcpkix-jdk15on\1.64\bcpkix-jdk15on-1.64.jar;C:\Users\Wilda Agil Nurikhrom\.m2\repository\org\bouncycastle\bcprov-jdk15on\1.64\bcprov-jdk15on-1.64.jar;C:\Users\Wilda Agil Nurikhrom\.m2\repository\org\slf4j\jcl-over-slf4j\1.7.30\jcl-over-slf4j-1.7.30.jar;C:\Users\Wilda Agil Nurikhrom\.m2\repository\com\github\docker-java\docker-java-transport-httpclient5\3.2.13\docker-java-transport-httpclient5-3.2.13.jar;C:\Users\Wilda Agil Nurikhrom\.m2\repository\com\github\docker-java\docker-java-transport\3.2.13\docker-java-transport-3.2.13.jar;C:\Users\Wilda Agil Nurikhrom\.m2\repository\org\apache\httpcomponents\client5\httpclient5\5.0.3\httpclient5-5.0.3.jar;C:\Users\Wilda Agil Nurikhrom\.m2\repository\org\apache\httpcomponents\core5\httpcore5\5.0.2\httpcore5-5.0.2.jar;C:\Users\Wilda Agil Nurikhrom\.m2\repository\net\java\dev\jna\jna\5.8.0\jna-5.8.0.jar;C:\Users\Wilda Agil Nurikhrom\.m2\repository\org\brotli\dec\0.1.2\dec-0.1.2.jar;C:\Users\Wilda Agil Nurikhrom\.m2\repository\com\jhlabs\filters\2.0.235\filters-2.0.235.jar;C:\Users\Wilda Agil Nurikhrom\.m2\repository\com\paulhammant\ngwebdriver\1.1.6\ngwebdriver-1.1.6.jar;C:\Users\Wilda Agil Nurikhrom\.m2\repository\joda-time\joda-time\2.8.2\joda-time-2.8.2.jar;C:\Users\Wilda Agil Nurikhrom\.m2\repository\org\hamcrest\hamcrest\2.2\hamcrest-2.2.jar;C:\Users\Wilda Agil Nurikhrom\.m2\repository\com\google\jimfs\jimfs\1.2\jimfs-1.2.jar;C:\Users\Wilda Agil Nurikhrom\.m2\repository\org\mockito\mockito-core\3.3.3\mockito-core-3.3.3.jar;C:\Users\Wilda Agil Nurikhrom\.m2\repository\javax\xml\bind\jaxb-api\2.3.1\jaxb-api-2.3.1.jar;C:\Users\Wilda Agil Nurikhrom\.m2\repository\javax\activation\javax.activation-api\1.2.0\javax.activation-api-1.2.0.jar;C:\Users\Wilda Agil Nurikhrom\.m2\repository\com\sun\xml\bind\jaxb-core\2.3.0.1\jaxb-core-2.3.0.1.jar;C:\Users\Wilda Agil Nurikhrom\.m2\repository\com\sun\xml\bind\jaxb-impl\2.3.3\jaxb-impl-2.3.3.jar;C:\Users\Wilda Agil Nurikhrom\.m2\repository\jakarta\xml\bind\jakarta.xml.bind-api\2.3.3\jakarta.xml.bind-api-2.3.3.jar;C:\Users\Wilda Agil Nurikhrom\.m2\repository\com\sun\activation\jakarta.activation\1.2.2\jakarta.activation-1.2.2.jar;C:\Users\Wilda Agil Nurikhrom\.m2\repository\javax\activation\activation\1.1.1\activation-1.1.1.jar;C:\Users\Wilda Agil Nurikhrom\.m2\repository\net\serenity-bdd\serenity-cucumber\3.2.1\serenity-cucumber-3.2.1.jar;C:\Users\Wilda Agil Nurikhrom\.m2\repository\io\cucumber\cucumber-core\7.2.3\cucumber-core-7.2.3.jar;C:\Users\Wilda Agil Nurikhrom\.m2\repository\io\cucumber\cucumber-gherkin\7.2.3\cucumber-gherkin-7.2.3.jar;C:\Users\Wilda Agil Nurikhrom\.m2\repository\io\cucumber\cucumber-gherkin-messages\7.2.3\cucumber-gherkin-messages-7.2.3.jar;C:\Users\Wilda Agil Nurikhrom\.m2\repository\io\cucumber\messages\17.1.1\messages-17.1.1.jar;C:\Users\Wilda Agil Nurikhrom\.m2\repository\io\cucumber\tag-expressions\4.1.0\tag-expressions-4.1.0.jar;C:\Users\Wilda Agil Nurikhrom\.m2\repository\io\cucumber\cucumber-expressions\15.0.1\cucumber-expressions-15.0.1.jar;C:\Users\Wilda Agil Nurikhrom\.m2\repository\io\cucumber\datatable\7.2.3\datatable-7.2.3.jar;C:\Users\Wilda Agil Nurikhrom\.m2\repository\io\cucumber\cucumber-plugin\7.2.3\cucumber-plugin-7.2.3.jar;C:\Users\Wilda Agil Nurikhrom\.m2\repository\io\cucumber\docstring\7.2.3\docstring-7.2.3.jar;C:\Users\Wilda Agil Nurikhrom\.m2\repository\io\cucumber\html-formatter\17.0.0\html-formatter-17.0.0.jar;C:\Users\Wilda Agil Nurikhrom\.m2\repository\io\cucumber\ci-environment\8.1.0\ci-environment-8.1.0.jar;C:\Users\Wilda Agil Nurikhrom\.m2\repository\io\cucumber\cucumber-junit\7.2.3\cucumber-junit-7.2.3.jar;C:\Users\Wilda Agil Nurikhrom\.m2\repository\org\apache\commons\commons-csv\1.5\commons-csv-1.5.jar;C:\Users\Wilda Agil Nurikhrom\.m2\repository\net\serenity-bdd\serenity-screenplay\3.2.1\serenity-screenplay-3.2.1.jar;C:\Users\Wilda Agil Nurikhrom\.m2\repository\net\serenity-bdd\serenity-screenplay-webdriver\3.2.1\serenity-screenplay-webdriver-3.2.1.jar;C:\Users\Wilda Agil Nurikhrom\.m2\repository\net\serenity-bdd\serenity-ensure\3.2.1\serenity-ensure-3.2.1.jar;C:\Users\Wilda Agil Nurikhrom\.m2\repository\net\serenity-bdd\serenity-junit\3.2.1\serenity-junit-3.2.1.jar;C:\Users\Wilda Agil Nurikhrom\.m2\repository\org\jetbrains\kotlin\kotlin-stdlib\1.6.0\kotlin-stdlib-1.6.0.jar;C:\Users\Wilda Agil Nurikhrom\.m2\repository\org\jetbrains\annotations\13.0\annotations-13.0.jar;C:\Users\Wilda Agil Nurikhrom\.m2\repository\org\jetbrains\kotlin\kotlin-stdlib-common\1.6.0\kotlin-stdlib-common-1.6.0.jar;C:\Users\Wilda Agil Nurikhrom\.m2\repository\org\junit\platform\junit-platform-launcher\1.8.1\junit-platform-launcher-1.8.1.jar;C:\Users\Wilda Agil Nurikhrom\.m2\repository\org\junit\platform\junit-platform-engine\1.8.1\junit-platform-engine-1.8.1.jar;C:\Users\Wilda Agil Nurikhrom\.m2\repository\org\opentest4j\opentest4j\1.2.0\opentest4j-1.2.0.jar;C:\Users\Wilda Agil Nurikhrom\.m2\repository\org\junit\platform\junit-platform-commons\1.8.1\junit-platform-commons-1.8.1.jar;C:\Users\Wilda Agil Nurikhrom\.m2\repository\org\apiguardian\apiguardian-api\1.1.2\apiguardian-api-1.1.2.jar;C:\Users\Wilda Agil Nurikhrom\.m2\repository\org\junit\jupiter\junit-jupiter-engine\5.8.2\junit-jupiter-engine-5.8.2.jar;C:\Users\Wilda Agil Nurikhrom\.m2\repository\org\junit\jupiter\junit-jupiter-api\5.8.2\junit-jupiter-api-5.8.2.jar;C:\Users\Wilda Agil Nurikhrom\.m2\repository\org\junit\vintage\junit-vintage-engine\5.8.2\junit-vintage-engine-5.8.2.jar;C:\Users\Wilda Agil Nurikhrom\.m2\repository\junit\junit\4.13.2\junit-4.13.2.jar;C:\Users\Wilda Agil Nurikhrom\.m2\repository\org\hamcrest\hamcrest-core\1.3\hamcrest-core-1.3.jar;C:\Users\Wilda Agil Nurikhrom\.m2\repository\ch\qos\logback\logback-classic\1.2.10\logback-classic-1.2.10.jar;C:\Users\Wilda Agil Nurikhrom\.m2\repository\ch\qos\logback\logback-core\1.2.10\logback-core-1.2.10.jar;C:\Users\Wilda Agil Nurikhrom\.m2\repository\org\slf4j\slf4j-api\1.7.32\slf4j-api-1.7.32.jar;C:\Users\Wilda Agil Nurikhrom\.m2\repository\org\assertj\assertj-core\3.6.2\assertj-core-3.6.2.jar;"/>
    <property name="java.vm.vendor" value="Oracle Corporation"/>
    <property name="sun.arch.data.model" value="64"/>
    <property name="user.variant" value=""/>
    <property name="java.vendor.url" value="https://openjdk.java.net/"/>
    <property name="user.timezone" value="Asia/Bangkok"/>
    <property name="log4j2.formatMsgNoLookups" value="true"/>
    <property name="java.vm.specification.version" value="11"/>
    <property name="os.name" value="Windows 10"/>
    <property name="sun.java.launcher" value="SUN_STANDARD"/>
    <property name="user.country" value="US"/>
    <property name="sun.boot.library.path" value="C:\Program Files\Java\jdk-11.0.16\bin"/>
    <property name="sun.java.command" value="org.apache.maven.surefire.booter.ForkedBooter C:\Users\Wilda Agil Nurikhrom\AppData\Local\Temp\surefire8029927455794622899 2023-11-01T11-20-40_590-jvmRun1 surefire11494759687896396429tmp surefire_03578155164503801821tmp"/>
    <property name="jdk.debug" value="release"/>
    <property name="surefire.test.class.path" value="C:\Users\Wilda Agil Nurikhrom\IdeaProjects\SiaUMB\target\test-classes;C:\Users\Wilda Agil Nurikhrom\.m2\repository\net\serenity-bdd\serenity-core\3.2.1\serenity-core-3.2.1.jar;C:\Users\Wilda Agil Nurikhrom\.m2\repository\net\serenity-bdd\serenity-model\3.2.1\serenity-model-3.2.1.jar;C:\Users\Wilda Agil Nurikhrom\.m2\repository\org\apache\commons\commons-text\1.9\commons-text-1.9.jar;C:\Users\Wilda Agil Nurikhrom\.m2\repository\commons-net\commons-net\3.8.0\commons-net-3.8.0.jar;C:\Users\Wilda Agil Nurikhrom\.m2\repository\com\google\guava\guava\31.1-jre\guava-31.1-jre.jar;C:\Users\Wilda Agil Nurikhrom\.m2\repository\com\google\guava\failureaccess\1.0.1\failureaccess-1.0.1.jar;C:\Users\Wilda Agil Nurikhrom\.m2\repository\com\google\guava\listenablefuture\9999.0-empty-to-avoid-conflict-with-guava\listenablefuture-9999.0-empty-to-avoid-conflict-with-guava.jar;C:\Users\Wilda Agil Nurikhrom\.m2\repository\com\google\code\findbugs\jsr305\3.0.2\jsr305-3.0.2.jar;C:\Users\Wilda Agil Nurikhrom\.m2\repository\org\checkerframework\checker-qual\3.12.0\checker-qual-3.12.0.jar;C:\Users\Wilda Agil Nurikhrom\.m2\repository\com\google\errorprone\error_prone_annotations\2.11.0\error_prone_annotations-2.11.0.jar;C:\Users\Wilda Agil Nurikhrom\.m2\repository\com\google\j2objc\j2objc-annotations\1.3\j2objc-annotations-1.3.jar;C:\Users\Wilda Agil Nurikhrom\.m2\repository\com\google\inject\guice\5.1.0\guice-5.1.0.jar;C:\Users\Wilda Agil Nurikhrom\.m2\repository\javax\inject\javax.inject\1\javax.inject-1.jar;C:\Users\Wilda Agil Nurikhrom\.m2\repository\aopalliance\aopalliance\1.0\aopalliance-1.0.jar;C:\Users\Wilda Agil Nurikhrom\.m2\repository\org\jsoup\jsoup\1.14.3\jsoup-1.14.3.jar;C:\Users\Wilda Agil Nurikhrom\.m2\repository\com\thoughtworks\xstream\xstream\1.4.19\xstream-1.4.19.jar;C:\Users\Wilda Agil Nurikhrom\.m2\repository\io\github\x-stream\mxparser\1.2.2\mxparser-1.2.2.jar;C:\Users\Wilda Agil Nurikhrom\.m2\repository\xmlpull\xmlpull\1.1.3.1\xmlpull-1.1.3.1.jar;C:\Users\Wilda Agil Nurikhrom\.m2\repository\io\cucumber\cucumber-java\7.2.3\cucumber-java-7.2.3.jar;C:\Users\Wilda Agil Nurikhrom\.m2\repository\com\typesafe\config\1.4.2\config-1.4.2.jar;C:\Users\Wilda Agil Nurikhrom\.m2\repository\org\imgscalr\imgscalr-lib\4.2\imgscalr-lib-4.2.jar;C:\Users\Wilda Agil Nurikhrom\.m2\repository\org\awaitility\awaitility\4.2.0\awaitility-4.2.0.jar;C:\Users\Wilda Agil Nurikhrom\.m2\repository\org\freemarker\freemarker\2.3.31\freemarker-2.3.31.jar;C:\Users\Wilda Agil Nurikhrom\.m2\repository\io\github\classgraph\classgraph\4.8.138\classgraph-4.8.138.jar;C:\Users\Wilda Agil Nurikhrom\.m2\repository\net\sourceforge\jexcelapi\jxl\2.6.12\jxl-2.6.12.jar;C:\Users\Wilda Agil Nurikhrom\.m2\repository\net\bytebuddy\byte-buddy\1.12.8\byte-buddy-1.12.8.jar;C:\Users\Wilda Agil Nurikhrom\.m2\repository\net\bytebuddy\byte-buddy-agent\1.12.8\byte-buddy-agent-1.12.8.jar;C:\Users\Wilda Agil Nurikhrom\.m2\repository\org\objenesis\objenesis\3.1\objenesis-3.1.jar;C:\Users\Wilda Agil Nurikhrom\.m2\repository\net\serenity-bdd\serenity-reports\3.2.1\serenity-reports-3.2.1.jar;C:\Users\Wilda Agil Nurikhrom\.m2\repository\net\serenity-bdd\serenity-stats\3.2.1\serenity-stats-3.2.1.jar;C:\Users\Wilda Agil Nurikhrom\.m2\repository\net\serenity-bdd\serenity-reports-configuration\3.2.1\serenity-reports-configuration-3.2.1.jar;C:\Users\Wilda Agil Nurikhrom\.m2\repository\com\vladsch\flexmark\flexmark-all\0.34.30\flexmark-all-0.34.30.jar;C:\Users\Wilda Agil Nurikhrom\.m2\repository\com\vladsch\flexmark\flexmark\0.34.30\flexmark-0.34.30.jar;C:\Users\Wilda Agil Nurikhrom\.m2\repository\com\vladsch\flexmark\flexmark-ext-abbreviation\0.34.30\flexmark-ext-abbreviation-0.34.30.jar;C:\Users\Wilda Agil Nurikhrom\.m2\repository\com\vladsch\flexmark\flexmark-ext-admonition\0.34.30\flexmark-ext-admonition-0.34.30.jar;C:\Users\Wilda Agil Nurikhrom\.m2\repository\com\vladsch\flexmark\flexmark-ext-anchorlink\0.34.30\flexmark-ext-anchorlink-0.34.30.jar;C:\Users\Wilda Agil Nurikhrom\.m2\repository\com\vladsch\flexmark\flexmark-ext-aside\0.34.30\flexmark-ext-aside-0.34.30.jar;C:\Users\Wilda Agil Nurikhrom\.m2\repository\com\vladsch\flexmark\flexmark-ext-attributes\0.34.30\flexmark-ext-attributes-0.34.30.jar;C:\Users\Wilda Agil Nurikhrom\.m2\repository\com\vladsch\flexmark\flexmark-ext-autolink\0.34.30\flexmark-ext-autolink-0.34.30.jar;C:\Users\Wilda Agil Nurikhrom\.m2\repository\org\nibor\autolink\autolink\0.6.0\autolink-0.6.0.jar;C:\Users\Wilda Agil Nurikhrom\.m2\repository\com\vladsch\flexmark\flexmark-ext-definition\0.34.30\flexmark-ext-definition-0.34.30.jar;C:\Users\Wilda Agil Nurikhrom\.m2\repository\com\vladsch\flexmark\flexmark-ext-emoji\0.34.30\flexmark-ext-emoji-0.34.30.jar;C:\Users\Wilda Agil Nurikhrom\.m2\repository\com\vladsch\flexmark\flexmark-ext-enumerated-reference\0.34.30\flexmark-ext-enumerated-reference-0.34.30.jar;C:\Users\Wilda Agil Nurikhrom\.m2\repository\com\vladsch\flexmark\flexmark-ext-escaped-character\0.34.30\flexmark-ext-escaped-character-0.34.30.jar;C:\Users\Wilda Agil Nurikhrom\.m2\repository\com\vladsch\flexmark\flexmark-ext-footnotes\0.34.30\flexmark-ext-footnotes-0.34.30.jar;C:\Users\Wilda Agil Nurikhrom\.m2\repository\com\vladsch\flexmark\flexmark-ext-gfm-issues\0.34.30\flexmark-ext-gfm-issues-0.34.30.jar;C:\Users\Wilda Agil Nurikhrom\.m2\repository\com\vladsch\flexmark\flexmark-ext-gfm-strikethrough\0.34.30\flexmark-ext-gfm-strikethrough-0.34.30.jar;C:\Users\Wilda Agil Nurikhrom\.m2\repository\com\vladsch\flexmark\flexmark-ext-gfm-tables\0.34.30\flexmark-ext-gfm-tables-0.34.30.jar;C:\Users\Wilda Agil Nurikhrom\.m2\repository\com\vladsch\flexmark\flexmark-ext-gfm-tasklist\0.34.30\flexmark-ext-gfm-tasklist-0.34.30.jar;C:\Users\Wilda Agil Nurikhrom\.m2\repository\com\vladsch\flexmark\flexmark-ext-gfm-users\0.34.30\flexmark-ext-gfm-users-0.34.30.jar;C:\Users\Wilda Agil Nurikhrom\.m2\repository\com\vladsch\flexmark\flexmark-ext-gitlab\0.34.30\flexmark-ext-gitlab-0.34.30.jar;C:\Users\Wilda Agil Nurikhrom\.m2\repository\com\vladsch\flexmark\flexmark-ext-jekyll-front-matter\0.34.30\flexmark-ext-jekyll-front-matter-0.34.30.jar;C:\Users\Wilda Agil Nurikhrom\.m2\repository\com\vladsch\flexmark\flexmark-ext-jekyll-tag\0.34.30\flexmark-ext-jekyll-tag-0.34.30.jar;C:\Users\Wilda Agil Nurikhrom\.m2\repository\com\vladsch\flexmark\flexmark-ext-media-tags\0.34.30\flexmark-ext-media-tags-0.34.30.jar;C:\Users\Wilda Agil Nurikhrom\.m2\repository\com\vladsch\flexmark\flexmark-test-util\0.34.30\flexmark-test-util-0.34.30.jar;C:\Users\Wilda Agil Nurikhrom\.m2\repository\com\vladsch\flexmark\flexmark-ext-ins\0.34.30\flexmark-ext-ins-0.34.30.jar;C:\Users\Wilda Agil Nurikhrom\.m2\repository\com\vladsch\flexmark\flexmark-ext-xwiki-macros\0.34.30\flexmark-ext-xwiki-macros-0.34.30.jar;C:\Users\Wilda Agil Nurikhrom\.m2\repository\com\vladsch\flexmark\flexmark-ext-superscript\0.34.30\flexmark-ext-superscript-0.34.30.jar;C:\Users\Wilda Agil Nurikhrom\.m2\repository\com\vladsch\flexmark\flexmark-ext-tables\0.34.30\flexmark-ext-tables-0.34.30.jar;C:\Users\Wilda Agil Nurikhrom\.m2\repository\com\vladsch\flexmark\flexmark-ext-toc\0.34.30\flexmark-ext-toc-0.34.30.jar;C:\Users\Wilda Agil Nurikhrom\.m2\repository\com\vladsch\flexmark\flexmark-ext-typographic\0.34.30\flexmark-ext-typographic-0.34.30.jar;C:\Users\Wilda Agil Nurikhrom\.m2\repository\com\vladsch\flexmark\flexmark-ext-wikilink\0.34.30\flexmark-ext-wikilink-0.34.30.jar;C:\Users\Wilda Agil Nurikhrom\.m2\repository\com\vladsch\flexmark\flexmark-ext-yaml-front-matter\0.34.30\flexmark-ext-yaml-front-matter-0.34.30.jar;C:\Users\Wilda Agil Nurikhrom\.m2\repository\com\vladsch\flexmark\flexmark-ext-youtube-embedded\0.34.30\flexmark-ext-youtube-embedded-0.34.30.jar;C:\Users\Wilda Agil Nurikhrom\.m2\repository\com\vladsch\flexmark\flexmark-formatter\0.34.30\flexmark-formatter-0.34.30.jar;C:\Users\Wilda Agil Nurikhrom\.m2\repository\com\vladsch\flexmark\flexmark-html-parser\0.34.30\flexmark-html-parser-0.34.30.jar;C:\Users\Wilda Agil Nurikhrom\.m2\repository\com\vladsch\flexmark\flexmark-jira-converter\0.34.30\flexmark-jira-converter-0.34.30.jar;C:\Users\Wilda Agil Nurikhrom\.m2\repository\com\vladsch\flexmark\flexmark-pdf-converter\0.34.30\flexmark-pdf-converter-0.34.30.jar;C:\Users\Wilda Agil Nurikhrom\.m2\repository\com\openhtmltopdf\openhtmltopdf-core\0.0.1-RC13\openhtmltopdf-core-0.0.1-RC13.jar;C:\Users\Wilda Agil Nurikhrom\.m2\repository\com\openhtmltopdf\openhtmltopdf-pdfbox\0.0.1-RC13\openhtmltopdf-pdfbox-0.0.1-RC13.jar;C:\Users\Wilda Agil Nurikhrom\.m2\repository\org\apache\pdfbox\pdfbox\2.0.8\pdfbox-2.0.8.jar;C:\Users\Wilda Agil Nurikhrom\.m2\repository\org\apache\pdfbox\fontbox\2.0.8\fontbox-2.0.8.jar;C:\Users\Wilda Agil Nurikhrom\.m2\repository\commons-logging\commons-logging\1.2\commons-logging-1.2.jar;C:\Users\Wilda Agil Nurikhrom\.m2\repository\org\apache\pdfbox\xmpbox\2.0.8\xmpbox-2.0.8.jar;C:\Users\Wilda Agil Nurikhrom\.m2\repository\de\rototor\pdfbox\graphics2d\0.12\graphics2d-0.12.jar;C:\Users\Wilda Agil Nurikhrom\.m2\repository\com\openhtmltopdf\openhtmltopdf-rtl-support\0.0.1-RC13\openhtmltopdf-rtl-support-0.0.1-RC13.jar;C:\Users\Wilda Agil Nurikhrom\.m2\repository\com\ibm\icu\icu4j\59.1\icu4j-59.1.jar;C:\Users\Wilda Agil Nurikhrom\.m2\repository\com\openhtmltopdf\openhtmltopdf-jsoup-dom-converter\0.0.1-RC13\openhtmltopdf-jsoup-dom-converter-0.0.1-RC13.jar;C:\Users\Wilda Agil Nurikhrom\.m2\repository\com\vladsch\flexmark\flexmark-profile-pegdown\0.34.30\flexmark-profile-pegdown-0.34.30.jar;C:\Users\Wilda Agil Nurikhrom\.m2\repository\com\vladsch\flexmark\flexmark-util\0.34.30\flexmark-util-0.34.30.jar;C:\Users\Wilda Agil Nurikhrom\.m2\repository\com\vladsch\flexmark\flexmark-youtrack-converter\0.34.30\flexmark-youtrack-converter-0.34.30.jar;C:\Users\Wilda Agil Nurikhrom\.m2\repository\es\nitaur\markdown\txtmark\0.16\txtmark-0.16.jar;C:\Users\Wilda Agil Nurikhrom\.m2\repository\net\serenity-bdd\serenity-report-resources\3.2.1\serenity-report-resources-3.2.1.jar;C:\Users\Wilda Agil Nurikhrom\.m2\repository\com\google\code\gson\gson\2.9.0\gson-2.9.0.jar;C:\Users\Wilda Agil Nurikhrom\.m2\repository\com\fasterxml\jackson\core\jackson-core\2.13.2\jackson-core-2.13.2.jar;C:\Users\Wilda Agil Nurikhrom\.m2\repository\com\fasterxml\jackson\core\jackson-databind\2.13.2\jackson-databind-2.13.2.jar;C:\Users\Wilda Agil Nurikhrom\.m2\repository\com\fasterxml\jackson\core\jackson-annotations\2.13.2\jackson-annotations-2.13.2.jar;C:\Users\Wilda Agil Nurikhrom\.m2\repository\commons-codec\commons-codec\1.15\commons-codec-1.15.jar;C:\Users\Wilda Agil Nurikhrom\.m2\repository\commons-io\commons-io\2.11.0\commons-io-2.11.0.jar;C:\Users\Wilda Agil Nurikhrom\.m2\repository\org\seleniumhq\selenium\selenium-java\4.1.2\selenium-java-4.1.2.jar;C:\Users\Wilda Agil Nurikhrom\.m2\repository\org\seleniumhq\selenium\selenium-devtools-v85\4.1.2\selenium-devtools-v85-4.1.2.jar;C:\Users\Wilda Agil Nurikhrom\.m2\repository\org\seleniumhq\selenium\selenium-devtools-v95\4.1.2\selenium-devtools-v95-4.1.2.jar;C:\Users\Wilda Agil Nurikhrom\.m2\repository\org\seleniumhq\selenium\selenium-devtools-v96\4.1.2\selenium-devtools-v96-4.1.2.jar;C:\Users\Wilda Agil Nurikhrom\.m2\repository\org\seleniumhq\selenium\selenium-devtools-v97\4.1.2\selenium-devtools-v97-4.1.2.jar;C:\Users\Wilda Agil Nurikhrom\.m2\repository\org\seleniumhq\selenium\selenium-firefox-xpi-driver\4.1.2\selenium-firefox-xpi-driver-4.1.2.jar;C:\Users\Wilda Agil Nurikhrom\.m2\repository\org\seleniumhq\selenium\selenium-opera-driver\4.1.2\selenium-opera-driver-4.1.2.jar;C:\Users\Wilda Agil Nurikhrom\.m2\repository\org\seleniumhq\selenium\selenium-remote-driver\4.1.2\selenium-remote-driver-4.1.2.jar;C:\Users\Wilda Agil Nurikhrom\.m2\repository\com\beust\jcommander\1.82\jcommander-1.82.jar;C:\Users\Wilda Agil Nurikhrom\.m2\repository\io\netty\netty-buffer\4.1.73.Final\netty-buffer-4.1.73.Final.jar;C:\Users\Wilda Agil Nurikhrom\.m2\repository\io\netty\netty-codec-http\4.1.73.Final\netty-codec-http-4.1.73.Final.jar;C:\Users\Wilda Agil Nurikhrom\.m2\repository\io\netty\netty-codec\4.1.73.Final\netty-codec-4.1.73.Final.jar;C:\Users\Wilda Agil Nurikhrom\.m2\repository\io\netty\netty-handler\4.1.73.Final\netty-handler-4.1.73.Final.jar;C:\Users\Wilda Agil Nurikhrom\.m2\repository\io\netty\netty-tcnative-classes\2.0.46.Final\netty-tcnative-classes-2.0.46.Final.jar;C:\Users\Wilda Agil Nurikhrom\.m2\repository\io\netty\netty-common\4.1.73.Final\netty-common-4.1.73.Final.jar;C:\Users\Wilda Agil Nurikhrom\.m2\repository\io\netty\netty-transport-classes-epoll\4.1.73.Final\netty-transport-classes-epoll-4.1.73.Final.jar;C:\Users\Wilda Agil Nurikhrom\.m2\repository\io\netty\netty-transport-classes-kqueue\4.1.73.Final\netty-transport-classes-kqueue-4.1.73.Final.jar;C:\Users\Wilda Agil Nurikhrom\.m2\repository\io\netty\netty-transport-native-epoll\4.1.73.Final\netty-transport-native-epoll-4.1.73.Final.jar;C:\Users\Wilda Agil Nurikhrom\.m2\repository\io\netty\netty-transport-native-kqueue\4.1.73.Final\netty-transport-native-kqueue-4.1.73.Final.jar;C:\Users\Wilda Agil Nurikhrom\.m2\repository\io\netty\netty-transport-native-unix-common\4.1.73.Final\netty-transport-native-unix-common-4.1.73.Final.jar;C:\Users\Wilda Agil Nurikhrom\.m2\repository\io\netty\netty-transport\4.1.73.Final\netty-transport-4.1.73.Final.jar;C:\Users\Wilda Agil Nurikhrom\.m2\repository\io\netty\netty-resolver\4.1.73.Final\netty-resolver-4.1.73.Final.jar;C:\Users\Wilda Agil Nurikhrom\.m2\repository\io\opentelemetry\opentelemetry-api\1.10.1\opentelemetry-api-1.10.1.jar;C:\Users\Wilda Agil Nurikhrom\.m2\repository\io\opentelemetry\opentelemetry-context\1.10.1\opentelemetry-context-1.10.1.jar;C:\Users\Wilda Agil Nurikhrom\.m2\repository\io\opentelemetry\opentelemetry-exporter-logging\1.10.1\opentelemetry-exporter-logging-1.10.1.jar;C:\Users\Wilda Agil Nurikhrom\.m2\repository\io\opentelemetry\opentelemetry-sdk-metrics\1.10.1-alpha\opentelemetry-sdk-metrics-1.10.1-alpha.jar;C:\Users\Wilda Agil Nurikhrom\.m2\repository\io\opentelemetry\opentelemetry-sdk-logs\1.10.1-alpha\opentelemetry-sdk-logs-1.10.1-alpha.jar;C:\Users\Wilda Agil Nurikhrom\.m2\repository\io\opentelemetry\opentelemetry-sdk-common\1.10.1\opentelemetry-sdk-common-1.10.1.jar;C:\Users\Wilda Agil Nurikhrom\.m2\repository\io\opentelemetry\opentelemetry-sdk-extension-autoconfigure-spi\1.10.1\opentelemetry-sdk-extension-autoconfigure-spi-1.10.1.jar;C:\Users\Wilda Agil Nurikhrom\.m2\repository\io\opentelemetry\opentelemetry-sdk-extension-autoconfigure\1.10.1-alpha\opentelemetry-sdk-extension-autoconfigure-1.10.1-alpha.jar;C:\Users\Wilda Agil Nurikhrom\.m2\repository\io\opentelemetry\opentelemetry-sdk-trace\1.10.1\opentelemetry-sdk-trace-1.10.1.jar;C:\Users\Wilda Agil Nurikhrom\.m2\repository\io\opentelemetry\opentelemetry-sdk\1.10.1\opentelemetry-sdk-1.10.1.jar;C:\Users\Wilda Agil Nurikhrom\.m2\repository\io\opentelemetry\opentelemetry-semconv\1.10.1-alpha\opentelemetry-semconv-1.10.1-alpha.jar;C:\Users\Wilda Agil Nurikhrom\.m2\repository\io\ous\jtoml\2.0.0\jtoml-2.0.0.jar;C:\Users\Wilda Agil Nurikhrom\.m2\repository\org\apache\commons\commons-exec\1.3\commons-exec-1.3.jar;C:\Users\Wilda Agil Nurikhrom\.m2\repository\org\asynchttpclient\async-http-client\2.12.3\async-http-client-2.12.3.jar;C:\Users\Wilda Agil Nurikhrom\.m2\repository\org\asynchttpclient\async-http-client-netty-utils\2.12.3\async-http-client-netty-utils-2.12.3.jar;C:\Users\Wilda Agil Nurikhrom\.m2\repository\io\netty\netty-codec-socks\4.1.60.Final\netty-codec-socks-4.1.60.Final.jar;C:\Users\Wilda Agil Nurikhrom\.m2\repository\io\netty\netty-handler-proxy\4.1.60.Final\netty-handler-proxy-4.1.60.Final.jar;C:\Users\Wilda Agil Nurikhrom\.m2\repository\io\netty\netty-transport-native-epoll\4.1.60.Final\netty-transport-native-epoll-4.1.60.Final-linux-x86_64.jar;C:\Users\Wilda Agil Nurikhrom\.m2\repository\io\netty\netty-transport-native-kqueue\4.1.60.Final\netty-transport-native-kqueue-4.1.60.Final-osx-x86_64.jar;C:\Users\Wilda Agil Nurikhrom\.m2\repository\org\reactivestreams\reactive-streams\1.0.3\reactive-streams-1.0.3.jar;C:\Users\Wilda Agil Nurikhrom\.m2\repository\com\typesafe\netty\netty-reactive-streams\2.0.4\netty-reactive-streams-2.0.4.jar;C:\Users\Wilda Agil Nurikhrom\.m2\repository\org\seleniumhq\selenium\selenium-http\4.1.2\selenium-http-4.1.2.jar;C:\Users\Wilda Agil Nurikhrom\.m2\repository\net\jodah\failsafe\2.4.4\failsafe-2.4.4.jar;C:\Users\Wilda Agil Nurikhrom\.m2\repository\org\seleniumhq\selenium\selenium-safari-driver\4.1.2\selenium-safari-driver-4.1.2.jar;C:\Users\Wilda Agil Nurikhrom\.m2\repository\org\seleniumhq\selenium\selenium-api\4.1.2\selenium-api-4.1.2.jar;C:\Users\Wilda Agil Nurikhrom\.m2\repository\org\seleniumhq\selenium\selenium-support\4.1.2\selenium-support-4.1.2.jar;C:\Users\Wilda Agil Nurikhrom\.m2\repository\com\google\auto\service\auto-service-annotations\1.0.1\auto-service-annotations-1.0.1.jar;C:\Users\Wilda Agil Nurikhrom\.m2\repository\com\google\auto\service\auto-service\1.0.1\auto-service-1.0.1.jar;C:\Users\Wilda Agil Nurikhrom\.m2\repository\com\google\auto\auto-common\1.2\auto-common-1.2.jar;C:\Users\Wilda Agil Nurikhrom\.m2\repository\org\seleniumhq\selenium\selenium-json\4.1.2\selenium-json-4.1.2.jar;C:\Users\Wilda Agil Nurikhrom\.m2\repository\org\seleniumhq\selenium\selenium-chrome-driver\4.1.2\selenium-chrome-driver-4.1.2.jar;C:\Users\Wilda Agil Nurikhrom\.m2\repository\org\seleniumhq\selenium\selenium-chromium-driver\4.1.2\selenium-chromium-driver-4.1.2.jar;C:\Users\Wilda Agil Nurikhrom\.m2\repository\org\seleniumhq\selenium\selenium-firefox-driver\4.1.2\selenium-firefox-driver-4.1.2.jar;C:\Users\Wilda Agil Nurikhrom\.m2\repository\org\seleniumhq\selenium\selenium-edge-driver\4.1.2\selenium-edge-driver-4.1.2.jar;C:\Users\Wilda Agil Nurikhrom\.m2\repository\org\seleniumhq\selenium\selenium-ie-driver\4.1.2\selenium-ie-driver-4.1.2.jar;C:\Users\Wilda Agil Nurikhrom\.m2\repository\org\projectlombok\lombok\1.18.20\lombok-1.18.20.jar;C:\Users\Wilda Agil Nurikhrom\.m2\repository\io\appium\java-client\8.0.0\java-client-8.0.0.jar;C:\Users\Wilda Agil Nurikhrom\.m2\repository\commons-validator\commons-validator\1.7\commons-validator-1.7.jar;C:\Users\Wilda Agil Nurikhrom\.m2\repository\commons-digester\commons-digester\2.1\commons-digester-2.1.jar;C:\Users\Wilda Agil Nurikhrom\.m2\repository\org\aspectj\aspectjweaver\1.9.8\aspectjweaver-1.9.8.jar;C:\Users\Wilda Agil Nurikhrom\.m2\repository\org\codehaus\groovy\groovy\3.0.10\groovy-3.0.10.jar;C:\Users\Wilda Agil Nurikhrom\.m2\repository\net\sf\opencsv\opencsv\2.0\opencsv-2.0.jar;C:\Users\Wilda Agil Nurikhrom\.m2\repository\commons-beanutils\commons-beanutils\1.9.4\commons-beanutils-1.9.4.jar;C:\Users\Wilda Agil Nurikhrom\.m2\repository\org\apache\commons\commons-lang3\3.12.0\commons-lang3-3.12.0.jar;C:\Users\Wilda Agil Nurikhrom\.m2\repository\commons-collections\commons-collections\3.2.2\commons-collections-3.2.2.jar;C:\Users\Wilda Agil Nurikhrom\.m2\repository\org\fluentlenium\fluentlenium-core\0.10.2\fluentlenium-core-0.10.2.jar;C:\Users\Wilda Agil Nurikhrom\.m2\repository\io\github\bonigarcia\webdrivermanager\5.1.0\webdrivermanager-5.1.0.jar;C:\Users\Wilda Agil Nurikhrom\.m2\repository\com\github\docker-java\docker-java\3.2.13\docker-java-3.2.13.jar;C:\Users\Wilda Agil Nurikhrom\.m2\repository\com\github\docker-java\docker-java-core\3.2.13\docker-java-core-3.2.13.jar;C:\Users\Wilda Agil Nurikhrom\.m2\repository\com\github\docker-java\docker-java-api\3.2.13\docker-java-api-3.2.13.jar;C:\Users\Wilda Agil Nurikhrom\.m2\repository\org\apache\commons\commons-compress\1.21\commons-compress-1.21.jar;C:\Users\Wilda Agil Nurikhrom\.m2\repository\org\bouncycastle\bcpkix-jdk15on\1.64\bcpkix-jdk15on-1.64.jar;C:\Users\Wilda Agil Nurikhrom\.m2\repository\org\bouncycastle\bcprov-jdk15on\1.64\bcprov-jdk15on-1.64.jar;C:\Users\Wilda Agil Nurikhrom\.m2\repository\org\slf4j\jcl-over-slf4j\1.7.30\jcl-over-slf4j-1.7.30.jar;C:\Users\Wilda Agil Nurikhrom\.m2\repository\com\github\docker-java\docker-java-transport-httpclient5\3.2.13\docker-java-transport-httpclient5-3.2.13.jar;C:\Users\Wilda Agil Nurikhrom\.m2\repository\com\github\docker-java\docker-java-transport\3.2.13\docker-java-transport-3.2.13.jar;C:\Users\Wilda Agil Nurikhrom\.m2\repository\org\apache\httpcomponents\client5\httpclient5\5.0.3\httpclient5-5.0.3.jar;C:\Users\Wilda Agil Nurikhrom\.m2\repository\org\apache\httpcomponents\core5\httpcore5\5.0.2\httpcore5-5.0.2.jar;C:\Users\Wilda Agil Nurikhrom\.m2\repository\net\java\dev\jna\jna\5.8.0\jna-5.8.0.jar;C:\Users\Wilda Agil Nurikhrom\.m2\repository\org\brotli\dec\0.1.2\dec-0.1.2.jar;C:\Users\Wilda Agil Nurikhrom\.m2\repository\com\jhlabs\filters\2.0.235\filters-2.0.235.jar;C:\Users\Wilda Agil Nurikhrom\.m2\repository\com\paulhammant\ngwebdriver\1.1.6\ngwebdriver-1.1.6.jar;C:\Users\Wilda Agil Nurikhrom\.m2\repository\joda-time\joda-time\2.8.2\joda-time-2.8.2.jar;C:\Users\Wilda Agil Nurikhrom\.m2\repository\org\hamcrest\hamcrest\2.2\hamcrest-2.2.jar;C:\Users\Wilda Agil Nurikhrom\.m2\repository\com\google\jimfs\jimfs\1.2\jimfs-1.2.jar;C:\Users\Wilda Agil Nurikhrom\.m2\repository\org\mockito\mockito-core\3.3.3\mockito-core-3.3.3.jar;C:\Users\Wilda Agil Nurikhrom\.m2\repository\javax\xml\bind\jaxb-api\2.3.1\jaxb-api-2.3.1.jar;C:\Users\Wilda Agil Nurikhrom\.m2\repository\javax\activation\javax.activation-api\1.2.0\javax.activation-api-1.2.0.jar;C:\Users\Wilda Agil Nurikhrom\.m2\repository\com\sun\xml\bind\jaxb-core\2.3.0.1\jaxb-core-2.3.0.1.jar;C:\Users\Wilda Agil Nurikhrom\.m2\repository\com\sun\xml\bind\jaxb-impl\2.3.3\jaxb-impl-2.3.3.jar;C:\Users\Wilda Agil Nurikhrom\.m2\repository\jakarta\xml\bind\jakarta.xml.bind-api\2.3.3\jakarta.xml.bind-api-2.3.3.jar;C:\Users\Wilda Agil Nurikhrom\.m2\repository\com\sun\activation\jakarta.activation\1.2.2\jakarta.activation-1.2.2.jar;C:\Users\Wilda Agil Nurikhrom\.m2\repository\javax\activation\activation\1.1.1\activation-1.1.1.jar;C:\Users\Wilda Agil Nurikhrom\.m2\repository\net\serenity-bdd\serenity-cucumber\3.2.1\serenity-cucumber-3.2.1.jar;C:\Users\Wilda Agil Nurikhrom\.m2\repository\io\cucumber\cucumber-core\7.2.3\cucumber-core-7.2.3.jar;C:\Users\Wilda Agil Nurikhrom\.m2\repository\io\cucumber\cucumber-gherkin\7.2.3\cucumber-gherkin-7.2.3.jar;C:\Users\Wilda Agil Nurikhrom\.m2\repository\io\cucumber\cucumber-gherkin-messages\7.2.3\cucumber-gherkin-messages-7.2.3.jar;C:\Users\Wilda Agil Nurikhrom\.m2\repository\io\cucumber\messages\17.1.1\messages-17.1.1.jar;C:\Users\Wilda Agil Nurikhrom\.m2\repository\io\cucumber\tag-expressions\4.1.0\tag-expressions-4.1.0.jar;C:\Users\Wilda Agil Nurikhrom\.m2\repository\io\cucumber\cucumber-expressions\15.0.1\cucumber-expressions-15.0.1.jar;C:\Users\Wilda Agil Nurikhrom\.m2\repository\io\cucumber\datatable\7.2.3\datatable-7.2.3.jar;C:\Users\Wilda Agil Nurikhrom\.m2\repository\io\cucumber\cucumber-plugin\7.2.3\cucumber-plugin-7.2.3.jar;C:\Users\Wilda Agil Nurikhrom\.m2\repository\io\cucumber\docstring\7.2.3\docstring-7.2.3.jar;C:\Users\Wilda Agil Nurikhrom\.m2\repository\io\cucumber\html-formatter\17.0.0\html-formatter-17.0.0.jar;C:\Users\Wilda Agil Nurikhrom\.m2\repository\io\cucumber\ci-environment\8.1.0\ci-environment-8.1.0.jar;C:\Users\Wilda Agil Nurikhrom\.m2\repository\io\cucumber\cucumber-junit\7.2.3\cucumber-junit-7.2.3.jar;C:\Users\Wilda Agil Nurikhrom\.m2\repository\org\apache\commons\commons-csv\1.5\commons-csv-1.5.jar;C:\Users\Wilda Agil Nurikhrom\.m2\repository\net\serenity-bdd\serenity-screenplay\3.2.1\serenity-screenplay-3.2.1.jar;C:\Users\Wilda Agil Nurikhrom\.m2\repository\net\serenity-bdd\serenity-screenplay-webdriver\3.2.1\serenity-screenplay-webdriver-3.2.1.jar;C:\Users\Wilda Agil Nurikhrom\.m2\repository\net\serenity-bdd\serenity-ensure\3.2.1\serenity-ensure-3.2.1.jar;C:\Users\Wilda Agil Nurikhrom\.m2\repository\net\serenity-bdd\serenity-junit\3.2.1\serenity-junit-3.2.1.jar;C:\Users\Wilda Agil Nurikhrom\.m2\repository\org\jetbrains\kotlin\kotlin-stdlib\1.6.0\kotlin-stdlib-1.6.0.jar;C:\Users\Wilda Agil Nurikhrom\.m2\repository\org\jetbrains\annotations\13.0\annotations-13.0.jar;C:\Users\Wilda Agil Nurikhrom\.m2\repository\org\jetbrains\kotlin\kotlin-stdlib-common\1.6.0\kotlin-stdlib-common-1.6.0.jar;C:\Users\Wilda Agil Nurikhrom\.m2\repository\org\junit\platform\junit-platform-launcher\1.8.1\junit-platform-launcher-1.8.1.jar;C:\Users\Wilda Agil Nurikhrom\.m2\repository\org\junit\platform\junit-platform-engine\1.8.1\junit-platform-engine-1.8.1.jar;C:\Users\Wilda Agil Nurikhrom\.m2\repository\org\opentest4j\opentest4j\1.2.0\opentest4j-1.2.0.jar;C:\Users\Wilda Agil Nurikhrom\.m2\repository\org\junit\platform\junit-platform-commons\1.8.1\junit-platform-commons-1.8.1.jar;C:\Users\Wilda Agil Nurikhrom\.m2\repository\org\apiguardian\apiguardian-api\1.1.2\apiguardian-api-1.1.2.jar;C:\Users\Wilda Agil Nurikhrom\.m2\repository\org\junit\jupiter\junit-jupiter-engine\5.8.2\junit-jupiter-engine-5.8.2.jar;C:\Users\Wilda Agil Nurikhrom\.m2\repository\org\junit\jupiter\junit-jupiter-api\5.8.2\junit-jupiter-api-5.8.2.jar;C:\Users\Wilda Agil Nurikhrom\.m2\repository\org\junit\vintage\junit-vintage-engine\5.8.2\junit-vintage-engine-5.8.2.jar;C:\Users\Wilda Agil Nurikhrom\.m2\repository\junit\junit\4.13.2\junit-4.13.2.jar;C:\Users\Wilda Agil Nurikhrom\.m2\repository\org\hamcrest\hamcrest-core\1.3\hamcrest-core-1.3.jar;C:\Users\Wilda Agil Nurikhrom\.m2\repository\ch\qos\logback\logback-classic\1.2.10\logback-classic-1.2.10.jar;C:\Users\Wilda Agil Nurikhrom\.m2\repository\ch\qos\logback\logback-core\1.2.10\logback-core-1.2.10.jar;C:\Users\Wilda Agil Nurikhrom\.m2\repository\org\slf4j\slf4j-api\1.7.32\slf4j-api-1.7.32.jar;C:\Users\Wilda Agil Nurikhrom\.m2\repository\org\assertj\assertj-core\3.6.2\assertj-core-3.6.2.jar;"/>
    <property name="sun.cpu.endian" value="little"/>
    <property name="user.home" value="C:\Users\Wilda Agil Nurikhrom"/>
    <property name="user.language" value="en"/>
    <property name="java.specification.vendor" value="Oracle Corporation"/>
    <property name="jdk.module.path" value="C:\Users\Wilda Agil Nurikhrom\IdeaProjects\SiaUMB\target\SiaUMB-1.0-SNAPSHOT.jar"/>
    <property name="java.version.date" value="2022-07-19"/>
    <property name="java.home" value="C:\Program Files\Java\jdk-11.0.16"/>
    <property name="file.separator" value="\"/>
    <property name="basedir" value="C:\Users\Wilda Agil Nurikhrom\IdeaProjects\SiaUMB"/>
    <property name="java.vm.compressedOopsMode" value="32-bit"/>
    <property name="line.separator" value="&#10;"/>
    <property name="java.specification.name" value="Java Platform API Specification"/>
    <property name="java.vm.specification.vendor" value="Oracle Corporation"/>
    <property name="java.awt.graphicsenv" value="sun.awt.Win32GraphicsEnvironment"/>
    <property name="surefire.real.class.path" value="C:\Users\Wilda Agil Nurikhrom\.m2\repository\org\apache\maven\surefire\surefire-booter\3.0.0-M5\surefire-booter-3.0.0-M5.jar;C:\Users\Wilda Agil Nurikhrom\.m2\repository\org\apache\maven\surefire\surefire-api\3.0.0-M5\surefire-api-3.0.0-M5.jar;C:\Users\Wilda Agil Nurikhrom\.m2\repository\org\apache\maven\surefire\surefire-logger-api\3.0.0-M5\surefire-logger-api-3.0.0-M5.jar;C:\Users\Wilda Agil Nurikhrom\.m2\repository\org\apache\maven\surefire\surefire-shared-utils\3.0.0-M4\surefire-shared-utils-3.0.0-M4.jar;C:\Users\Wilda Agil Nurikhrom\.m2\repository\org\apache\maven\surefire\surefire-extensions-spi\3.0.0-M5\surefire-extensions-spi-3.0.0-M5.jar;C:\Users\Wilda Agil Nurikhrom\IdeaProjects\SiaUMB\target\test-classes;C:\Users\Wilda Agil Nurikhrom\.m2\repository\net\serenity-bdd\serenity-core\3.2.1\serenity-core-3.2.1.jar;C:\Users\Wilda Agil Nurikhrom\.m2\repository\net\serenity-bdd\serenity-model\3.2.1\serenity-model-3.2.1.jar;C:\Users\Wilda Agil Nurikhrom\.m2\repository\org\apache\commons\commons-text\1.9\commons-text-1.9.jar;C:\Users\Wilda Agil Nurikhrom\.m2\repository\commons-net\commons-net\3.8.0\commons-net-3.8.0.jar;C:\Users\Wilda Agil Nurikhrom\.m2\repository\com\google\guava\guava\31.1-jre\guava-31.1-jre.jar;C:\Users\Wilda Agil Nurikhrom\.m2\repository\com\google\guava\failureaccess\1.0.1\failureaccess-1.0.1.jar;C:\Users\Wilda Agil Nurikhrom\.m2\repository\com\google\guava\listenablefuture\9999.0-empty-to-avoid-conflict-with-guava\listenablefuture-9999.0-empty-to-avoid-conflict-with-guava.jar;C:\Users\Wilda Agil Nurikhrom\.m2\repository\com\google\code\findbugs\jsr305\3.0.2\jsr305-3.0.2.jar;C:\Users\Wilda Agil Nurikhrom\.m2\repository\org\checkerframework\checker-qual\3.12.0\checker-qual-3.12.0.jar;C:\Users\Wilda Agil Nurikhrom\.m2\repository\com\google\errorprone\error_prone_annotations\2.11.0\error_prone_annotations-2.11.0.jar;C:\Users\Wilda Agil Nurikhrom\.m2\repository\com\google\j2objc\j2objc-annotations\1.3\j2objc-annotations-1.3.jar;C:\Users\Wilda Agil Nurikhrom\.m2\repository\com\google\inject\guice\5.1.0\guice-5.1.0.jar;C:\Users\Wilda Agil Nurikhrom\.m2\repository\javax\inject\javax.inject\1\javax.inject-1.jar;C:\Users\Wilda Agil Nurikhrom\.m2\repository\aopalliance\aopalliance\1.0\aopalliance-1.0.jar;C:\Users\Wilda Agil Nurikhrom\.m2\repository\org\jsoup\jsoup\1.14.3\jsoup-1.14.3.jar;C:\Users\Wilda Agil Nurikhrom\.m2\repository\com\thoughtworks\xstream\xstream\1.4.19\xstream-1.4.19.jar;C:\Users\Wilda Agil Nurikhrom\.m2\repository\io\github\x-stream\mxparser\1.2.2\mxparser-1.2.2.jar;C:\Users\Wilda Agil Nurikhrom\.m2\repository\xmlpull\xmlpull\1.1.3.1\xmlpull-1.1.3.1.jar;C:\Users\Wilda Agil Nurikhrom\.m2\repository\io\cucumber\cucumber-java\7.2.3\cucumber-java-7.2.3.jar;C:\Users\Wilda Agil Nurikhrom\.m2\repository\com\typesafe\config\1.4.2\config-1.4.2.jar;C:\Users\Wilda Agil Nurikhrom\.m2\repository\org\imgscalr\imgscalr-lib\4.2\imgscalr-lib-4.2.jar;C:\Users\Wilda Agil Nurikhrom\.m2\repository\org\awaitility\awaitility\4.2.0\awaitility-4.2.0.jar;C:\Users\Wilda Agil Nurikhrom\.m2\repository\org\freemarker\freemarker\2.3.31\freemarker-2.3.31.jar;C:\Users\Wilda Agil Nurikhrom\.m2\repository\io\github\classgraph\classgraph\4.8.138\classgraph-4.8.138.jar;C:\Users\Wilda Agil Nurikhrom\.m2\repository\net\sourceforge\jexcelapi\jxl\2.6.12\jxl-2.6.12.jar;C:\Users\Wilda Agil Nurikhrom\.m2\repository\net\bytebuddy\byte-buddy\1.12.8\byte-buddy-1.12.8.jar;C:\Users\Wilda Agil Nurikhrom\.m2\repository\net\bytebuddy\byte-buddy-agent\1.12.8\byte-buddy-agent-1.12.8.jar;C:\Users\Wilda Agil Nurikhrom\.m2\repository\org\objenesis\objenesis\3.1\objenesis-3.1.jar;C:\Users\Wilda Agil Nurikhrom\.m2\repository\net\serenity-bdd\serenity-reports\3.2.1\serenity-reports-3.2.1.jar;C:\Users\Wilda Agil Nurikhrom\.m2\repository\net\serenity-bdd\serenity-stats\3.2.1\serenity-stats-3.2.1.jar;C:\Users\Wilda Agil Nurikhrom\.m2\repository\net\serenity-bdd\serenity-reports-configuration\3.2.1\serenity-reports-configuration-3.2.1.jar;C:\Users\Wilda Agil Nurikhrom\.m2\repository\com\vladsch\flexmark\flexmark-all\0.34.30\flexmark-all-0.34.30.jar;C:\Users\Wilda Agil Nurikhrom\.m2\repository\com\vladsch\flexmark\flexmark\0.34.30\flexmark-0.34.30.jar;C:\Users\Wilda Agil Nurikhrom\.m2\repository\com\vladsch\flexmark\flexmark-ext-abbreviation\0.34.30\flexmark-ext-abbreviation-0.34.30.jar;C:\Users\Wilda Agil Nurikhrom\.m2\repository\com\vladsch\flexmark\flexmark-ext-admonition\0.34.30\flexmark-ext-admonition-0.34.30.jar;C:\Users\Wilda Agil Nurikhrom\.m2\repository\com\vladsch\flexmark\flexmark-ext-anchorlink\0.34.30\flexmark-ext-anchorlink-0.34.30.jar;C:\Users\Wilda Agil Nurikhrom\.m2\repository\com\vladsch\flexmark\flexmark-ext-aside\0.34.30\flexmark-ext-aside-0.34.30.jar;C:\Users\Wilda Agil Nurikhrom\.m2\repository\com\vladsch\flexmark\flexmark-ext-attributes\0.34.30\flexmark-ext-attributes-0.34.30.jar;C:\Users\Wilda Agil Nurikhrom\.m2\repository\com\vladsch\flexmark\flexmark-ext-autolink\0.34.30\flexmark-ext-autolink-0.34.30.jar;C:\Users\Wilda Agil Nurikhrom\.m2\repository\org\nibor\autolink\autolink\0.6.0\autolink-0.6.0.jar;C:\Users\Wilda Agil Nurikhrom\.m2\repository\com\vladsch\flexmark\flexmark-ext-definition\0.34.30\flexmark-ext-definition-0.34.30.jar;C:\Users\Wilda Agil Nurikhrom\.m2\repository\com\vladsch\flexmark\flexmark-ext-emoji\0.34.30\flexmark-ext-emoji-0.34.30.jar;C:\Users\Wilda Agil Nurikhrom\.m2\repository\com\vladsch\flexmark\flexmark-ext-enumerated-reference\0.34.30\flexmark-ext-enumerated-reference-0.34.30.jar;C:\Users\Wilda Agil Nurikhrom\.m2\repository\com\vladsch\flexmark\flexmark-ext-escaped-character\0.34.30\flexmark-ext-escaped-character-0.34.30.jar;C:\Users\Wilda Agil Nurikhrom\.m2\repository\com\vladsch\flexmark\flexmark-ext-footnotes\0.34.30\flexmark-ext-footnotes-0.34.30.jar;C:\Users\Wilda Agil Nurikhrom\.m2\repository\com\vladsch\flexmark\flexmark-ext-gfm-issues\0.34.30\flexmark-ext-gfm-issues-0.34.30.jar;C:\Users\Wilda Agil Nurikhrom\.m2\repository\com\vladsch\flexmark\flexmark-ext-gfm-strikethrough\0.34.30\flexmark-ext-gfm-strikethrough-0.34.30.jar;C:\Users\Wilda Agil Nurikhrom\.m2\repository\com\vladsch\flexmark\flexmark-ext-gfm-tables\0.34.30\flexmark-ext-gfm-tables-0.34.30.jar;C:\Users\Wilda Agil Nurikhrom\.m2\repository\com\vladsch\flexmark\flexmark-ext-gfm-tasklist\0.34.30\flexmark-ext-gfm-tasklist-0.34.30.jar;C:\Users\Wilda Agil Nurikhrom\.m2\repository\com\vladsch\flexmark\flexmark-ext-gfm-users\0.34.30\flexmark-ext-gfm-users-0.34.30.jar;C:\Users\Wilda Agil Nurikhrom\.m2\repository\com\vladsch\flexmark\flexmark-ext-gitlab\0.34.30\flexmark-ext-gitlab-0.34.30.jar;C:\Users\Wilda Agil Nurikhrom\.m2\repository\com\vladsch\flexmark\flexmark-ext-jekyll-front-matter\0.34.30\flexmark-ext-jekyll-front-matter-0.34.30.jar;C:\Users\Wilda Agil Nurikhrom\.m2\repository\com\vladsch\flexmark\flexmark-ext-jekyll-tag\0.34.30\flexmark-ext-jekyll-tag-0.34.30.jar;C:\Users\Wilda Agil Nurikhrom\.m2\repository\com\vladsch\flexmark\flexmark-ext-media-tags\0.34.30\flexmark-ext-media-tags-0.34.30.jar;C:\Users\Wilda Agil Nurikhrom\.m2\repository\com\vladsch\flexmark\flexmark-test-util\0.34.30\flexmark-test-util-0.34.30.jar;C:\Users\Wilda Agil Nurikhrom\.m2\repository\com\vladsch\flexmark\flexmark-ext-ins\0.34.30\flexmark-ext-ins-0.34.30.jar;C:\Users\Wilda Agil Nurikhrom\.m2\repository\com\vladsch\flexmark\flexmark-ext-xwiki-macros\0.34.30\flexmark-ext-xwiki-macros-0.34.30.jar;C:\Users\Wilda Agil Nurikhrom\.m2\repository\com\vladsch\flexmark\flexmark-ext-superscript\0.34.30\flexmark-ext-superscript-0.34.30.jar;C:\Users\Wilda Agil Nurikhrom\.m2\repository\com\vladsch\flexmark\flexmark-ext-tables\0.34.30\flexmark-ext-tables-0.34.30.jar;C:\Users\Wilda Agil Nurikhrom\.m2\repository\com\vladsch\flexmark\flexmark-ext-toc\0.34.30\flexmark-ext-toc-0.34.30.jar;C:\Users\Wilda Agil Nurikhrom\.m2\repository\com\vladsch\flexmark\flexmark-ext-typographic\0.34.30\flexmark-ext-typographic-0.34.30.jar;C:\Users\Wilda Agil Nurikhrom\.m2\repository\com\vladsch\flexmark\flexmark-ext-wikilink\0.34.30\flexmark-ext-wikilink-0.34.30.jar;C:\Users\Wilda Agil Nurikhrom\.m2\repository\com\vladsch\flexmark\flexmark-ext-yaml-front-matter\0.34.30\flexmark-ext-yaml-front-matter-0.34.30.jar;C:\Users\Wilda Agil Nurikhrom\.m2\repository\com\vladsch\flexmark\flexmark-ext-youtube-embedded\0.34.30\flexmark-ext-youtube-embedded-0.34.30.jar;C:\Users\Wilda Agil Nurikhrom\.m2\repository\com\vladsch\flexmark\flexmark-formatter\0.34.30\flexmark-formatter-0.34.30.jar;C:\Users\Wilda Agil Nurikhrom\.m2\repository\com\vladsch\flexmark\flexmark-html-parser\0.34.30\flexmark-html-parser-0.34.30.jar;C:\Users\Wilda Agil Nurikhrom\.m2\repository\com\vladsch\flexmark\flexmark-jira-converter\0.34.30\flexmark-jira-converter-0.34.30.jar;C:\Users\Wilda Agil Nurikhrom\.m2\repository\com\vladsch\flexmark\flexmark-pdf-converter\0.34.30\flexmark-pdf-converter-0.34.30.jar;C:\Users\Wilda Agil Nurikhrom\.m2\repository\com\openhtmltopdf\openhtmltopdf-core\0.0.1-RC13\openhtmltopdf-core-0.0.1-RC13.jar;C:\Users\Wilda Agil Nurikhrom\.m2\repository\com\openhtmltopdf\openhtmltopdf-pdfbox\0.0.1-RC13\openhtmltopdf-pdfbox-0.0.1-RC13.jar;C:\Users\Wilda Agil Nurikhrom\.m2\repository\org\apache\pdfbox\pdfbox\2.0.8\pdfbox-2.0.8.jar;C:\Users\Wilda Agil Nurikhrom\.m2\repository\org\apache\pdfbox\fontbox\2.0.8\fontbox-2.0.8.jar;C:\Users\Wilda Agil Nurikhrom\.m2\repository\commons-logging\commons-logging\1.2\commons-logging-1.2.jar;C:\Users\Wilda Agil Nurikhrom\.m2\repository\org\apache\pdfbox\xmpbox\2.0.8\xmpbox-2.0.8.jar;C:\Users\Wilda Agil Nurikhrom\.m2\repository\de\rototor\pdfbox\graphics2d\0.12\graphics2d-0.12.jar;C:\Users\Wilda Agil Nurikhrom\.m2\repository\com\openhtmltopdf\openhtmltopdf-rtl-support\0.0.1-RC13\openhtmltopdf-rtl-support-0.0.1-RC13.jar;C:\Users\Wilda Agil Nurikhrom\.m2\repository\com\ibm\icu\icu4j\59.1\icu4j-59.1.jar;C:\Users\Wilda Agil Nurikhrom\.m2\repository\com\openhtmltopdf\openhtmltopdf-jsoup-dom-converter\0.0.1-RC13\openhtmltopdf-jsoup-dom-converter-0.0.1-RC13.jar;C:\Users\Wilda Agil Nurikhrom\.m2\repository\com\vladsch\flexmark\flexmark-profile-pegdown\0.34.30\flexmark-profile-pegdown-0.34.30.jar;C:\Users\Wilda Agil Nurikhrom\.m2\repository\com\vladsch\flexmark\flexmark-util\0.34.30\flexmark-util-0.34.30.jar;C:\Users\Wilda Agil Nurikhrom\.m2\repository\com\vladsch\flexmark\flexmark-youtrack-converter\0.34.30\flexmark-youtrack-converter-0.34.30.jar;C:\Users\Wilda Agil Nurikhrom\.m2\repository\es\nitaur\markdown\txtmark\0.16\txtmark-0.16.jar;C:\Users\Wilda Agil Nurikhrom\.m2\repository\net\serenity-bdd\serenity-report-resources\3.2.1\serenity-report-resources-3.2.1.jar;C:\Users\Wilda Agil Nurikhrom\.m2\repository\com\google\code\gson\gson\2.9.0\gson-2.9.0.jar;C:\Users\Wilda Agil Nurikhrom\.m2\repository\com\fasterxml\jackson\core\jackson-core\2.13.2\jackson-core-2.13.2.jar;C:\Users\Wilda Agil Nurikhrom\.m2\repository\com\fasterxml\jackson\core\jackson-databind\2.13.2\jackson-databind-2.13.2.jar;C:\Users\Wilda Agil Nurikhrom\.m2\repository\com\fasterxml\jackson\core\jackson-annotations\2.13.2\jackson-annotations-2.13.2.jar;C:\Users\Wilda Agil Nurikhrom\.m2\repository\commons-codec\commons-codec\1.15\commons-codec-1.15.jar;C:\Users\Wilda Agil Nurikhrom\.m2\repository\commons-io\commons-io\2.11.0\commons-io-2.11.0.jar;C:\Users\Wilda Agil Nurikhrom\.m2\repository\org\seleniumhq\selenium\selenium-java\4.1.2\selenium-java-4.1.2.jar;C:\Users\Wilda Agil Nurikhrom\.m2\repository\org\seleniumhq\selenium\selenium-devtools-v85\4.1.2\selenium-devtools-v85-4.1.2.jar;C:\Users\Wilda Agil Nurikhrom\.m2\repository\org\seleniumhq\selenium\selenium-devtools-v95\4.1.2\selenium-devtools-v95-4.1.2.jar;C:\Users\Wilda Agil Nurikhrom\.m2\repository\org\seleniumhq\selenium\selenium-devtools-v96\4.1.2\selenium-devtools-v96-4.1.2.jar;C:\Users\Wilda Agil Nurikhrom\.m2\repository\org\seleniumhq\selenium\selenium-devtools-v97\4.1.2\selenium-devtools-v97-4.1.2.jar;C:\Users\Wilda Agil Nurikhrom\.m2\repository\org\seleniumhq\selenium\selenium-firefox-xpi-driver\4.1.2\selenium-firefox-xpi-driver-4.1.2.jar;C:\Users\Wilda Agil Nurikhrom\.m2\repository\org\seleniumhq\selenium\selenium-opera-driver\4.1.2\selenium-opera-driver-4.1.2.jar;C:\Users\Wilda Agil Nurikhrom\.m2\repository\org\seleniumhq\selenium\selenium-remote-driver\4.1.2\selenium-remote-driver-4.1.2.jar;C:\Users\Wilda Agil Nurikhrom\.m2\repository\com\beust\jcommander\1.82\jcommander-1.82.jar;C:\Users\Wilda Agil Nurikhrom\.m2\repository\io\netty\netty-buffer\4.1.73.Final\netty-buffer-4.1.73.Final.jar;C:\Users\Wilda Agil Nurikhrom\.m2\repository\io\netty\netty-codec-http\4.1.73.Final\netty-codec-http-4.1.73.Final.jar;C:\Users\Wilda Agil Nurikhrom\.m2\repository\io\netty\netty-codec\4.1.73.Final\netty-codec-4.1.73.Final.jar;C:\Users\Wilda Agil Nurikhrom\.m2\repository\io\netty\netty-handler\4.1.73.Final\netty-handler-4.1.73.Final.jar;C:\Users\Wilda Agil Nurikhrom\.m2\repository\io\netty\netty-tcnative-classes\2.0.46.Final\netty-tcnative-classes-2.0.46.Final.jar;C:\Users\Wilda Agil Nurikhrom\.m2\repository\io\netty\netty-common\4.1.73.Final\netty-common-4.1.73.Final.jar;C:\Users\Wilda Agil Nurikhrom\.m2\repository\io\netty\netty-transport-classes-epoll\4.1.73.Final\netty-transport-classes-epoll-4.1.73.Final.jar;C:\Users\Wilda Agil Nurikhrom\.m2\repository\io\netty\netty-transport-classes-kqueue\4.1.73.Final\netty-transport-classes-kqueue-4.1.73.Final.jar;C:\Users\Wilda Agil Nurikhrom\.m2\repository\io\netty\netty-transport-native-epoll\4.1.73.Final\netty-transport-native-epoll-4.1.73.Final.jar;C:\Users\Wilda Agil Nurikhrom\.m2\repository\io\netty\netty-transport-native-kqueue\4.1.73.Final\netty-transport-native-kqueue-4.1.73.Final.jar;C:\Users\Wilda Agil Nurikhrom\.m2\repository\io\netty\netty-transport-native-unix-common\4.1.73.Final\netty-transport-native-unix-common-4.1.73.Final.jar;C:\Users\Wilda Agil Nurikhrom\.m2\repository\io\netty\netty-transport\4.1.73.Final\netty-transport-4.1.73.Final.jar;C:\Users\Wilda Agil Nurikhrom\.m2\repository\io\netty\netty-resolver\4.1.73.Final\netty-resolver-4.1.73.Final.jar;C:\Users\Wilda Agil Nurikhrom\.m2\repository\io\opentelemetry\opentelemetry-api\1.10.1\opentelemetry-api-1.10.1.jar;C:\Users\Wilda Agil Nurikhrom\.m2\repository\io\opentelemetry\opentelemetry-context\1.10.1\opentelemetry-context-1.10.1.jar;C:\Users\Wilda Agil Nurikhrom\.m2\repository\io\opentelemetry\opentelemetry-exporter-logging\1.10.1\opentelemetry-exporter-logging-1.10.1.jar;C:\Users\Wilda Agil Nurikhrom\.m2\repository\io\opentelemetry\opentelemetry-sdk-metrics\1.10.1-alpha\opentelemetry-sdk-metrics-1.10.1-alpha.jar;C:\Users\Wilda Agil Nurikhrom\.m2\repository\io\opentelemetry\opentelemetry-sdk-logs\1.10.1-alpha\opentelemetry-sdk-logs-1.10.1-alpha.jar;C:\Users\Wilda Agil Nurikhrom\.m2\repository\io\opentelemetry\opentelemetry-sdk-common\1.10.1\opentelemetry-sdk-common-1.10.1.jar;C:\Users\Wilda Agil Nurikhrom\.m2\repository\io\opentelemetry\opentelemetry-sdk-extension-autoconfigure-spi\1.10.1\opentelemetry-sdk-extension-autoconfigure-spi-1.10.1.jar;C:\Users\Wilda Agil Nurikhrom\.m2\repository\io\opentelemetry\opentelemetry-sdk-extension-autoconfigure\1.10.1-alpha\opentelemetry-sdk-extension-autoconfigure-1.10.1-alpha.jar;C:\Users\Wilda Agil Nurikhrom\.m2\repository\io\opentelemetry\opentelemetry-sdk-trace\1.10.1\opentelemetry-sdk-trace-1.10.1.jar;C:\Users\Wilda Agil Nurikhrom\.m2\repository\io\opentelemetry\opentelemetry-sdk\1.10.1\opentelemetry-sdk-1.10.1.jar;C:\Users\Wilda Agil Nurikhrom\.m2\repository\io\opentelemetry\opentelemetry-semconv\1.10.1-alpha\opentelemetry-semconv-1.10.1-alpha.jar;C:\Users\Wilda Agil Nurikhrom\.m2\repository\io\ous\jtoml\2.0.0\jtoml-2.0.0.jar;C:\Users\Wilda Agil Nurikhrom\.m2\repository\org\apache\commons\commons-exec\1.3\commons-exec-1.3.jar;C:\Users\Wilda Agil Nurikhrom\.m2\repository\org\asynchttpclient\async-http-client\2.12.3\async-http-client-2.12.3.jar;C:\Users\Wilda Agil Nurikhrom\.m2\repository\org\asynchttpclient\async-http-client-netty-utils\2.12.3\async-http-client-netty-utils-2.12.3.jar;C:\Users\Wilda Agil Nurikhrom\.m2\repository\io\netty\netty-codec-socks\4.1.60.Final\netty-codec-socks-4.1.60.Final.jar;C:\Users\Wilda Agil Nurikhrom\.m2\repository\io\netty\netty-handler-proxy\4.1.60.Final\netty-handler-proxy-4.1.60.Final.jar;C:\Users\Wilda Agil Nurikhrom\.m2\repository\io\netty\netty-transport-native-epoll\4.1.60.Final\netty-transport-native-epoll-4.1.60.Final-linux-x86_64.jar;C:\Users\Wilda Agil Nurikhrom\.m2\repository\io\netty\netty-transport-native-kqueue\4.1.60.Final\netty-transport-native-kqueue-4.1.60.Final-osx-x86_64.jar;C:\Users\Wilda Agil Nurikhrom\.m2\repository\org\reactivestreams\reactive-streams\1.0.3\reactive-streams-1.0.3.jar;C:\Users\Wilda Agil Nurikhrom\.m2\repository\com\typesafe\netty\netty-reactive-streams\2.0.4\netty-reactive-streams-2.0.4.jar;C:\Users\Wilda Agil Nurikhrom\.m2\repository\org\seleniumhq\selenium\selenium-http\4.1.2\selenium-http-4.1.2.jar;C:\Users\Wilda Agil Nurikhrom\.m2\repository\net\jodah\failsafe\2.4.4\failsafe-2.4.4.jar;C:\Users\Wilda Agil Nurikhrom\.m2\repository\org\seleniumhq\selenium\selenium-safari-driver\4.1.2\selenium-safari-driver-4.1.2.jar;C:\Users\Wilda Agil Nurikhrom\.m2\repository\org\seleniumhq\selenium\selenium-api\4.1.2\selenium-api-4.1.2.jar;C:\Users\Wilda Agil Nurikhrom\.m2\repository\org\seleniumhq\selenium\selenium-support\4.1.2\selenium-support-4.1.2.jar;C:\Users\Wilda Agil Nurikhrom\.m2\repository\com\google\auto\service\auto-service-annotations\1.0.1\auto-service-annotations-1.0.1.jar;C:\Users\Wilda Agil Nurikhrom\.m2\repository\com\google\auto\service\auto-service\1.0.1\auto-service-1.0.1.jar;C:\Users\Wilda Agil Nurikhrom\.m2\repository\com\google\auto\auto-common\1.2\auto-common-1.2.jar;C:\Users\Wilda Agil Nurikhrom\.m2\repository\org\seleniumhq\selenium\selenium-json\4.1.2\selenium-json-4.1.2.jar;C:\Users\Wilda Agil Nurikhrom\.m2\repository\org\seleniumhq\selenium\selenium-chrome-driver\4.1.2\selenium-chrome-driver-4.1.2.jar;C:\Users\Wilda Agil Nurikhrom\.m2\repository\org\seleniumhq\selenium\selenium-chromium-driver\4.1.2\selenium-chromium-driver-4.1.2.jar;C:\Users\Wilda Agil Nurikhrom\.m2\repository\org\seleniumhq\selenium\selenium-firefox-driver\4.1.2\selenium-firefox-driver-4.1.2.jar;C:\Users\Wilda Agil Nurikhrom\.m2\repository\org\seleniumhq\selenium\selenium-edge-driver\4.1.2\selenium-edge-driver-4.1.2.jar;C:\Users\Wilda Agil Nurikhrom\.m2\repository\org\seleniumhq\selenium\selenium-ie-driver\4.1.2\selenium-ie-driver-4.1.2.jar;C:\Users\Wilda Agil Nurikhrom\.m2\repository\org\projectlombok\lombok\1.18.20\lombok-1.18.20.jar;C:\Users\Wilda Agil Nurikhrom\.m2\repository\io\appium\java-client\8.0.0\java-client-8.0.0.jar;C:\Users\Wilda Agil Nurikhrom\.m2\repository\commons-validator\commons-validator\1.7\commons-validator-1.7.jar;C:\Users\Wilda Agil Nurikhrom\.m2\repository\commons-digester\commons-digester\2.1\commons-digester-2.1.jar;C:\Users\Wilda Agil Nurikhrom\.m2\repository\org\aspectj\aspectjweaver\1.9.8\aspectjweaver-1.9.8.jar;C:\Users\Wilda Agil Nurikhrom\.m2\repository\org\codehaus\groovy\groovy\3.0.10\groovy-3.0.10.jar;C:\Users\Wilda Agil Nurikhrom\.m2\repository\net\sf\opencsv\opencsv\2.0\opencsv-2.0.jar;C:\Users\Wilda Agil Nurikhrom\.m2\repository\commons-beanutils\commons-beanutils\1.9.4\commons-beanutils-1.9.4.jar;C:\Users\Wilda Agil Nurikhrom\.m2\repository\org\apache\commons\commons-lang3\3.12.0\commons-lang3-3.12.0.jar;C:\Users\Wilda Agil Nurikhrom\.m2\repository\commons-collections\commons-collections\3.2.2\commons-collections-3.2.2.jar;C:\Users\Wilda Agil Nurikhrom\.m2\repository\org\fluentlenium\fluentlenium-core\0.10.2\fluentlenium-core-0.10.2.jar;C:\Users\Wilda Agil Nurikhrom\.m2\repository\io\github\bonigarcia\webdrivermanager\5.1.0\webdrivermanager-5.1.0.jar;C:\Users\Wilda Agil Nurikhrom\.m2\repository\com\github\docker-java\docker-java\3.2.13\docker-java-3.2.13.jar;C:\Users\Wilda Agil Nurikhrom\.m2\repository\com\github\docker-java\docker-java-core\3.2.13\docker-java-core-3.2.13.jar;C:\Users\Wilda Agil Nurikhrom\.m2\repository\com\github\docker-java\docker-java-api\3.2.13\docker-java-api-3.2.13.jar;C:\Users\Wilda Agil Nurikhrom\.m2\repository\org\apache\commons\commons-compress\1.21\commons-compress-1.21.jar;C:\Users\Wilda Agil Nurikhrom\.m2\repository\org\bouncycastle\bcpkix-jdk15on\1.64\bcpkix-jdk15on-1.64.jar;C:\Users\Wilda Agil Nurikhrom\.m2\repository\org\bouncycastle\bcprov-jdk15on\1.64\bcprov-jdk15on-1.64.jar;C:\Users\Wilda Agil Nurikhrom\.m2\repository\org\slf4j\jcl-over-slf4j\1.7.30\jcl-over-slf4j-1.7.30.jar;C:\Users\Wilda Agil Nurikhrom\.m2\repository\com\github\docker-java\docker-java-transport-httpclient5\3.2.13\docker-java-transport-httpclient5-3.2.13.jar;C:\Users\Wilda Agil Nurikhrom\.m2\repository\com\github\docker-java\docker-java-transport\3.2.13\docker-java-transport-3.2.13.jar;C:\Users\Wilda Agil Nurikhrom\.m2\repository\org\apache\httpcomponents\client5\httpclient5\5.0.3\httpclient5-5.0.3.jar;C:\Users\Wilda Agil Nurikhrom\.m2\repository\org\apache\httpcomponents\core5\httpcore5\5.0.2\httpcore5-5.0.2.jar;C:\Users\Wilda Agil Nurikhrom\.m2\repository\net\java\dev\jna\jna\5.8.0\jna-5.8.0.jar;C:\Users\Wilda Agil Nurikhrom\.m2\repository\org\brotli\dec\0.1.2\dec-0.1.2.jar;C:\Users\Wilda Agil Nurikhrom\.m2\repository\com\jhlabs\filters\2.0.235\filters-2.0.235.jar;C:\Users\Wilda Agil Nurikhrom\.m2\repository\com\paulhammant\ngwebdriver\1.1.6\ngwebdriver-1.1.6.jar;C:\Users\Wilda Agil Nurikhrom\.m2\repository\joda-time\joda-time\2.8.2\joda-time-2.8.2.jar;C:\Users\Wilda Agil Nurikhrom\.m2\repository\org\hamcrest\hamcrest\2.2\hamcrest-2.2.jar;C:\Users\Wilda Agil Nurikhrom\.m2\repository\com\google\jimfs\jimfs\1.2\jimfs-1.2.jar;C:\Users\Wilda Agil Nurikhrom\.m2\repository\org\mockito\mockito-core\3.3.3\mockito-core-3.3.3.jar;C:\Users\Wilda Agil Nurikhrom\.m2\repository\javax\xml\bind\jaxb-api\2.3.1\jaxb-api-2.3.1.jar;C:\Users\Wilda Agil Nurikhrom\.m2\repository\javax\activation\javax.activation-api\1.2.0\javax.activation-api-1.2.0.jar;C:\Users\Wilda Agil Nurikhrom\.m2\repository\com\sun\xml\bind\jaxb-core\2.3.0.1\jaxb-core-2.3.0.1.jar;C:\Users\Wilda Agil Nurikhrom\.m2\repository\com\sun\xml\bind\jaxb-impl\2.3.3\jaxb-impl-2.3.3.jar;C:\Users\Wilda Agil Nurikhrom\.m2\repository\jakarta\xml\bind\jakarta.xml.bind-api\2.3.3\jakarta.xml.bind-api-2.3.3.jar;C:\Users\Wilda Agil Nurikhrom\.m2\repository\com\sun\activation\jakarta.activation\1.2.2\jakarta.activation-1.2.2.jar;C:\Users\Wilda Agil Nurikhrom\.m2\repository\javax\activation\activation\1.1.1\activation-1.1.1.jar;C:\Users\Wilda Agil Nurikhrom\.m2\repository\net\serenity-bdd\serenity-cucumber\3.2.1\serenity-cucumber-3.2.1.jar;C:\Users\Wilda Agil Nurikhrom\.m2\repository\io\cucumber\cucumber-core\7.2.3\cucumber-core-7.2.3.jar;C:\Users\Wilda Agil Nurikhrom\.m2\repository\io\cucumber\cucumber-gherkin\7.2.3\cucumber-gherkin-7.2.3.jar;C:\Users\Wilda Agil Nurikhrom\.m2\repository\io\cucumber\cucumber-gherkin-messages\7.2.3\cucumber-gherkin-messages-7.2.3.jar;C:\Users\Wilda Agil Nurikhrom\.m2\repository\io\cucumber\messages\17.1.1\messages-17.1.1.jar;C:\Users\Wilda Agil Nurikhrom\.m2\repository\io\cucumber\tag-expressions\4.1.0\tag-expressions-4.1.0.jar;C:\Users\Wilda Agil Nurikhrom\.m2\repository\io\cucumber\cucumber-expressions\15.0.1\cucumber-expressions-15.0.1.jar;C:\Users\Wilda Agil Nurikhrom\.m2\repository\io\cucumber\datatable\7.2.3\datatable-7.2.3.jar;C:\Users\Wilda Agil Nurikhrom\.m2\repository\io\cucumber\cucumber-plugin\7.2.3\cucumber-plugin-7.2.3.jar;C:\Users\Wilda Agil Nurikhrom\.m2\repository\io\cucumber\docstring\7.2.3\docstring-7.2.3.jar;C:\Users\Wilda Agil Nurikhrom\.m2\repository\io\cucumber\html-formatter\17.0.0\html-formatter-17.0.0.jar;C:\Users\Wilda Agil Nurikhrom\.m2\repository\io\cucumber\ci-environment\8.1.0\ci-environment-8.1.0.jar;C:\Users\Wilda Agil Nurikhrom\.m2\repository\io\cucumber\cucumber-junit\7.2.3\cucumber-junit-7.2.3.jar;C:\Users\Wilda Agil Nurikhrom\.m2\repository\org\apache\commons\commons-csv\1.5\commons-csv-1.5.jar;C:\Users\Wilda Agil Nurikhrom\.m2\repository\net\serenity-bdd\serenity-screenplay\3.2.1\serenity-screenplay-3.2.1.jar;C:\Users\Wilda Agil Nurikhrom\.m2\repository\net\serenity-bdd\serenity-screenplay-webdriver\3.2.1\serenity-screenplay-webdriver-3.2.1.jar;C:\Users\Wilda Agil Nurikhrom\.m2\repository\net\serenity-bdd\serenity-ensure\3.2.1\serenity-ensure-3.2.1.jar;C:\Users\Wilda Agil Nurikhrom\.m2\repository\net\serenity-bdd\serenity-junit\3.2.1\serenity-junit-3.2.1.jar;C:\Users\Wilda Agil Nurikhrom\.m2\repository\org\jetbrains\kotlin\kotlin-stdlib\1.6.0\kotlin-stdlib-1.6.0.jar;C:\Users\Wilda Agil Nurikhrom\.m2\repository\org\jetbrains\annotations\13.0\annotations-13.0.jar;C:\Users\Wilda Agil Nurikhrom\.m2\repository\org\jetbrains\kotlin\kotlin-stdlib-common\1.6.0\kotlin-stdlib-common-1.6.0.jar;C:\Users\Wilda Agil Nurikhrom\.m2\repository\org\junit\platform\junit-platform-launcher\1.8.1\junit-platform-launcher-1.8.1.jar;C:\Users\Wilda Agil Nurikhrom\.m2\repository\org\junit\platform\junit-platform-engine\1.8.1\junit-platform-engine-1.8.1.jar;C:\Users\Wilda Agil Nurikhrom\.m2\repository\org\opentest4j\opentest4j\1.2.0\opentest4j-1.2.0.jar;C:\Users\Wilda Agil Nurikhrom\.m2\repository\org\junit\platform\junit-platform-commons\1.8.1\junit-platform-commons-1.8.1.jar;C:\Users\Wilda Agil Nurikhrom\.m2\repository\org\apiguardian\apiguardian-api\1.1.2\apiguardian-api-1.1.2.jar;C:\Users\Wilda Agil Nurikhrom\.m2\repository\org\junit\jupiter\junit-jupiter-engine\5.8.2\junit-jupiter-engine-5.8.2.jar;C:\Users\Wilda Agil Nurikhrom\.m2\repository\org\junit\jupiter\junit-jupiter-api\5.8.2\junit-jupiter-api-5.8.2.jar;C:\Users\Wilda Agil Nurikhrom\.m2\repository\org\junit\vintage\junit-vintage-engine\5.8.2\junit-vintage-engine-5.8.2.jar;C:\Users\Wilda Agil Nurikhrom\.m2\repository\junit\junit\4.13.2\junit-4.13.2.jar;C:\Users\Wilda Agil Nurikhrom\.m2\repository\org\hamcrest\hamcrest-core\1.3\hamcrest-core-1.3.jar;C:\Users\Wilda Agil Nurikhrom\.m2\repository\ch\qos\logback\logback-classic\1.2.10\logback-classic-1.2.10.jar;C:\Users\Wilda Agil Nurikhrom\.m2\repository\ch\qos\logback\logback-core\1.2.10\logback-core-1.2.10.jar;C:\Users\Wilda Agil Nurikhrom\.m2\repository\org\slf4j\slf4j-api\1.7.32\slf4j-api-1.7.32.jar;C:\Users\Wilda Agil Nurikhrom\.m2\repository\org\assertj\assertj-core\3.6.2\assertj-core-3.6.2.jar;C:\Users\Wilda Agil Nurikhrom\.m2\repository\org\apache\maven\surefire\surefire-junit-platform\3.0.0-M5\surefire-junit-platform-3.0.0-M5.jar;C:\Users\Wilda Agil Nurikhrom\.m2\repository\org\apache\maven\surefire\common-java5\3.0.0-M5\common-java5-3.0.0-M5.jar"/>
    <property name="user.script" value=""/>
    <property name="java.protocol.handler.pkgs" value="com.google.common"/>
    <property name="sun.management.compiler" value="HotSpot 64-Bit Tiered Compilers"/>
    <property name="java.runtime.version" value="11.0.16+11-LTS-199"/>
    <property name="user.name" value="Wilda Agil Nurikhrom"/>
    <property name="path.separator" value=";"/>
    <property name="os.version" value="10.0"/>
    <property name="java.runtime.name" value="Java(TM) SE Runtime Environment"/>
    <property name="file.encoding" value="Cp1252"/>
    <property name="webdriver.base.url" value=""/>
    <property name="java.vm.name" value="Java HotSpot(TM) 64-Bit Server VM"/>
    <property name="java.vendor.version" value="18.9"/>
    <property name="localRepository" value="C:\Users\Wilda Agil Nurikhrom\.m2\repository"/>
    <property name="java.vendor.url.bug" value="https://bugreport.java.com/bugreport/"/>
    <property name="java.io.tmpdir" value="C:\Users\WILDAA~1\AppData\Local\Temp\"/>
    <property name="java.version" value="11.0.16"/>
    <property name="user.dir" value="C:\Users\Wilda Agil Nurikhrom\IdeaProjects\SiaUMB"/>
    <property name="os.arch" value="amd64"/>
    <property name="java.vm.specification.name" value="Java Virtual Machine Specification"/>
    <property name="java.awt.printerjob" value="sun.awt.windows.WPrinterJob"/>
    <property name="sun.os.patch.level" value=""/>
    <property name="java.library.path" value="C:\Program Files\Java\jdk-11.0.16\bin;C:\Windows\Sun\Java\bin;C:\Windows\system32;C:\Windows;C:\Program Files\Common Files\Oracle\Java\javapath;C:\Windows\system32;C:\Windows;C:\Windows\System32\Wbem;C:\Windows\System32\WindowsPowerShell\v1.0\;C:\Windows\System32\OpenSSH\;C:\Program Files\Java\jdk-11.0.16\bin;C:\Program Files\apache-maven-3.8.6\bin;C:\Program Files\Git\cmd;C:\Program Files\PuTTY\;C:\Program Files\Cloudflare\Cloudflare WARP\;C:\Users\Wilda Agil Nurikhrom\AppData\Local\Microsoft\WindowsApps;;."/>
    <property name="java.vendor" value="Oracle Corporation"/>
    <property name="java.vm.info" value="mixed mode"/>
    <property name="java.vm.version" value="11.0.16+11-LTS-199"/>
    <property name="sun.io.unicode.encoding" value="UnicodeLittle"/>
    <property name="java.class.version" value="55.0"/>
  </properties>
  <testcase name="login success" classname="Login" time="15.071">
    <system-out><![CDATA[11:20:43.412 [main] INFO io.cucumber.core.plugin.SerenityReporter - Running feature from file:///C:/Users/Wilda%20Agil%20Nurikhrom/IdeaProjects/SiaUMB/src/test/resources/features/Login.feature
11:20:43.543 [main] INFO  - 

-------------------------------------------------------------------------------------
     _______. _______ .______       _______ .__   __.  __  .___________.____    ____ 
    /       ||   ____||   _  \     |   ____||  \ |  | |  | |           |\   \  /   / 
   |   (----`|  |__   |  |_)  |    |  |__   |   \|  | |  | `---|  |----` \   \/   /  
    \   \    |   __|  |      /     |   __|  |  . `  | |  |     |  |       \_    _/   
.----)   |   |  |____ |  |\  \----.|  |____ |  |\   | |  |     |  |         |  |     
|_______/    |_______|| _| `._____||_______||__| \__| |__|     |__|         |__|    
                                                                                     
 News and tutorials at http://www.serenity-bdd.info                                  
 Documentation at https://wakaleo.gitbooks.io/the-serenity-book/content/             
 Join the Serenity Community on Gitter: https://gitter.im/serenity-bdd/serenity-core 
 Serenity BDD Support and Training at http://serenity-bdd.info/#/trainingandsupport  
-------------------------------------------------------------------------------------

11:20:43.546 [main] DEBUG net.thucydides.core.steps.StepEventBus - Test suite started for story net.thucydides.core.model.Story@23282f08
11:20:43.549 [main] INFO  - Test Suite Started: Login
11:20:43.563 [main] INFO io.cucumber.core.plugin.SerenityReporter - Running feature from file:///C:/Users/Wilda%20Agil%20Nurikhrom/IdeaProjects/SiaUMB/src/test/resources/features/Login.feature
11:20:43.567 [main] DEBUG net.thucydides.core.steps.StepEventBus - Test suite started for story net.thucydides.core.model.Story@23282f08
11:20:43.567 [main] INFO  - Test Suite Started: Login

Scenario: login success       &amp#27;[90m# src/test/resources/features/Login.feature:6&amp#27;[0m
11:20:43.647 [main] INFO io.cucumber.core.plugin.SerenityReporter - Running feature from file:///C:/Users/Wilda%20Agil%20Nurikhrom/IdeaProjects/SiaUMB/src/test/resources/features/Login.feature
11:20:43.725 [main] INFO  - 
  _____   ___   ___   _____     ___   _____     _     ___   _____   ___   ___  
 |_   _| | __| / __| |_   _|   / __| |_   _|   /_\   | _ \ |_   _| | __| |   \ 
   | |   | _|  \__ \   | |     \__ \   | |    / _ \  |   /   | |   | _|  | |) |
   |_|   |___| |___/   |_|     |___/   |_|   /_/ \_\ |_|_\   |_|   |___| |___/ 

login success(login;login-success)
--------------------------------------------------------------------------------
11:20:44.385 [main] INFO net.serenitybdd.core.webdriver.driverproviders.ChromeDriverProvider - Using automatically driver download
11:20:44.948 [main] DEBUG org.apache.hc.client5.http.impl.classic.InternalHttpClient - ex-00000001: preparing request execution
11:20:44.952 [main] DEBUG org.apache.hc.client5.http.protocol.RequestAddCookies - Cookie spec selected: strict
11:20:44.955 [main] DEBUG org.apache.hc.client5.http.protocol.RequestAuthCache - Auth cache not set in the context
11:20:44.955 [main] DEBUG org.apache.hc.client5.http.impl.classic.ProtocolExec - ex-00000001: target auth state: UNCHALLENGED
11:20:44.956 [main] DEBUG org.apache.hc.client5.http.impl.classic.ProtocolExec - ex-00000001: proxy auth state: UNCHALLENGED
11:20:44.956 [main] DEBUG org.apache.hc.client5.http.impl.classic.ConnectExec - ex-00000001: acquiring connection with route {s}->https://raw.githubusercontent.com:443
11:20:44.956 [main] DEBUG org.apache.hc.client5.http.impl.classic.InternalHttpClient - ex-00000001: acquiring endpoint (3 MINUTES)
11:20:44.957 [main] DEBUG org.apache.hc.client5.http.impl.io.PoolingHttpClientConnectionManager - ex-00000001: endpoint lease request (3 MINUTES) [route: {s}->https://raw.githubusercontent.com:443][total available: 0; route allocated: 0 of 5; total allocated: 0 of 25]
11:20:44.960 [main] DEBUG org.apache.hc.client5.http.impl.io.PoolingHttpClientConnectionManager - ex-00000001: endpoint leased [route: {s}->https://raw.githubusercontent.com:443][total available: 0; route allocated: 1 of 5; total allocated: 1 of 25]
11:20:44.968 [main] DEBUG org.apache.hc.client5.http.impl.io.PoolingHttpClientConnectionManager - ex-00000001: acquired ep-00000000
11:20:44.968 [main] DEBUG org.apache.hc.client5.http.impl.classic.InternalHttpClient - ex-00000001: acquired endpoint ep-00000000
11:20:44.968 [main] DEBUG org.apache.hc.client5.http.impl.classic.ConnectExec - ex-00000001: opening connection {s}->https://raw.githubusercontent.com:443
11:20:44.968 [main] DEBUG org.apache.hc.client5.http.impl.classic.InternalHttpClient - ep-00000000: connecting endpoint (30 SECONDS)
11:20:44.968 [main] DEBUG org.apache.hc.client5.http.impl.io.PoolingHttpClientConnectionManager - ep-00000000: connecting endpoint to https://raw.githubusercontent.com:443 (30 SECONDS)
11:20:45.024 [main] DEBUG org.apache.hc.client5.http.impl.io.DefaultHttpClientConnectionOperator - http-outgoing-0: connecting to raw.githubusercontent.com/185.199.109.133:443
11:20:45.024 [main] DEBUG org.apache.hc.client5.http.ssl.SSLConnectionSocketFactory - Connecting socket to raw.githubusercontent.com/185.199.109.133:443 with timeout 30 SECONDS
11:20:45.140 [main] DEBUG org.apache.hc.client5.http.ssl.SSLConnectionSocketFactory - Enabled protocols: [TLSv1.3, TLSv1.2]
11:20:45.140 [main] DEBUG org.apache.hc.client5.http.ssl.SSLConnectionSocketFactory - Enabled cipher suites: [TLS_AES_256_GCM_SHA384, TLS_AES_128_GCM_SHA256, TLS_CHACHA20_POLY1305_SHA256, TLS_ECDHE_ECDSA_WITH_AES_256_GCM_SHA384, TLS_ECDHE_ECDSA_WITH_AES_128_GCM_SHA256, TLS_ECDHE_ECDSA_WITH_CHACHA20_POLY1305_SHA256, TLS_ECDHE_RSA_WITH_AES_256_GCM_SHA384, TLS_ECDHE_RSA_WITH_CHACHA20_POLY1305_SHA256, TLS_ECDHE_RSA_WITH_AES_128_GCM_SHA256, TLS_DHE_RSA_WITH_AES_256_GCM_SHA384, TLS_DHE_RSA_WITH_CHACHA20_POLY1305_SHA256, TLS_DHE_DSS_WITH_AES_256_GCM_SHA384, TLS_DHE_RSA_WITH_AES_128_GCM_SHA256, TLS_DHE_DSS_WITH_AES_128_GCM_SHA256, TLS_ECDHE_ECDSA_WITH_AES_256_CBC_SHA384, TLS_ECDHE_RSA_WITH_AES_256_CBC_SHA384, TLS_ECDHE_ECDSA_WITH_AES_128_CBC_SHA256, TLS_ECDHE_RSA_WITH_AES_128_CBC_SHA256, TLS_DHE_RSA_WITH_AES_256_CBC_SHA256, TLS_DHE_DSS_WITH_AES_256_CBC_SHA256, TLS_DHE_RSA_WITH_AES_128_CBC_SHA256, TLS_DHE_DSS_WITH_AES_128_CBC_SHA256, TLS_ECDH_ECDSA_WITH_AES_256_GCM_SHA384, TLS_ECDH_RSA_WITH_AES_256_GCM_SHA384, TLS_ECDH_ECDSA_WITH_AES_128_GCM_SHA256, TLS_ECDH_RSA_WITH_AES_128_GCM_SHA256, TLS_ECDH_ECDSA_WITH_AES_256_CBC_SHA384, TLS_ECDH_RSA_WITH_AES_256_CBC_SHA384, TLS_ECDH_ECDSA_WITH_AES_128_CBC_SHA256, TLS_ECDH_RSA_WITH_AES_128_CBC_SHA256, TLS_ECDHE_ECDSA_WITH_AES_256_CBC_SHA, TLS_ECDHE_RSA_WITH_AES_256_CBC_SHA, TLS_ECDHE_ECDSA_WITH_AES_128_CBC_SHA, TLS_ECDHE_RSA_WITH_AES_128_CBC_SHA, TLS_DHE_RSA_WITH_AES_256_CBC_SHA, TLS_DHE_DSS_WITH_AES_256_CBC_SHA, TLS_DHE_RSA_WITH_AES_128_CBC_SHA, TLS_DHE_DSS_WITH_AES_128_CBC_SHA, TLS_ECDH_ECDSA_WITH_AES_256_CBC_SHA, TLS_ECDH_RSA_WITH_AES_256_CBC_SHA, TLS_ECDH_ECDSA_WITH_AES_128_CBC_SHA, TLS_ECDH_RSA_WITH_AES_128_CBC_SHA, TLS_RSA_WITH_AES_256_GCM_SHA384, TLS_RSA_WITH_AES_128_GCM_SHA256, TLS_RSA_WITH_AES_256_CBC_SHA256, TLS_RSA_WITH_AES_128_CBC_SHA256, TLS_RSA_WITH_AES_256_CBC_SHA, TLS_RSA_WITH_AES_128_CBC_SHA, TLS_EMPTY_RENEGOTIATION_INFO_SCSV]
11:20:45.140 [main] DEBUG org.apache.hc.client5.http.ssl.SSLConnectionSocketFactory - Starting handshake
11:20:45.297 [main] DEBUG org.apache.hc.client5.http.ssl.SSLConnectionSocketFactory - Secure session established
11:20:45.297 [main] DEBUG org.apache.hc.client5.http.ssl.SSLConnectionSocketFactory -  negotiated protocol: TLSv1.3
11:20:45.297 [main] DEBUG org.apache.hc.client5.http.ssl.SSLConnectionSocketFactory -  negotiated cipher suite: TLS_AES_128_GCM_SHA256
11:20:45.297 [main] DEBUG org.apache.hc.client5.http.ssl.SSLConnectionSocketFactory -  peer principal: CN=*.github.io, O="GitHub, Inc.", L=San Francisco, ST=California, C=US
11:20:45.299 [main] DEBUG org.apache.hc.client5.http.ssl.SSLConnectionSocketFactory -  peer alternative names: [*.github.io, github.io, *.github.com, github.com, www.github.com, *.githubusercontent.com, githubusercontent.com]
11:20:45.299 [main] DEBUG org.apache.hc.client5.http.ssl.SSLConnectionSocketFactory -  issuer principal: CN=DigiCert TLS RSA SHA256 2020 CA1, O=DigiCert Inc, C=US
11:20:45.300 [main] DEBUG org.apache.hc.client5.http.impl.io.DefaultHttpClientConnectionOperator - http-outgoing-0: connection established 192.168.153.146:61018<->185.199.109.133:443
11:20:45.301 [main] DEBUG org.apache.hc.client5.http.impl.io.PoolingHttpClientConnectionManager - ep-00000000: connected http-outgoing-0
11:20:45.301 [main] DEBUG org.apache.hc.client5.http.impl.classic.InternalHttpClient - ep-00000000: endpoint connected
11:20:45.301 [main] DEBUG org.apache.hc.client5.http.impl.classic.MainClientExec - ex-00000001: executing GET /bonigarcia/webdrivermanager/master/src/main/resources/commands.properties HTTP/1.1
11:20:45.301 [main] DEBUG org.apache.hc.client5.http.impl.classic.InternalHttpClient - ep-00000000: start execution ex-00000001
11:20:45.301 [main] DEBUG org.apache.hc.client5.http.impl.io.PoolingHttpClientConnectionManager - ep-00000000: executing exchange ex-00000001 over http-outgoing-0
11:20:45.302 [main] DEBUG org.apache.hc.client5.http.headers - http-outgoing-0 >> GET /bonigarcia/webdrivermanager/master/src/main/resources/commands.properties HTTP/1.1
11:20:45.302 [main] DEBUG org.apache.hc.client5.http.headers - http-outgoing-0 >> user-agent: Apache-HttpClient/5.0
11:20:45.302 [main] DEBUG org.apache.hc.client5.http.headers - http-outgoing-0 >> accept-encoding: gzip, deflate, br
11:20:45.302 [main] DEBUG org.apache.hc.client5.http.headers - http-outgoing-0 >> cache-control: max-age=0
11:20:45.302 [main] DEBUG org.apache.hc.client5.http.headers - http-outgoing-0 >> connection: keep-alive
11:20:45.302 [main] DEBUG org.apache.hc.client5.http.headers - http-outgoing-0 >> Host: raw.githubusercontent.com
11:20:45.302 [main] DEBUG org.apache.hc.client5.http.wire - http-outgoing-0 >> "GET /bonigarcia/webdrivermanager/master/src/main/resources/commands.properties HTTP/1.1[\r][\n]"
11:20:45.302 [main] DEBUG org.apache.hc.client5.http.wire - http-outgoing-0 >> "user-agent: Apache-HttpClient/5.0[\r][\n]"
11:20:45.302 [main] DEBUG org.apache.hc.client5.http.wire - http-outgoing-0 >> "accept-encoding: gzip, deflate, br[\r][\n]"
11:20:45.302 [main] DEBUG org.apache.hc.client5.http.wire - http-outgoing-0 >> "cache-control: max-age=0[\r][\n]"
11:20:45.302 [main] DEBUG org.apache.hc.client5.http.wire - http-outgoing-0 >> "connection: keep-alive[\r][\n]"
11:20:45.302 [main] DEBUG org.apache.hc.client5.http.wire - http-outgoing-0 >> "Host: raw.githubusercontent.com[\r][\n]"
11:20:45.302 [main] DEBUG org.apache.hc.client5.http.wire - http-outgoing-0 >> "[\r][\n]"
11:20:45.379 [main] DEBUG org.apache.hc.client5.http.wire - http-outgoing-0 << "HTTP/1.1 200 OK[\r][\n]"
11:20:45.380 [main] DEBUG org.apache.hc.client5.http.wire - http-outgoing-0 << "Connection: keep-alive[\r][\n]"
11:20:45.380 [main] DEBUG org.apache.hc.client5.http.wire - http-outgoing-0 << "Content-Length: 723[\r][\n]"
11:20:45.380 [main] DEBUG org.apache.hc.client5.http.wire - http-outgoing-0 << "Cache-Control: max-age=300[\r][\n]"
11:20:45.380 [main] DEBUG org.apache.hc.client5.http.wire - http-outgoing-0 << "Content-Security-Policy: default-src 'none'; style-src 'unsafe-inline'; sandbox[\r][\n]"
11:20:45.380 [main] DEBUG org.apache.hc.client5.http.wire - http-outgoing-0 << "Content-Type: text/plain; charset=utf-8[\r][\n]"
11:20:45.380 [main] DEBUG org.apache.hc.client5.http.wire - http-outgoing-0 << "ETag: W/"e82b438271e9e8680c688b0b680efd0bdd22faa6d6f0a32fc1fd8accc486b67e"[\r][\n]"
11:20:45.380 [main] DEBUG org.apache.hc.client5.http.wire - http-outgoing-0 << "Strict-Transport-Security: max-age=31536000[\r][\n]"
11:20:45.380 [main] DEBUG org.apache.hc.client5.http.wire - http-outgoing-0 << "X-Content-Type-Options: nosniff[\r][\n]"
11:20:45.380 [main] DEBUG org.apache.hc.client5.http.wire - http-outgoing-0 << "X-Frame-Options: deny[\r][\n]"
11:20:45.380 [main] DEBUG org.apache.hc.client5.http.wire - http-outgoing-0 << "X-XSS-Protection: 1; mode=block[\r][\n]"
11:20:45.380 [main] DEBUG org.apache.hc.client5.http.wire - http-outgoing-0 << "X-GitHub-Request-Id: 3E20:387383:4A96A:66BC3:65385B42[\r][\n]"
11:20:45.380 [main] DEBUG org.apache.hc.client5.http.wire - http-outgoing-0 << "Content-Encoding: gzip[\r][\n]"
11:20:45.380 [main] DEBUG org.apache.hc.client5.http.wire - http-outgoing-0 << "Accept-Ranges: bytes[\r][\n]"
11:20:45.380 [main] DEBUG org.apache.hc.client5.http.wire - http-outgoing-0 << "Date: Wed, 01 Nov 2023 04:20:46 GMT[\r][\n]"
11:20:45.381 [main] DEBUG org.apache.hc.client5.http.wire - http-outgoing-0 << "Via: 1.1 varnish[\r][\n]"
11:20:45.381 [main] DEBUG org.apache.hc.client5.http.wire - http-outgoing-0 << "X-Served-By: cache-qpg1261-QPG[\r][\n]"
11:20:45.381 [main] DEBUG org.apache.hc.client5.http.wire - http-outgoing-0 << "X-Cache: HIT[\r][\n]"
11:20:45.381 [main] DEBUG org.apache.hc.client5.http.wire - http-outgoing-0 << "X-Cache-Hits: 1[\r][\n]"
11:20:45.381 [main] DEBUG org.apache.hc.client5.http.wire - http-outgoing-0 << "X-Timer: S1698812447.750862,VS0,VE1[\r][\n]"
11:20:45.381 [main] DEBUG org.apache.hc.client5.http.wire - http-outgoing-0 << "Vary: Authorization,Accept-Encoding,Origin[\r][\n]"
11:20:45.381 [main] DEBUG org.apache.hc.client5.http.wire - http-outgoing-0 << "Access-Control-Allow-Origin: *[\r][\n]"
11:20:45.381 [main] DEBUG org.apache.hc.client5.http.wire - http-outgoing-0 << "Cross-Origin-Resource-Policy: cross-origin[\r][\n]"
11:20:45.381 [main] DEBUG org.apache.hc.client5.http.wire - http-outgoing-0 << "X-Fastly-Request-ID: 4af3340989705efcda1dd15462d8b2376083bde6[\r][\n]"
11:20:45.381 [main] DEBUG org.apache.hc.client5.http.wire - http-outgoing-0 << "Expires: Wed, 01 Nov 2023 04:25:46 GMT[\r][\n]"
11:20:45.381 [main] DEBUG org.apache.hc.client5.http.wire - http-outgoing-0 << "Source-Age: 85[\r][\n]"
11:20:45.381 [main] DEBUG org.apache.hc.client5.http.wire - http-outgoing-0 << "[\r][\n]"
11:20:45.383 [main] DEBUG org.apache.hc.client5.http.headers - http-outgoing-0 << HTTP/1.1 200 OK
11:20:45.383 [main] DEBUG org.apache.hc.client5.http.headers - http-outgoing-0 << Connection: keep-alive
11:20:45.384 [main] DEBUG org.apache.hc.client5.http.headers - http-outgoing-0 << Content-Length: 723
11:20:45.384 [main] DEBUG org.apache.hc.client5.http.headers - http-outgoing-0 << Cache-Control: max-age=300
11:20:45.384 [main] DEBUG org.apache.hc.client5.http.headers - http-outgoing-0 << Content-Security-Policy: default-src 'none'; style-src 'unsafe-inline'; sandbox
11:20:45.384 [main] DEBUG org.apache.hc.client5.http.headers - http-outgoing-0 << Content-Type: text/plain; charset=utf-8
11:20:45.384 [main] DEBUG org.apache.hc.client5.http.headers - http-outgoing-0 << ETag: W/"e82b438271e9e8680c688b0b680efd0bdd22faa6d6f0a32fc1fd8accc486b67e"
11:20:45.384 [main] DEBUG org.apache.hc.client5.http.headers - http-outgoing-0 << Strict-Transport-Security: max-age=31536000
11:20:45.384 [main] DEBUG org.apache.hc.client5.http.headers - http-outgoing-0 << X-Content-Type-Options: nosniff
11:20:45.384 [main] DEBUG org.apache.hc.client5.http.headers - http-outgoing-0 << X-Frame-Options: deny
11:20:45.384 [main] DEBUG org.apache.hc.client5.http.headers - http-outgoing-0 << X-XSS-Protection: 1; mode=block
11:20:45.384 [main] DEBUG org.apache.hc.client5.http.headers - http-outgoing-0 << X-GitHub-Request-Id: 3E20:387383:4A96A:66BC3:65385B42
11:20:45.384 [main] DEBUG org.apache.hc.client5.http.headers - http-outgoing-0 << Content-Encoding: gzip
11:20:45.384 [main] DEBUG org.apache.hc.client5.http.headers - http-outgoing-0 << Accept-Ranges: bytes
11:20:45.384 [main] DEBUG org.apache.hc.client5.http.headers - http-outgoing-0 << Date: Wed, 01 Nov 2023 04:20:46 GMT
11:20:45.384 [main] DEBUG org.apache.hc.client5.http.headers - http-outgoing-0 << Via: 1.1 varnish
11:20:45.384 [main] DEBUG org.apache.hc.client5.http.headers - http-outgoing-0 << X-Served-By: cache-qpg1261-QPG
11:20:45.384 [main] DEBUG org.apache.hc.client5.http.headers - http-outgoing-0 << X-Cache: HIT
11:20:45.384 [main] DEBUG org.apache.hc.client5.http.headers - http-outgoing-0 << X-Cache-Hits: 1
11:20:45.384 [main] DEBUG org.apache.hc.client5.http.headers - http-outgoing-0 << X-Timer: S1698812447.750862,VS0,VE1
11:20:45.384 [main] DEBUG org.apache.hc.client5.http.headers - http-outgoing-0 << Vary: Authorization,Accept-Encoding,Origin
11:20:45.384 [main] DEBUG org.apache.hc.client5.http.headers - http-outgoing-0 << Access-Control-Allow-Origin: *
11:20:45.384 [main] DEBUG org.apache.hc.client5.http.headers - http-outgoing-0 << Cross-Origin-Resource-Policy: cross-origin
11:20:45.384 [main] DEBUG org.apache.hc.client5.http.headers - http-outgoing-0 << X-Fastly-Request-ID: 4af3340989705efcda1dd15462d8b2376083bde6
11:20:45.384 [main] DEBUG org.apache.hc.client5.http.headers - http-outgoing-0 << Expires: Wed, 01 Nov 2023 04:25:46 GMT
11:20:45.384 [main] DEBUG org.apache.hc.client5.http.headers - http-outgoing-0 << Source-Age: 85
11:20:45.387 [main] DEBUG org.apache.hc.client5.http.impl.classic.MainClientExec - ex-00000001: connection can be kept alive for 3 MINUTES
11:20:45.390 [main] DEBUG org.apache.hc.client5.http.wire - http-outgoing-0 << "[0x1f][0xffffff8b][0x8][0x0][0x0][0x0][0x0][0x0][0x0][0x3][0xffffffb5]V]o[0xffffffda]0[0x14]}[0xffffffe7]W\[0xffffff81]*[0xffffffb5][0x12][0x1f][[M[0xffffffd3]$[0x1e]hF[0xffffffbb]i [0x18][0xffffffb4][0xffffffdd]&[0xfffffff9][0xffffffc5]$7[0xffffffc1]R[0x12]#;[0xffffff94]v[0xffffffbf]~[0xffffffb6][0xfffffff3]1[0xffffff92][0xffffff9a][0xffffffc1][0x1a]x[0xffffffcb][0xffffffb5][0xffffffaf][0xffffffcf]9[0xffffffbe][0xfffffff7]8v[0xb][0x1c][0x1e]E4[0xfffffff6]$x4[0xffffffa1][0xb]*[0xffffffb1][0xffffffd1][0xffffff82][0xfffffffb]%[0xffffff93][0xffffffe0][0xffffffb3][0x10][0xffffffc1][0xffffffe5]qBY,!Y[0xffffffea] KM8,[0x10][0xfffffff0][0x19][0xffffffdd]u[0xffffff82][0x1e][0xffffffb0][0xffffffd8]L[0xffffffcb]%[0xffffff86][0xffffffa1][0xe][0xffffffb8][0xfffffff0]P[0xffffffe8]$[0xf][0x13]t[0x13]3[0xfffffff9][0xffffff84]B2[0xffffffae][0xffffffe6]|@[0xfffffff5][0x1d][0x8][0xffffffc4][0x18][0x16][0xffffff82]o[0xffffffa4][0xffffff9a]P[0xffffff94][0xffffffe7][0xffffffce]R[0xfffffff0][0x8][0xffffffdb]p[0xffffffcb][0x4][0xfffffffa][0xfffffffc][0xffffffb9][\r][0xffffff93][0x15][\n]"
11:20:45.390 [main] DEBUG org.apache.hc.client5.http.wire - http-outgoing-0 << "[0xffffffda][0xffffff86][0xffffffa1][0x17][0xffffffa8]Q3[0xffffffcb][0xffffffd6][0xffffffd1][0xffffff85][0xffffffc6][0xfffffff7][0xffffff98][0xffffffef][0xffffffa3][0xffffffc0]8[0x1][0xffffffae]s[0x12][0x16][0x7] _d[0xffffff82][0xffffff91][0xffffff84][0xfffffff3][0x1f],[0xfffffff6][0x14]j[0x1b]F,^+[0xffffff98]1ua2[0xffffffbf]h([0xffffff8e][0xffffff94][0xffffffa2][0xffffff91]m[0xffffffa3][0xffffffeb][0xffffff9a][0xffffffb0][0xffffffbb]I[0x17]t[0xffffffdf][0xffffffbd][0xffffffef][0xffffffbb][0xffffff91][0xffffffd7]U[0xffffffbb][0xffffff82][0xffffff9e][0x3][0xffffff9b][0xffffff88][0xffffffb9][0xffffffa6]$[0xffffffa6][0xc][0xffffff9b][0xffffffa5][0xffffffe2][0xffffff83][0xffffff98]F[0xffffffd8]o[0xffffff9e]Mg[0xffffff93][0xffffffbb][0xffffffd9]`|[0xfffffffb]u4[0xffffff9c][0x7f]"}B[0xffffffce][0x8][0xffffffb9][0xffffffe3]<[0x8][0xffffff91][0xffffff90][0xffffff94][0xffffff82][0xffffff90][0xffffffc1]j[0x15]2WI[0xffffffe3]1![0x19][0xffffff91]BnB[0xffffff80][0x9]<f[0xffffffb5][0xffffffe8]=[0xffffffd1]p[0xffffffbd][[0xffffffcf][0xffffffe5][0x1b][0xfffffff4][0xffffff9c][0xffffffff][0xfffffffc][0xfffffff8][0xffffffe1][0xffffffe2][0xffffff94][0xffffffa2][0xffffffae][0xe][0x14]5[0xffffff9a]8[0xffffff83][0xffffffd1]`:[0xfffffffd]<[0xffffffb8][0x1f][0xffffff9c]R[0xffffffcf]u[0x7f]6[0xffffffbc][0xffffff83][0xffffffef][0xf][0xffffffc3][0xffffffd9]/[0xfffffff8][0xfffffff2][0xffffffcd]y s[0xffffffee]'[0x1b]*0g[0xffffffcb][0xffffffc8]nF7H][0xffffff83][0xffffff97]{[0xffffffb1]Q[0x5][\r][0xffffffb5]c[0xffffffb4][0xf][0x2][0xffffffb3][0xffffffb4][0xffffff93][0xe]C[0xffffffa7][0xffffffb3]kAD][0xffffff9d][0xffffffde][0xffffffdb][0xffffffda][0xffffff88][0xffffffec][0xffffffa5][0xffffffbc][0xffffff99][0xffffffd9][0xffffffba]t[0xffffffb5][0xffffffea]9[0xffffffea][0x10])[0xffffffb7][0xffffffca][0xffffff9e][0xfffffff2][0xffffffe2]d^N[0xffffffd8]FW[0x16][0xffffffcd][0xffffffdc]_[0x10][0xfffffff9]i|[0x1c][0xffffff93][0xffffff8e][0xfffffff9]o[0x16][0xffffff86]4'!$G[0xffffffdf]W[0xfffffff4]W*j[[0xfffffff3]xR[0xffffffae][0xffffffb6][0xc][0xffffffd0],; #[0xffffffa9][0xffffff92]5[0xffffffb5][0x7][0xffffff9c][0xffffffb5][0xffffffd0][0x7f][0xffffff90][0xffffffc7]jgs[0xfffffffc][0xffffffc2][0xb][0xffffffd9][0x0]t[0xffffff9e]^'Y[0xfffffffb][0xffffff9f][0xffffffb1][0xffffffd8]:[0xffffffbf][0xffffff8d][0xffffffa5][0xffffff9a][0xffffffad][0x7f]m[0x5]&[0xffffffaa][0xffffffa0]^[0xffffff9b][0xffffffcb][0x5]f[0xffffffae][0xffffffe0]RU[0xffffff82][0x10]MS9l[0xffffff91]4t[0xfffffffb][0xffffff8a]][0xffffffd6][0xfffffff4][0xffffff96][0xffffffa6][0xffffff9f]P[0xffffffce][0xffffffd5][0xffffffce][0xffffff93][0xffffffff][0xffffff97][0xffffffcc]p[0xfffffffd][0xfffffff3][0xffffffe8][0x1b][0xffffffcc][0xffffffa2][0xffffffd9]Q[0xffffffbe][0xffffffb2][0xffffffa3][0xffffffc7]m'[0xffffffdf][0xffffffe4][[0xfffffffb]^[0xffffffb0][0xffffff9a][0xffffffbe][0xffffffda][0xffffffda]_[0xffffffce][0xffffff80][0xffffffd2][0xffffffc1]7[0xffffffb7]][0xffffffc1]b[0xffffffee][0xffffffb5][0xffffffff]w[0xffffff83][0xffffffed][0xffffffa7];[0x15]<[0x10]4[0xffffff92][0xffffff84][0x18][\n]"
11:20:45.390 [main] DEBUG org.apache.hc.client5.http.wire - http-outgoing-0 << "BB[0xffffffba][0xffffff8e]][0xffffffb5]jo[0xffffffb9]+"[0xffffffea][0xffffffb4][0xffffffff]h"[0xffffffea]\?5[0xffffffa9][0xffffffaf]k[0xffffffec][0xffffffff]P[0xffffffea][\n]"
11:20:45.390 [main] DEBUG org.apache.hc.client5.http.wire - http-outgoing-0 << "w[0xffffffe1]K[0x13][0xffffffda][0xffffffec][0xffffff98][0xffffffe6]Y[0xfffffffd]h8m6[0xffffff9c]T[0xffffffc1][0xfffffff2][0xffffffa7][0xffffff91]z_[0xffffff95]o85p[0x1c][0x13][0xffffffe6][0xfffffff0]5[0xffffffee][0xfffffffc][0xffffff92][0xffffff96][0xffffffda][0xfffffff7][0xffffffcf][0xffffffb1][0x5][0x1d][0xffffffea]K[0xffffff9b]9[0xffffff8e][0xffffffad]e[0xfffffff7][0xffffff93][0xffffffa8]`[0xffffffda][0xffffffff][0x1a][0xffffffd2][0xffffff88][0xffffff85][0xfffffffd][0xfffffff2][0xffffff91]N[0xfffffff6]`[0xffffffdf]2[0xffffffcf][0xffffffae]E[0xffffff97][0xffffffc5][0xffffffa2][0xffffff9d][0xffffffef]'[0xffffff9d]mun.[0xffffffd3]f^[0xffffffc7][0xffffff82][0xffffffda][0xffffff82]9[0xfffffff5][0xffffffa9]`[0x5][0xffffffbc]4[0xffffffa1][0x1d]<M[0xffffffb5]A[0xffffffa7]3[[0xffffffc0][0x7f][0x0][0xffffffc1][0xffffffd0]$[0xffffff85][0x1d][\r][0x0][0x0]"
11:20:45.391 [main] DEBUG org.apache.hc.client5.http.impl.classic.InternalHttpClient - ep-00000000: releasing valid endpoint
11:20:45.391 [main] DEBUG org.apache.hc.client5.http.impl.io.PoolingHttpClientConnectionManager - ep-00000000: releasing endpoint
11:20:45.391 [main] DEBUG org.apache.hc.client5.http.impl.io.PoolingHttpClientConnectionManager - ep-00000000: connection http-outgoing-0 can be kept alive for 3 MINUTES
11:20:45.392 [main] DEBUG org.apache.hc.client5.http.impl.io.PoolingHttpClientConnectionManager - ep-00000000: connection released [route: {s}->https://raw.githubusercontent.com:443][total available: 1; route allocated: 1 of 5; total allocated: 1 of 25]
11:20:45.392 [main] DEBUG io.github.bonigarcia.wdm.versions.VersionDetector - Detecting chrome version using online commands.properties
11:20:45.393 [main] DEBUG io.github.bonigarcia.wdm.versions.Shell - Running command on the shell: [cmd.exe, /C, wmic, datafile, where, name="%PROGRAMFILES:\=\\%\\Google\\Chrome\\Application\\chrome.exe", get, Version, /value]
11:20:45.577 [main] DEBUG io.github.bonigarcia.wdm.versions.Shell - Result: Version=118.0.5993.118
11:20:45.583 [main] DEBUG org.apache.hc.client5.http.impl.classic.InternalHttpClient - ex-00000002: preparing request execution
11:20:45.583 [main] DEBUG org.apache.hc.client5.http.protocol.RequestAddCookies - Cookie spec selected: strict
11:20:45.583 [main] DEBUG org.apache.hc.client5.http.protocol.RequestAuthCache - Auth cache not set in the context
11:20:45.583 [main] DEBUG org.apache.hc.client5.http.impl.classic.ProtocolExec - ex-00000002: target auth state: UNCHALLENGED
11:20:45.584 [main] DEBUG org.apache.hc.client5.http.impl.classic.ProtocolExec - ex-00000002: proxy auth state: UNCHALLENGED
11:20:45.584 [main] DEBUG org.apache.hc.client5.http.impl.classic.ConnectExec - ex-00000002: acquiring connection with route {s}->https://chromedriver.storage.googleapis.com:443
11:20:45.584 [main] DEBUG org.apache.hc.client5.http.impl.classic.InternalHttpClient - ex-00000002: acquiring endpoint (3 MINUTES)
11:20:45.584 [main] DEBUG org.apache.hc.client5.http.impl.io.PoolingHttpClientConnectionManager - ex-00000002: endpoint lease request (3 MINUTES) [route: {s}->https://chromedriver.storage.googleapis.com:443][total available: 1; route allocated: 0 of 5; total allocated: 1 of 25]
11:20:45.584 [main] DEBUG org.apache.hc.client5.http.impl.io.PoolingHttpClientConnectionManager - ex-00000002: endpoint leased [route: {s}->https://chromedriver.storage.googleapis.com:443][total available: 1; route allocated: 1 of 5; total allocated: 2 of 25]
11:20:45.584 [main] DEBUG org.apache.hc.client5.http.impl.io.PoolingHttpClientConnectionManager - ex-00000002: acquired ep-00000001
11:20:45.584 [main] DEBUG org.apache.hc.client5.http.impl.classic.InternalHttpClient - ex-00000002: acquired endpoint ep-00000001
11:20:45.584 [main] DEBUG org.apache.hc.client5.http.impl.classic.ConnectExec - ex-00000002: opening connection {s}->https://chromedriver.storage.googleapis.com:443
11:20:45.584 [main] DEBUG org.apache.hc.client5.http.impl.classic.InternalHttpClient - ep-00000001: connecting endpoint (30 SECONDS)
11:20:45.584 [main] DEBUG org.apache.hc.client5.http.impl.io.PoolingHttpClientConnectionManager - ep-00000001: connecting endpoint to https://chromedriver.storage.googleapis.com:443 (30 SECONDS)
11:20:45.642 [main] DEBUG org.apache.hc.client5.http.impl.io.DefaultHttpClientConnectionOperator - http-outgoing-1: connecting to chromedriver.storage.googleapis.com/142.251.221.155:443
11:20:45.642 [main] DEBUG org.apache.hc.client5.http.ssl.SSLConnectionSocketFactory - Connecting socket to chromedriver.storage.googleapis.com/142.251.221.155:443 with timeout 30 SECONDS
11:20:45.691 [main] DEBUG org.apache.hc.client5.http.ssl.SSLConnectionSocketFactory - Enabled protocols: [TLSv1.3, TLSv1.2]
11:20:45.691 [main] DEBUG org.apache.hc.client5.http.ssl.SSLConnectionSocketFactory - Enabled cipher suites: [TLS_AES_256_GCM_SHA384, TLS_AES_128_GCM_SHA256, TLS_CHACHA20_POLY1305_SHA256, TLS_ECDHE_ECDSA_WITH_AES_256_GCM_SHA384, TLS_ECDHE_ECDSA_WITH_AES_128_GCM_SHA256, TLS_ECDHE_ECDSA_WITH_CHACHA20_POLY1305_SHA256, TLS_ECDHE_RSA_WITH_AES_256_GCM_SHA384, TLS_ECDHE_RSA_WITH_CHACHA20_POLY1305_SHA256, TLS_ECDHE_RSA_WITH_AES_128_GCM_SHA256, TLS_DHE_RSA_WITH_AES_256_GCM_SHA384, TLS_DHE_RSA_WITH_CHACHA20_POLY1305_SHA256, TLS_DHE_DSS_WITH_AES_256_GCM_SHA384, TLS_DHE_RSA_WITH_AES_128_GCM_SHA256, TLS_DHE_DSS_WITH_AES_128_GCM_SHA256, TLS_ECDHE_ECDSA_WITH_AES_256_CBC_SHA384, TLS_ECDHE_RSA_WITH_AES_256_CBC_SHA384, TLS_ECDHE_ECDSA_WITH_AES_128_CBC_SHA256, TLS_ECDHE_RSA_WITH_AES_128_CBC_SHA256, TLS_DHE_RSA_WITH_AES_256_CBC_SHA256, TLS_DHE_DSS_WITH_AES_256_CBC_SHA256, TLS_DHE_RSA_WITH_AES_128_CBC_SHA256, TLS_DHE_DSS_WITH_AES_128_CBC_SHA256, TLS_ECDH_ECDSA_WITH_AES_256_GCM_SHA384, TLS_ECDH_RSA_WITH_AES_256_GCM_SHA384, TLS_ECDH_ECDSA_WITH_AES_128_GCM_SHA256, TLS_ECDH_RSA_WITH_AES_128_GCM_SHA256, TLS_ECDH_ECDSA_WITH_AES_256_CBC_SHA384, TLS_ECDH_RSA_WITH_AES_256_CBC_SHA384, TLS_ECDH_ECDSA_WITH_AES_128_CBC_SHA256, TLS_ECDH_RSA_WITH_AES_128_CBC_SHA256, TLS_ECDHE_ECDSA_WITH_AES_256_CBC_SHA, TLS_ECDHE_RSA_WITH_AES_256_CBC_SHA, TLS_ECDHE_ECDSA_WITH_AES_128_CBC_SHA, TLS_ECDHE_RSA_WITH_AES_128_CBC_SHA, TLS_DHE_RSA_WITH_AES_256_CBC_SHA, TLS_DHE_DSS_WITH_AES_256_CBC_SHA, TLS_DHE_RSA_WITH_AES_128_CBC_SHA, TLS_DHE_DSS_WITH_AES_128_CBC_SHA, TLS_ECDH_ECDSA_WITH_AES_256_CBC_SHA, TLS_ECDH_RSA_WITH_AES_256_CBC_SHA, TLS_ECDH_ECDSA_WITH_AES_128_CBC_SHA, TLS_ECDH_RSA_WITH_AES_128_CBC_SHA, TLS_RSA_WITH_AES_256_GCM_SHA384, TLS_RSA_WITH_AES_128_GCM_SHA256, TLS_RSA_WITH_AES_256_CBC_SHA256, TLS_RSA_WITH_AES_128_CBC_SHA256, TLS_RSA_WITH_AES_256_CBC_SHA, TLS_RSA_WITH_AES_128_CBC_SHA, TLS_EMPTY_RENEGOTIATION_INFO_SCSV]
11:20:45.692 [main] DEBUG org.apache.hc.client5.http.ssl.SSLConnectionSocketFactory - Starting handshake
11:20:45.790 [main] DEBUG org.apache.hc.client5.http.ssl.SSLConnectionSocketFactory - Secure session established
11:20:45.790 [main] DEBUG org.apache.hc.client5.http.ssl.SSLConnectionSocketFactory -  negotiated protocol: TLSv1.3
11:20:45.790 [main] DEBUG org.apache.hc.client5.http.ssl.SSLConnectionSocketFactory -  negotiated cipher suite: TLS_AES_256_GCM_SHA384
11:20:45.790 [main] DEBUG org.apache.hc.client5.http.ssl.SSLConnectionSocketFactory -  peer principal: CN=*.storage.googleapis.com
11:20:45.790 [main] DEBUG org.apache.hc.client5.http.ssl.SSLConnectionSocketFactory -  peer alternative names: [*.storage.googleapis.com, *.googleapis.com, commondatastorage.googleapis.com, *.commondatastorage.googleapis.com, storage.googleapis.com, storage-p2.googleapis.com, *.storage-p2.googleapis.com, storage.mtls.googleapis.com, *.appspot.com.storage.googleapis.com, *.content-storage.googleapis.com, *.content-storage-p2.googleapis.com, *.content-storage-upload.googleapis.com, *.content-storage-download.googleapis.com, *.storage-upload.googleapis.com, *.storage-download.googleapis.com]
11:20:45.790 [main] DEBUG org.apache.hc.client5.http.ssl.SSLConnectionSocketFactory -  issuer principal: CN=GTS CA 1C3, O=Google Trust Services LLC, C=US
11:20:45.790 [main] DEBUG org.apache.hc.client5.http.impl.io.DefaultHttpClientConnectionOperator - http-outgoing-1: connection established 192.168.153.146:61020<->142.251.221.155:443
11:20:45.790 [main] DEBUG org.apache.hc.client5.http.impl.io.PoolingHttpClientConnectionManager - ep-00000001: connected http-outgoing-1
11:20:45.790 [main] DEBUG org.apache.hc.client5.http.impl.classic.InternalHttpClient - ep-00000001: endpoint connected
11:20:45.790 [main] DEBUG org.apache.hc.client5.http.impl.classic.MainClientExec - ex-00000002: executing GET /LATEST_RELEASE_118 HTTP/1.1
11:20:45.790 [main] DEBUG org.apache.hc.client5.http.impl.classic.InternalHttpClient - ep-00000001: start execution ex-00000002
11:20:45.790 [main] DEBUG org.apache.hc.client5.http.impl.io.PoolingHttpClientConnectionManager - ep-00000001: executing exchange ex-00000002 over http-outgoing-1
11:20:45.790 [main] DEBUG org.apache.hc.client5.http.headers - http-outgoing-1 >> GET /LATEST_RELEASE_118 HTTP/1.1
11:20:45.790 [main] DEBUG org.apache.hc.client5.http.headers - http-outgoing-1 >> user-agent: Apache-HttpClient/5.0
11:20:45.791 [main] DEBUG org.apache.hc.client5.http.headers - http-outgoing-1 >> accept-encoding: gzip, deflate, br
11:20:45.791 [main] DEBUG org.apache.hc.client5.http.headers - http-outgoing-1 >> cache-control: max-age=0
11:20:45.791 [main] DEBUG org.apache.hc.client5.http.headers - http-outgoing-1 >> connection: keep-alive
11:20:45.791 [main] DEBUG org.apache.hc.client5.http.headers - http-outgoing-1 >> Host: chromedriver.storage.googleapis.com
11:20:45.791 [main] DEBUG org.apache.hc.client5.http.wire - http-outgoing-1 >> "GET /LATEST_RELEASE_118 HTTP/1.1[\r][\n]"
11:20:45.791 [main] DEBUG org.apache.hc.client5.http.wire - http-outgoing-1 >> "user-agent: Apache-HttpClient/5.0[\r][\n]"
11:20:45.791 [main] DEBUG org.apache.hc.client5.http.wire - http-outgoing-1 >> "accept-encoding: gzip, deflate, br[\r][\n]"
11:20:45.791 [main] DEBUG org.apache.hc.client5.http.wire - http-outgoing-1 >> "cache-control: max-age=0[\r][\n]"
11:20:45.791 [main] DEBUG org.apache.hc.client5.http.wire - http-outgoing-1 >> "connection: keep-alive[\r][\n]"
11:20:45.791 [main] DEBUG org.apache.hc.client5.http.wire - http-outgoing-1 >> "Host: chromedriver.storage.googleapis.com[\r][\n]"
11:20:45.791 [main] DEBUG org.apache.hc.client5.http.wire - http-outgoing-1 >> "[\r][\n]"
11:20:46.051 [main] DEBUG org.apache.hc.client5.http.wire - http-outgoing-1 << "HTTP/1.1 404 Not Found[\r][\n]"
11:20:46.051 [main] DEBUG org.apache.hc.client5.http.wire - http-outgoing-1 << "X-GUploader-UploadID: ABPtcPqGha4e71LGe3WestOKBtUdOlOxyHn2s8hxwt0B_dam-hCRfJgZnvXKxalt_jw1bTjH9MBWLlI1RBT4xK6PqhF5Ew[\r][\n]"
11:20:46.051 [main] DEBUG org.apache.hc.client5.http.wire - http-outgoing-1 << "Content-Type: application/xml; charset=UTF-8[\r][\n]"
11:20:46.051 [main] DEBUG org.apache.hc.client5.http.wire - http-outgoing-1 << "Content-Length: 193[\r][\n]"
11:20:46.051 [main] DEBUG org.apache.hc.client5.http.wire - http-outgoing-1 << "Date: Wed, 01 Nov 2023 04:20:47 GMT[\r][\n]"
11:20:46.051 [main] DEBUG org.apache.hc.client5.http.wire - http-outgoing-1 << "Expires: Wed, 01 Nov 2023 04:20:47 GMT[\r][\n]"
11:20:46.052 [main] DEBUG org.apache.hc.client5.http.wire - http-outgoing-1 << "Cache-Control: private, max-age=0[\r][\n]"
11:20:46.052 [main] DEBUG org.apache.hc.client5.http.wire - http-outgoing-1 << "Server: UploadServer[\r][\n]"
11:20:46.052 [main] DEBUG org.apache.hc.client5.http.wire - http-outgoing-1 << "Alt-Svc: h3=":443"; ma=2592000,h3-29=":443"; ma=2592000[\r][\n]"
11:20:46.052 [main] DEBUG org.apache.hc.client5.http.wire - http-outgoing-1 << "[\r][\n]"
11:20:46.052 [main] DEBUG org.apache.hc.client5.http.wire - http-outgoing-1 << "<?xml version='1.0' encoding='UTF-8'?><Error><Code>NoSuchKey</Code><Message>The specified key does not exist.</Message><Details>No such object: chromedriver/LATEST_RELEASE_118</Details></Error>"
11:20:46.053 [main] DEBUG org.apache.hc.client5.http.headers - http-outgoing-1 << HTTP/1.1 404 Not Found
11:20:46.053 [main] DEBUG org.apache.hc.client5.http.headers - http-outgoing-1 << X-GUploader-UploadID: ABPtcPqGha4e71LGe3WestOKBtUdOlOxyHn2s8hxwt0B_dam-hCRfJgZnvXKxalt_jw1bTjH9MBWLlI1RBT4xK6PqhF5Ew
11:20:46.053 [main] DEBUG org.apache.hc.client5.http.headers - http-outgoing-1 << Content-Type: application/xml; charset=UTF-8
11:20:46.053 [main] DEBUG org.apache.hc.client5.http.headers - http-outgoing-1 << Content-Length: 193
11:20:46.053 [main] DEBUG org.apache.hc.client5.http.headers - http-outgoing-1 << Date: Wed, 01 Nov 2023 04:20:47 GMT
11:20:46.053 [main] DEBUG org.apache.hc.client5.http.headers - http-outgoing-1 << Expires: Wed, 01 Nov 2023 04:20:47 GMT
11:20:46.053 [main] DEBUG org.apache.hc.client5.http.headers - http-outgoing-1 << Cache-Control: private, max-age=0
11:20:46.053 [main] DEBUG org.apache.hc.client5.http.headers - http-outgoing-1 << Server: UploadServer
11:20:46.053 [main] DEBUG org.apache.hc.client5.http.headers - http-outgoing-1 << Alt-Svc: h3=":443"; ma=2592000,h3-29=":443"; ma=2592000
11:20:46.055 [main] DEBUG org.apache.hc.client5.http.impl.classic.MainClientExec - ex-00000002: connection can be kept alive for 3 MINUTES
11:20:46.055 [main] ERROR io.github.bonigarcia.wdm.online.HttpClient - Error HTTP 404 executing https://chromedriver.storage.googleapis.com/LATEST_RELEASE_118
11:20:46.055 [main] WARN io.github.bonigarcia.wdm.versions.VersionDetector - Exception reading https://chromedriver.storage.googleapis.com/LATEST_RELEASE_118 to get latest version of chromedriver (Error HTTP 404 executing https://chromedriver.storage.googleapis.com/LATEST_RELEASE_118)
11:20:46.061 [main] DEBUG io.github.bonigarcia.wdm.versions.VersionDetector - Getting driver version for chrome118 from online versions.properties
11:20:46.064 [main] DEBUG org.apache.hc.client5.http.impl.classic.InternalHttpClient - ex-00000003: preparing request execution
11:20:46.064 [main] DEBUG org.apache.hc.client5.http.protocol.RequestAddCookies - Cookie spec selected: strict
11:20:46.064 [main] DEBUG org.apache.hc.client5.http.protocol.RequestAuthCache - Auth cache not set in the context
11:20:46.064 [main] DEBUG org.apache.hc.client5.http.impl.classic.ProtocolExec - ex-00000003: target auth state: UNCHALLENGED
11:20:46.064 [main] DEBUG org.apache.hc.client5.http.impl.classic.ProtocolExec - ex-00000003: proxy auth state: UNCHALLENGED
11:20:46.065 [main] DEBUG org.apache.hc.client5.http.impl.classic.ConnectExec - ex-00000003: acquiring connection with route {s}->https://raw.githubusercontent.com:443
11:20:46.065 [main] DEBUG org.apache.hc.client5.http.impl.classic.InternalHttpClient - ex-00000003: acquiring endpoint (3 MINUTES)
11:20:46.065 [main] DEBUG org.apache.hc.client5.http.impl.io.PoolingHttpClientConnectionManager - ex-00000003: endpoint lease request (3 MINUTES) [route: {s}->https://raw.githubusercontent.com:443][total available: 1; route allocated: 1 of 5; total allocated: 2 of 25]
11:20:46.065 [main] DEBUG org.apache.hc.client5.http.impl.io.PoolingHttpClientConnectionManager - ex-00000003: endpoint leased [route: {s}->https://raw.githubusercontent.com:443][total available: 0; route allocated: 1 of 5; total allocated: 2 of 25]
11:20:46.066 [main] DEBUG org.apache.hc.client5.http.impl.io.PoolingHttpClientConnectionManager - ex-00000003: acquired ep-00000002
11:20:46.066 [main] DEBUG org.apache.hc.client5.http.impl.classic.InternalHttpClient - ex-00000003: acquired endpoint ep-00000002
11:20:46.066 [main] DEBUG org.apache.hc.client5.http.impl.classic.MainClientExec - ex-00000003: executing GET /bonigarcia/webdrivermanager/master/src/main/resources/versions.properties HTTP/1.1
11:20:46.066 [main] DEBUG org.apache.hc.client5.http.impl.classic.InternalHttpClient - ep-00000002: start execution ex-00000003
11:20:46.066 [main] DEBUG org.apache.hc.client5.http.impl.io.PoolingHttpClientConnectionManager - ep-00000002: executing exchange ex-00000003 over http-outgoing-0
11:20:46.066 [main] DEBUG org.apache.hc.client5.http.headers - http-outgoing-0 >> GET /bonigarcia/webdrivermanager/master/src/main/resources/versions.properties HTTP/1.1
11:20:46.066 [main] DEBUG org.apache.hc.client5.http.headers - http-outgoing-0 >> user-agent: Apache-HttpClient/5.0
11:20:46.066 [main] DEBUG org.apache.hc.client5.http.headers - http-outgoing-0 >> accept-encoding: gzip, deflate, br
11:20:46.067 [main] DEBUG org.apache.hc.client5.http.headers - http-outgoing-0 >> cache-control: max-age=0
11:20:46.067 [main] DEBUG org.apache.hc.client5.http.headers - http-outgoing-0 >> connection: keep-alive
11:20:46.067 [main] DEBUG org.apache.hc.client5.http.headers - http-outgoing-0 >> Host: raw.githubusercontent.com
11:20:46.067 [main] DEBUG org.apache.hc.client5.http.wire - http-outgoing-0 >> "GET /bonigarcia/webdrivermanager/master/src/main/resources/versions.properties HTTP/1.1[\r][\n]"
11:20:46.067 [main] DEBUG org.apache.hc.client5.http.wire - http-outgoing-0 >> "user-agent: Apache-HttpClient/5.0[\r][\n]"
11:20:46.067 [main] DEBUG org.apache.hc.client5.http.wire - http-outgoing-0 >> "accept-encoding: gzip, deflate, br[\r][\n]"
11:20:46.067 [main] DEBUG org.apache.hc.client5.http.wire - http-outgoing-0 >> "cache-control: max-age=0[\r][\n]"
11:20:46.067 [main] DEBUG org.apache.hc.client5.http.wire - http-outgoing-0 >> "connection: keep-alive[\r][\n]"
11:20:46.067 [main] DEBUG org.apache.hc.client5.http.wire - http-outgoing-0 >> "Host: raw.githubusercontent.com[\r][\n]"
11:20:46.067 [main] DEBUG org.apache.hc.client5.http.wire - http-outgoing-0 >> "[\r][\n]"
11:20:46.127 [main] DEBUG org.apache.hc.client5.http.wire - http-outgoing-0 << "HTTP/1.1 200 OK[\r][\n]"
11:20:46.127 [main] DEBUG org.apache.hc.client5.http.wire - http-outgoing-0 << "Connection: keep-alive[\r][\n]"
11:20:46.127 [main] DEBUG org.apache.hc.client5.http.wire - http-outgoing-0 << "Content-Length: 1642[\r][\n]"
11:20:46.127 [main] DEBUG org.apache.hc.client5.http.wire - http-outgoing-0 << "Cache-Control: max-age=300[\r][\n]"
11:20:46.128 [main] DEBUG org.apache.hc.client5.http.wire - http-outgoing-0 << "Content-Security-Policy: default-src 'none'; style-src 'unsafe-inline'; sandbox[\r][\n]"
11:20:46.128 [main] DEBUG org.apache.hc.client5.http.wire - http-outgoing-0 << "Content-Type: text/plain; charset=utf-8[\r][\n]"
11:20:46.128 [main] DEBUG org.apache.hc.client5.http.wire - http-outgoing-0 << "ETag: W/"9bab34243c8257a6f7b67f6ca55d71b8fcfd2dc7dd256582ea2c145a71858a7c"[\r][\n]"
11:20:46.128 [main] DEBUG org.apache.hc.client5.http.wire - http-outgoing-0 << "Strict-Transport-Security: max-age=31536000[\r][\n]"
11:20:46.128 [main] DEBUG org.apache.hc.client5.http.wire - http-outgoing-0 << "X-Content-Type-Options: nosniff[\r][\n]"
11:20:46.128 [main] DEBUG org.apache.hc.client5.http.wire - http-outgoing-0 << "X-Frame-Options: deny[\r][\n]"
11:20:46.128 [main] DEBUG org.apache.hc.client5.http.wire - http-outgoing-0 << "X-XSS-Protection: 1; mode=block[\r][\n]"
11:20:46.128 [main] DEBUG org.apache.hc.client5.http.wire - http-outgoing-0 << "X-GitHub-Request-Id: 52C8:383115:1FC0AF:27C683:653A42B6[\r][\n]"
11:20:46.128 [main] DEBUG org.apache.hc.client5.http.wire - http-outgoing-0 << "Content-Encoding: gzip[\r][\n]"
11:20:46.128 [main] DEBUG org.apache.hc.client5.http.wire - http-outgoing-0 << "Accept-Ranges: bytes[\r][\n]"
11:20:46.129 [main] DEBUG org.apache.hc.client5.http.wire - http-outgoing-0 << "Date: Wed, 01 Nov 2023 04:20:47 GMT[\r][\n]"
11:20:46.129 [main] DEBUG org.apache.hc.client5.http.wire - http-outgoing-0 << "Via: 1.1 varnish[\r][\n]"
11:20:46.129 [main] DEBUG org.apache.hc.client5.http.wire - http-outgoing-0 << "X-Served-By: cache-qpg1261-QPG[\r][\n]"
11:20:46.129 [main] DEBUG org.apache.hc.client5.http.wire - http-outgoing-0 << "X-Cache: HIT[\r][\n]"
11:20:46.129 [main] DEBUG org.apache.hc.client5.http.wire - http-outgoing-0 << "X-Cache-Hits: 1[\r][\n]"
11:20:46.129 [main] DEBUG org.apache.hc.client5.http.wire - http-outgoing-0 << "X-Timer: S1698812448.504170,VS0,VE1[\r][\n]"
11:20:46.129 [main] DEBUG org.apache.hc.client5.http.wire - http-outgoing-0 << "Vary: Authorization,Accept-Encoding,Origin[\r][\n]"
11:20:46.129 [main] DEBUG org.apache.hc.client5.http.wire - http-outgoing-0 << "Access-Control-Allow-Origin: *[\r][\n]"
11:20:46.129 [main] DEBUG org.apache.hc.client5.http.wire - http-outgoing-0 << "Cross-Origin-Resource-Policy: cross-origin[\r][\n]"
11:20:46.129 [main] DEBUG org.apache.hc.client5.http.wire - http-outgoing-0 << "X-Fastly-Request-ID: 61870724523705897166ed7cdb1d5b1819301015[\r][\n]"
11:20:46.130 [main] DEBUG org.apache.hc.client5.http.wire - http-outgoing-0 << "Expires: Wed, 01 Nov 2023 04:25:47 GMT[\r][\n]"
11:20:46.130 [main] DEBUG org.apache.hc.client5.http.wire - http-outgoing-0 << "Source-Age: 35[\r][\n]"
11:20:46.130 [main] DEBUG org.apache.hc.client5.http.wire - http-outgoing-0 << "[\r][\n]"
11:20:46.130 [main] DEBUG org.apache.hc.client5.http.headers - http-outgoing-0 << HTTP/1.1 200 OK
11:20:46.131 [main] DEBUG org.apache.hc.client5.http.headers - http-outgoing-0 << Connection: keep-alive
11:20:46.131 [main] DEBUG org.apache.hc.client5.http.headers - http-outgoing-0 << Content-Length: 1642
11:20:46.131 [main] DEBUG org.apache.hc.client5.http.headers - http-outgoing-0 << Cache-Control: max-age=300
11:20:46.131 [main] DEBUG org.apache.hc.client5.http.headers - http-outgoing-0 << Content-Security-Policy: default-src 'none'; style-src 'unsafe-inline'; sandbox
11:20:46.131 [main] DEBUG org.apache.hc.client5.http.headers - http-outgoing-0 << Content-Type: text/plain; charset=utf-8
11:20:46.131 [main] DEBUG org.apache.hc.client5.http.headers - http-outgoing-0 << ETag: W/"9bab34243c8257a6f7b67f6ca55d71b8fcfd2dc7dd256582ea2c145a71858a7c"
11:20:46.131 [main] DEBUG org.apache.hc.client5.http.headers - http-outgoing-0 << Strict-Transport-Security: max-age=31536000
11:20:46.131 [main] DEBUG org.apache.hc.client5.http.headers - http-outgoing-0 << X-Content-Type-Options: nosniff
11:20:46.131 [main] DEBUG org.apache.hc.client5.http.headers - http-outgoing-0 << X-Frame-Options: deny
11:20:46.131 [main] DEBUG org.apache.hc.client5.http.headers - http-outgoing-0 << X-XSS-Protection: 1; mode=block
11:20:46.131 [main] DEBUG org.apache.hc.client5.http.headers - http-outgoing-0 << X-GitHub-Request-Id: 52C8:383115:1FC0AF:27C683:653A42B6
11:20:46.132 [main] DEBUG org.apache.hc.client5.http.headers - http-outgoing-0 << Content-Encoding: gzip
11:20:46.132 [main] DEBUG org.apache.hc.client5.http.headers - http-outgoing-0 << Accept-Ranges: bytes
11:20:46.132 [main] DEBUG org.apache.hc.client5.http.headers - http-outgoing-0 << Date: Wed, 01 Nov 2023 04:20:47 GMT
11:20:46.132 [main] DEBUG org.apache.hc.client5.http.headers - http-outgoing-0 << Via: 1.1 varnish
11:20:46.132 [main] DEBUG org.apache.hc.client5.http.headers - http-outgoing-0 << X-Served-By: cache-qpg1261-QPG
11:20:46.132 [main] DEBUG org.apache.hc.client5.http.headers - http-outgoing-0 << X-Cache: HIT
11:20:46.132 [main] DEBUG org.apache.hc.client5.http.headers - http-outgoing-0 << X-Cache-Hits: 1
11:20:46.132 [main] DEBUG org.apache.hc.client5.http.headers - http-outgoing-0 << X-Timer: S1698812448.504170,VS0,VE1
11:20:46.132 [main] DEBUG org.apache.hc.client5.http.headers - http-outgoing-0 << Vary: Authorization,Accept-Encoding,Origin
11:20:46.132 [main] DEBUG org.apache.hc.client5.http.headers - http-outgoing-0 << Access-Control-Allow-Origin: *
11:20:46.132 [main] DEBUG org.apache.hc.client5.http.headers - http-outgoing-0 << Cross-Origin-Resource-Policy: cross-origin
11:20:46.132 [main] DEBUG org.apache.hc.client5.http.headers - http-outgoing-0 << X-Fastly-Request-ID: 61870724523705897166ed7cdb1d5b1819301015
11:20:46.133 [main] DEBUG org.apache.hc.client5.http.headers - http-outgoing-0 << Expires: Wed, 01 Nov 2023 04:25:47 GMT
11:20:46.133 [main] DEBUG org.apache.hc.client5.http.headers - http-outgoing-0 << Source-Age: 35
11:20:46.133 [main] DEBUG org.apache.hc.client5.http.impl.classic.MainClientExec - ex-00000003: connection can be kept alive for 3 MINUTES
11:20:46.135 [main] DEBUG org.apache.hc.client5.http.wire - http-outgoing-0 << "[0x1f][0xffffff8b][0x8][0x0][0x0][0x0][0x0][0x0][0x0][0x3][0xffffff8d][0xffffff97]Ko#7[0xc][0xffffffc7][0xffffffef][0xfffffff9][0x14][0x3][0xfffffff4][0xffffff9c][0xffffffb1][0xffffff9e][0xffffff94][0x18]@[0xffffff97]>OE[0xf][0xffffffed][0x17][0xfffffff0][0xffffffda][0xffffff93]d[0xffffffb0][0xffffff8e]'[0xffffffb0][0xffffff9d][0xffffffcd][0xffffffa2][0xffffff9f][0xffffffbe][0xffffffd4][0xffffff83][0x1a]Y[0xffffffd3][0x2]=[0x4][0xffffffbb][0xfffffffc]yF")[0xe][0xfffffff5][0xffffffe7][0xf][0xffffffc3]_[0xffffffaf][0xfffffff3]ux[0xffffff9e]O[0xffffffd3]pX[0xffffffce][0xffffffb7][0xfffffffd]|[0xffffffbe][0xe][0xffffffb7][0xffffffd7]i[0xfffffff8]z^>[0xffffffcf][0xffffffc3][0xfffffff1]2[0x7f][0xffffff9b].[0x3][0xfffffffd]][0xffffffe7][0xffffff85]~9,o[0xffffffef][0xfffffffb][0xffffffdb][0xfffffffc][0xffffff85][0xffffff9e][0xfffffffe][0xffffff9c]o[0xffffffaf][0xffffffe9][0xffffffc9][0xffffffc3]r[0xffffffb9]L[0xffffffd7][0xfffffff7][0xffffffe5]|[0xffffff9c][0xffffffcf]/[0xffffffc3][0xffffff97][0xffffffcb][0xfffffff2]y]_yx[0xfffffff8]a[0xfffffff8]1[0xffffffa3][0xffffffa7][0xffffffe1][0xffffffb7]ey[0xffffffa1]7[0x7f]z[0xffffffbd],o[0xffffffd3][0xffffffb0]?[0x1f][0xfffffff3][0x7f][0xffffffe7][0xffffff8f][0xffffffb7][0xffffffe1]q[0xfffffff8]9m[0xfffffff5]4[0x1c][0xffffffd2][0xffffffaf]ycz[0xfffffff9][0xffffffcf][0xffffffe5][0xffffffe3]r[0xffffff98][0xffffff9e][0xffffff86][0xffffffd7][0xffffffdb][0xffffffed][0xfffffffd]i[0xffffffb7]k[0x7f][0x1d][0xf][0xffffffe5][0xffffffed]q[0xffffffb9][0xffffffbc][0xffffffec][0xffffff8e][0xffffffe4][0xffffffef]i[0xffffffd9][0x1f][0xffffffaf][0xf][0xfffffff9][0x19])M[0xffffffa0][0xffffffbf]Q[0xffffff8c][0xffffffd6]i;[0xffffffa2][0xffffffa8]\[0x13][0xffffffd7][0xffffff91][0xffffff83]S#[0xffffffe8][0xffffffca][0x15]q[0xffffff95][0xffffffb8][0xffffffb4][0xffffffa3][0xffffffc1][0xffffffca]%q[0x19][0xffffffb9][0x5]=[0xffffff82][0xffffffa9]\[0x10][0x17][0xffffff91][0x1b]/G[0xffffffe7][0xffffff98][0xb][0xc][0xfffffff4][0xffffff97]8m[0xffffffef][0xffffffea][0xfffffff3][0xffffffc2][0x13][0xfffffff7][0xffffff91]k[0xffffff8b][0xffffffa3][0xffffff93][0xffffff95];[0xffffffe2].qaFP[0xffffff95][0x3]q[0xffffff88]\[0x19][0x1c]a}[0xffffffde][0x12][0xffffffb7][0xffffff91]K[0xffffffb4][0xfffffff4]c[0xffffffe5][0x14][0xffffffaf]H[0xfffffff1][0xffffffc6]0\[0xfffffff5]_P[0xffffffbc]"[0xffffffc5]+@[0xffffff8c]R[0xffffffaf][0xe]Q[0xffffffc0]"[0x5],h[0xffffffbd]f[0x3][\n]"
11:20:46.135 [main] DEBUG org.apache.hc.client5.http.wire - http-outgoing-0 << "X[0xffffffc4][0xffffff80][\r]Z9[0xffffff9a][0xffffff95]S[0xffffffc0]"[0x6]l<[0xffffffc2][0x8][0xffffff9c]P[0xffffffc4][0xffffff80][0xffffff98][0xffffffa8]1[0xffffffb4]7S[0x1f]0[0x6]k[0xffffff9c][0xfffffff5]#m[0xffffffc3][0xffffffd8][0x5][0xffffff8c][0xffffffb1][0x1a]@[0xffffffb5][0xffffffe6][0x0]! $[\n]"
11:20:46.135 [main] DEBUG org.apache.hc.client5.http.wire - http-outgoing-0 << "f4[0xffffff96][0xffffffa9][\r]h[0x13][0xffffffd5]~[0x4][0xffffff8e][0x7]M@[0xffffff93](%[0xffffff87][0xe][0xffffff92][0xffffffb1][0xe][0x18][0xffffff83]4[0xffffffd6][0xffffffb9][0xfffffff5]PQ[0x5]T[0xffffff89][0xffffffd2][0xffffff91]R[0xffffff96][0x19][0xffffffcb][0xffffff80])@C[0x15]@[0xffffffb1]2[0x16][0x1]S|F[0xffffff8b]Qq[0xffffff9e]<[0x6][0xffffff9f][0xffffffe2][0xffffffd3][0xfffffff4][0xffffff8f][0xffffffe2][0xffffff95][0xffffffbd][0xf]>[0xffffffc5][0xffffffa7][0xffffff95][0x19][0x11][0xffffff98][0xffffffba][0xffffffe0]Sx[0xffffffca][0xffffff8b][0xffffffd1]{[0xffffffa6][0x10]|[\n]"
11:20:46.136 [main] DEBUG org.apache.hc.client5.http.wire - http-outgoing-0 << "O[0x19]Z[0xffffff97]S[0xffffffe1]m[0xfffffff0])<[0xffffffe9][0xfffffff5][0xffffffe8][0xffffffd9]5o[0xffffff82]O[0xffffffe1]I[0xffffffe3]F[0xffffffcd]9[0xfffffff6]:[0xfffffff8][0x14]]<I[0xffffffcd][0xffffffa9][0xfffffff0]2[0xfffffff8][0x14][0xffffff86][0xffffffa0][0xffffffcc]K][0xffffffb7][0x13][0xffffffc1][0xffffffc7]04[0xffffff92]/TB[0x5];[0xc][0xe][0x13]6v[0xffffffd4][0xffffff95][0xfffffffa][0xffffffe0]|[0xffffffa2]T;TW[0xffffff8c]]p1[0x10][0xffffffed][0xffffff81][0xffffffbe][0x5]v[0xffffffc3]Ap[0xffffff90]([0x15][0xffffffb8]Tu[\r][0x1b]\[0xffffff8c]D;G[0x5][0xffffffb6]>m[0xffffff82]3[0x9]+[0xffffffaa]_[0xffffff86]:[0xffffffb8][0x18][0xffffff89][0x6][\n]"
11:20:46.136 [main] DEBUG org.apache.hc.client5.http.wire - http-outgoing-0 << "[0x8][0xffffffd8]e[0xffffffa7][0xffffff82][0xffffffa2][0x13]eK[0xffffffde]Y"Z[0xffffffec][0x18]`[0xffffffb4][0xfffffff8]l[0xffffffc0]G[0xffffff8b]3[\n]"
11:20:46.136 [main] DEBUG org.apache.hc.client5.http.wire - http-outgoing-0 << ".Z|[0xffffff9a][0x0][0xffffffd1]bg[0xffffffc0][0xffffff92]US[0x4]&Z[0xffffff9c]s[0xffffffd0][0xffffffd1][0xffffffe2][0xfffffffd] [0xfffffffa][0xffffffa2][0xffffffeb]~[0xffffffd1][0xffffff97][0xfffffffa][0xffffffcd]@[0xfffffff4]E[0xffffffeb][0xffffffbb][0xffffffae][0xfffffff6][0xfffffffb][0xfffffff2][0xfffffff7]|:[0xffffffed][0xffffff87]_[0xffffffe7][0xffffffcb][0xfffffff4][0xffffffbc]|oZ[0xffffffd9][0xffffffcb]t[0xfffffff8][0xffffffba][0xfffffffc]k'[0xffffffbb]R+{[0xffffffa1][0x6][0xfffffffa][0xfffffff1]e[0xffffffa4][0xffffff96][0xffffffba]{[0xffffffcb]K[0xffffffec][0xffffff9a][0x17]v[0xffffff97][0xffffffe9]4[0xffffffed][0xffffffaf][0xffffffd3][0xfffffff5][0xffffffe1]9[0xffffffaf]+[0xffffff95][0x8][0xffffff94]6[0xffffffca]]%[0x12]7[0xffffffc4]o[0xffffff88][0xffffffdb][0x10][0xffffffd8][0x10][0xffffffbb]!fC[0xfffffff4][0xffffff86][0xffffffa8][\r][0xffffff91][0x1b][0xffffff92]|V[0xffffffa3][0xffffffaa]D`&[0xffffffeb]3[0xffffffc2]o[0xffffff88][0xffffffdb][0x10][0xffffffd8][0x10][0xffffffbb]![0xffffffc9]g[0xffffffd9][0x12][0xffffffbd]!jC[0xffffffe4][0xffffff86][0xffffff88][0xffffff8e] [0xfffffff6][0xffffffc0][0xfffffff7][0xffffffc0][0xfffffff5][0x0]z`{[0xffffffd0]{[0xffffff8b][0xffffffbd][0xffffffb3][0xffffffd8][0xfffffffb][0xffffff8a][0xffffffbd][0xffffffab][0x18]=[0xffffffa5]o[0xffffffab][0x1][0xffffffe3]i>[0x7f]|[0xffffffcf]X2[0xfffffff6][0xffffffd8]=[0xffffffe7]}[0xf]\[0xf][0xffffffa0][0x7][0xffffffb6][0x7][0xffffffa6][0x7]1[0x0][0xffffffe5][0x1b][0xffffffa0]z[0x10][0x3]P[0xffffffae][0x1][0xffffffa2][0x3][0xe]{[0xffffff90]<[0xffffff85][0x6][0xffffffb8][0x1e]@[0xf]l[0xf]L[0xf]t[0xf]T[0xf]d[0xf]D[0x7][0x0]{[0xffffff90]<[0xffffffb5][\r]H[0xffffff9e][0xffffff9a][0x6]@[0xf]l[0xf][0xffffff92][0xffffffa7][0xffffffcd][0x7][0x4][0xffffffba][0x7][0xffffffc9][0xffffffd3][0xffffffa6][0xffffffec]!y[0xffffffda][0x14][0x5][0xffffff88][0xe]X[0xffffffec][0xffffff81][0xffffffef][0xffffff81][0xffffffeb]A[0xfffffff2]T4[0xffffffc0]2h;[0xffffffdf][0x1f][0xffffffef][0xffffffd3]e[0xffffffdf][0xfffffff4][0xffffffbb]%[0xffffffda][0xffffffff][0xffffffa7][0xffffffdf][0xffffffa5][0x7][0xffffffaf][0xffffffcb][0xfffffff3][0xffffffed]s[0x7f][0xffffff99][0xffffffb2][0xffffffc5]Z[0xffffffae][0xffffffef]~[0xffffffe9][0xffffffc7][0xffffffa4]md[0xffffffd2]NH[0xffffffb7][0xffffffbc]G[0xffffffc6]Q[0xffffffca]%[0xffffffe9][0xffffff84]$[0x11][0xffffffa4]V[0xffffffcc][0xffffffa3][0xffffff94]K[0xffffffd2][0xffffffc9][0xffffffd3]][0xffffff87][0xffffff8e]qTrI99[0xfffffffa]R$[0xffffffc9][0xffffff8f][0xffffffc2]E[0xffffffab][0x14][0xffffffa9]ieN[0xffffffdf]}#[0x14][0xffffffa5]*[0xffffffcb][0xffffffd0][0xffffffd7][0xffffffdf][0xffffffe8]D[0xffffffcf][0xffffffd4][0xffffffdd][0xffffffa9]D[([0xffffffb4][0x1a][0xffffff91]6*[0xffffffd8][0xffffffb6][0x12][0xffffff91]:{[0xffffffc1][0xffffffa6]U[0xffffff88]X[0xffffffa2]D[0xffffffdd][0xffffffea]C[0x12][0x15][0xffffff99][0xffffffaa]V[0x1d][0xffffffd2]UP[0xffffffb0]l[0xffffffc5]a[0xffffffd4]][0x19][0xffffff8b]V[0x1b][0xfffffffa][0x12][0xffffffb8][0xffffffc7]V[0x19][0x2][0x14][0xffffffea];Y[0xffffff98][0xffffffa9]kE![0xffffffa9][0xffffffe0]L[0xffffffa1][0xffffff95][0xffffff84]5E[0xffffffd4],[0xffffffee]$a[0xffffff86][0xffffffa6]Q[0xffffff84][0xffffffbe]8FM[0xffffffe3]N[0xf]f[0xffffffa8][0xffffffee][0xffffffe5]`[0xffffff86][0xffffffb2]Q[0xffffff83][0xffffff96][0xfffffff7][0x17][0xffffff8d][0x18]dW[0xffffffa9][0xffffff89][0xffffffdc]I[0xffffffc1][0xc]}[0xffffffa7][0x4]3u[0xffffff8d][0x10]t[0xc][0xffffffa1][0xffffff91][0xffffff81][0xffffffbe]lO]eU[0xffffff81][0xffffffec]=u[0xffffff96]U[0x4]R[0xffffff82][0xb][0xffffffd5][0xffffff8d][0x8][0x4]^T5[0x1a][0xffffffd0][0xffffff97][0x3][0xffffffa7]6[0xffffffb3]J[0xffffffc0]zX[0xffffffd4]kV[0x9][0xffffffc8][0xffffffb5]N[0xfffffffd]fU[0xffffff80]\[0xffffffd1][0xffffffd4]s[0x1a][0x1](K[0xffffffa8][0xffffffd4]xZ[0xfffffffd]W[0xfffffff6][0xffffffa2][0xffffffee][0xffffffb3][0xffffffca]?[0xffffffc7][0xffffffab][0xffffffda]F[0xfffffffd]q)S[0x17]Z[0xffffffb5]_-NjE[0xffffff8d][0xfffffff6][0xffffffe3]O[0xffffff8d][0xfffffffa]Q#[0xfffffffd][0xffffffea]^E[0xffffffb2]%[0xffffffc3]bk[0x14][0xffffffc1][0xffffff96][0xffffff8d][0xffffffa2][0xffffffd7][0xffffffb2]Q[0xffffffe4]Z6[0xffffff8a]Z[0xffffffcb]F[0x11]k[0xffffffd9](Z-[0x1b]E[0xffffffaa]eCfm[0xffffff96][\r][0xffffffd1][0x18]&z[0xffffffc0][0x1e][0xffffff9b][0xffffffe8][0xffffff81].[0xfffffffb][0xffffff98][0xffffffe8][0xffffff81]*[0xffffffc9]0[0xffffff90][0xffffff8d];q7[0x1f].K[0xffffffec]T[0xffffffc3]/[0xffffffc7][0xffffff97][0xffffffa9][0xffffffe9]uo[0xffffffd7][0xffffff89][0xffffffc0][0x7f]6[0xffffffbb][0xffffffe3][0xfffffff4]m:[0xffffffc5]U[0xffffffc7]7^!u[0xffffffbe][0xffffffe9][0xfffffffc][0xfffffff8]q[0xffffffdd]U[0xfffffff6][0x18][0x17][0xffffffd9][0xffffffdd][0xffffff96][0xffffffe5]t[0xffffffdd]}N_J[0xfffffff3]{[0xffffff88]t[0xffffff9d]_[0xffffffa5][0xffffffa7][0x1b]@[0xfffffffa]Byz[0xffffff95][0xffffff8e][0xffffffc4]5e2S[0xffffff9e]][0xffffffa5]S[0xffffffa9][0xffffff90]3[0xffffffe5][0xffffffc9]U[0x2][0xffffffc8]8Yf[0xffffffca]s[0xffffffab][0xffffffb4]T[0x1f][0xffffff94][0xffffffbd]D[0xffffffeb][0xffffffd4]*-5ZWv[0xffffffab]3[0xffffffab]4@[0xffffffeb]B[0xffffffa1]<[0xffffffb1][0xffffff92][0xffffffd6][0xffffff8f]wu[0xffffff86]<[0xffffffae]J[0xffffffed][0xffffffe2][0xffffffcd]X([0xf][0xffffffab]4wj[0xffffffea]`[0xffffff85][0xfffffff2][0xffffffa8]*[0x15]}[0xffffffa9][0xffffff8e]"
11:20:46.138 [main] DEBUG org.apache.hc.client5.http.wire - http-outgoing-0 << "W[0xffffffe0]A[0xffffff95]&[0xb]S[0xffffff83][0xffffffa8]S[0xffffffaa]TT[0xffffffb8][0xffffffa4][0xfffffffc]3[0xffffffe5][0x19]U*)[0xffffffd6]uyB[0xffffffa5][0xffffffcb][0xffffffc2][0xffffffc6]9)R[0xffffff9e]O[0xffffffa9][0xfffffff5][0xffffffc7]F[0xffffff91]Y[0xffffff99]Ne[0xffffff8c][0xffffffae]$[0xffffff86]GS[\n]"
11:20:46.138 [main] DEBUG org.apache.hc.client5.http.wire - http-outgoing-0 << "MUV[0x6]S[0xffffff8a][0xffffffc1]TV[0xffffffc6]R[0xfffffff2][0xffffffaa][0xffffffee][0xffffffcc]C)R[0xffffff8f][0xffffffd1]2[0xffffffa3]2[0xffffff90]"[0xffffffa5]^[0xffffff97][0xffffffa7][0xffffffca]4[0xffffff8a]b[0xffffffdd][0xffffffa0]L[0xffffffa2]>v[0xffffffba][0xfffffff2]b[0xffffff99]B=[0x5][0xffffff96][0x9]O[0xffffffa0][0xfffffff1][0xffffffc4][0xfffffff3][0xffffffc1][0xfffffff0][0xfffffff4][0xffffffe9]([0xffffffb7][0xffffffe5]5[0x1e]=[0x1][0xffffffb0][0x1c][0x9][0xffffff8f][0xffffff9d]@%[0x1]9[0x17]<s[0xffffffda][0xffffff98][0xffffffe0][0xfffffff2]T[0x19]8m[0x12]"[0xffffff89][0xfffffff0][0xffffffb0]I[0xffffffad][0xffffffc1][0xffffff96][0xfffffffd][0xffffffa8]{[0xffffffe5][0xffffffee][0xffffff89][0xffffffec][0x13][0xffffffcf][0xffffff9e]t[0xffffffcf][0xffffff96][0xffffffa3][0xffffffaa]s'ELu[0xffffff97]X[0x1d]:c[0xffffffcd]fR[0x6]N[0xffffffe5][0xffffffb8]tx[0xffffffd6]T[0xffffffba][0xffffff92]2g[0xffffffc6][0xffffffb6]XH[0x19]1[0xffffffa5][0xffffffa6][0x19]<#c[0xffffffc2][0xfffffffb]ez[0xffffff9c][0xffffffcf][0xffffffd7][0xffffffdb][0xfffffffe]t[0xffffff9a][0xffffff8e][0x19][0xffffffaa][0x0][0xfffffff1]f[0xffffffd7][0xffffffb9]N[0xffffff8c][0xc][0xffffffd4][0xffffffc2]@a[0xe][0xffffffdf][0xffffff88]@}[0xffffff92]n[0xffffffbb]|[0x1e][0xffffffda][0x7][0xfffffffa][0xffffffb0][0xffffff8c][0xffffffc6]l[0xffffffaa][0xffffffd8]t[0xffffffe8][0xffffffa4]}[0xffffffae][0x11][0xffffff9a][0xffffffb7][0xffffffe2][0xffffff95]M[0xfffffffd][0xfffffffa][0xffffffe1][0x1f]_4i[0xffffffca]&[0x13][0x0][0x0]"
11:20:46.139 [main] DEBUG org.apache.hc.client5.http.impl.classic.InternalHttpClient - ep-00000002: releasing valid endpoint
11:20:46.139 [main] DEBUG org.apache.hc.client5.http.impl.io.PoolingHttpClientConnectionManager - ep-00000002: releasing endpoint
11:20:46.140 [main] DEBUG org.apache.hc.client5.http.impl.io.PoolingHttpClientConnectionManager - ep-00000002: connection http-outgoing-0 can be kept alive for 3 MINUTES
11:20:46.140 [main] DEBUG org.apache.hc.client5.http.impl.io.PoolingHttpClientConnectionManager - ep-00000002: connection released [route: {s}->https://raw.githubusercontent.com:443][total available: 1; route allocated: 1 of 5; total allocated: 2 of 25]
11:20:46.140 [main] DEBUG io.github.bonigarcia.wdm.versions.VersionDetector - Driver for chrome118 not found in online properties (using local versions.properties)
11:20:46.142 [main] DEBUG io.github.bonigarcia.wdm.WebDriverManager - The driver version for CHROME 118 is unknown ... trying with latest
11:20:46.152 [main] DEBUG org.apache.hc.client5.http.impl.classic.InternalHttpClient - ex-00000004: preparing request execution
11:20:46.152 [main] DEBUG org.apache.hc.client5.http.protocol.RequestAddCookies - Cookie spec selected: strict
11:20:46.152 [main] DEBUG org.apache.hc.client5.http.protocol.RequestAuthCache - Auth cache not set in the context
11:20:46.152 [main] DEBUG org.apache.hc.client5.http.impl.classic.ProtocolExec - ex-00000004: target auth state: UNCHALLENGED
11:20:46.152 [main] DEBUG org.apache.hc.client5.http.impl.classic.ProtocolExec - ex-00000004: proxy auth state: UNCHALLENGED
11:20:46.152 [main] DEBUG org.apache.hc.client5.http.impl.classic.ConnectExec - ex-00000004: acquiring connection with route {s}->https://chromedriver.storage.googleapis.com:443
11:20:46.152 [main] DEBUG org.apache.hc.client5.http.impl.classic.InternalHttpClient - ex-00000004: acquiring endpoint (3 MINUTES)
11:20:46.152 [main] DEBUG org.apache.hc.client5.http.impl.io.PoolingHttpClientConnectionManager - ex-00000004: endpoint lease request (3 MINUTES) [route: {s}->https://chromedriver.storage.googleapis.com:443][total available: 1; route allocated: 1 of 5; total allocated: 2 of 25]
11:20:46.152 [main] DEBUG org.apache.hc.client5.http.impl.io.PoolingHttpClientConnectionManager - ex-00000004: endpoint leased [route: {s}->https://chromedriver.storage.googleapis.com:443][total available: 1; route allocated: 2 of 5; total allocated: 3 of 25]
11:20:46.152 [main] DEBUG org.apache.hc.client5.http.impl.io.PoolingHttpClientConnectionManager - ex-00000004: acquired ep-00000003
11:20:46.152 [main] DEBUG org.apache.hc.client5.http.impl.classic.InternalHttpClient - ex-00000004: acquired endpoint ep-00000003
11:20:46.152 [main] DEBUG org.apache.hc.client5.http.impl.classic.ConnectExec - ex-00000004: opening connection {s}->https://chromedriver.storage.googleapis.com:443
11:20:46.152 [main] DEBUG org.apache.hc.client5.http.impl.classic.InternalHttpClient - ep-00000003: connecting endpoint (30 SECONDS)
11:20:46.152 [main] DEBUG org.apache.hc.client5.http.impl.io.PoolingHttpClientConnectionManager - ep-00000003: connecting endpoint to https://chromedriver.storage.googleapis.com:443 (30 SECONDS)
11:20:46.153 [main] DEBUG org.apache.hc.client5.http.impl.io.DefaultHttpClientConnectionOperator - http-outgoing-2: connecting to chromedriver.storage.googleapis.com/142.251.221.155:443
11:20:46.153 [main] DEBUG org.apache.hc.client5.http.ssl.SSLConnectionSocketFactory - Connecting socket to chromedriver.storage.googleapis.com/142.251.221.155:443 with timeout 30 SECONDS
11:20:46.197 [main] DEBUG org.apache.hc.client5.http.ssl.SSLConnectionSocketFactory - Enabled protocols: [TLSv1.3, TLSv1.2]
11:20:46.197 [main] DEBUG org.apache.hc.client5.http.ssl.SSLConnectionSocketFactory - Enabled cipher suites: [TLS_AES_256_GCM_SHA384, TLS_AES_128_GCM_SHA256, TLS_CHACHA20_POLY1305_SHA256, TLS_ECDHE_ECDSA_WITH_AES_256_GCM_SHA384, TLS_ECDHE_ECDSA_WITH_AES_128_GCM_SHA256, TLS_ECDHE_ECDSA_WITH_CHACHA20_POLY1305_SHA256, TLS_ECDHE_RSA_WITH_AES_256_GCM_SHA384, TLS_ECDHE_RSA_WITH_CHACHA20_POLY1305_SHA256, TLS_ECDHE_RSA_WITH_AES_128_GCM_SHA256, TLS_DHE_RSA_WITH_AES_256_GCM_SHA384, TLS_DHE_RSA_WITH_CHACHA20_POLY1305_SHA256, TLS_DHE_DSS_WITH_AES_256_GCM_SHA384, TLS_DHE_RSA_WITH_AES_128_GCM_SHA256, TLS_DHE_DSS_WITH_AES_128_GCM_SHA256, TLS_ECDHE_ECDSA_WITH_AES_256_CBC_SHA384, TLS_ECDHE_RSA_WITH_AES_256_CBC_SHA384, TLS_ECDHE_ECDSA_WITH_AES_128_CBC_SHA256, TLS_ECDHE_RSA_WITH_AES_128_CBC_SHA256, TLS_DHE_RSA_WITH_AES_256_CBC_SHA256, TLS_DHE_DSS_WITH_AES_256_CBC_SHA256, TLS_DHE_RSA_WITH_AES_128_CBC_SHA256, TLS_DHE_DSS_WITH_AES_128_CBC_SHA256, TLS_ECDH_ECDSA_WITH_AES_256_GCM_SHA384, TLS_ECDH_RSA_WITH_AES_256_GCM_SHA384, TLS_ECDH_ECDSA_WITH_AES_128_GCM_SHA256, TLS_ECDH_RSA_WITH_AES_128_GCM_SHA256, TLS_ECDH_ECDSA_WITH_AES_256_CBC_SHA384, TLS_ECDH_RSA_WITH_AES_256_CBC_SHA384, TLS_ECDH_ECDSA_WITH_AES_128_CBC_SHA256, TLS_ECDH_RSA_WITH_AES_128_CBC_SHA256, TLS_ECDHE_ECDSA_WITH_AES_256_CBC_SHA, TLS_ECDHE_RSA_WITH_AES_256_CBC_SHA, TLS_ECDHE_ECDSA_WITH_AES_128_CBC_SHA, TLS_ECDHE_RSA_WITH_AES_128_CBC_SHA, TLS_DHE_RSA_WITH_AES_256_CBC_SHA, TLS_DHE_DSS_WITH_AES_256_CBC_SHA, TLS_DHE_RSA_WITH_AES_128_CBC_SHA, TLS_DHE_DSS_WITH_AES_128_CBC_SHA, TLS_ECDH_ECDSA_WITH_AES_256_CBC_SHA, TLS_ECDH_RSA_WITH_AES_256_CBC_SHA, TLS_ECDH_ECDSA_WITH_AES_128_CBC_SHA, TLS_ECDH_RSA_WITH_AES_128_CBC_SHA, TLS_RSA_WITH_AES_256_GCM_SHA384, TLS_RSA_WITH_AES_128_GCM_SHA256, TLS_RSA_WITH_AES_256_CBC_SHA256, TLS_RSA_WITH_AES_128_CBC_SHA256, TLS_RSA_WITH_AES_256_CBC_SHA, TLS_RSA_WITH_AES_128_CBC_SHA, TLS_EMPTY_RENEGOTIATION_INFO_SCSV]
11:20:46.197 [main] DEBUG org.apache.hc.client5.http.ssl.SSLConnectionSocketFactory - Starting handshake
11:20:46.293 [main] DEBUG org.apache.hc.client5.http.ssl.SSLConnectionSocketFactory - Secure session established
11:20:46.294 [main] DEBUG org.apache.hc.client5.http.ssl.SSLConnectionSocketFactory -  negotiated protocol: TLSv1.3
11:20:46.294 [main] DEBUG org.apache.hc.client5.http.ssl.SSLConnectionSocketFactory -  negotiated cipher suite: TLS_AES_256_GCM_SHA384
11:20:46.294 [main] DEBUG org.apache.hc.client5.http.ssl.SSLConnectionSocketFactory -  peer principal: CN=*.storage.googleapis.com
11:20:46.294 [main] DEBUG org.apache.hc.client5.http.ssl.SSLConnectionSocketFactory -  peer alternative names: [*.storage.googleapis.com, *.googleapis.com, commondatastorage.googleapis.com, *.commondatastorage.googleapis.com, storage.googleapis.com, storage-p2.googleapis.com, *.storage-p2.googleapis.com, storage.mtls.googleapis.com, *.appspot.com.storage.googleapis.com, *.content-storage.googleapis.com, *.content-storage-p2.googleapis.com, *.content-storage-upload.googleapis.com, *.content-storage-download.googleapis.com, *.storage-upload.googleapis.com, *.storage-download.googleapis.com]
11:20:46.294 [main] DEBUG org.apache.hc.client5.http.ssl.SSLConnectionSocketFactory -  issuer principal: CN=GTS CA 1C3, O=Google Trust Services LLC, C=US
11:20:46.294 [main] DEBUG org.apache.hc.client5.http.impl.io.DefaultHttpClientConnectionOperator - http-outgoing-2: connection established 192.168.153.146:61021<->142.251.221.155:443
11:20:46.294 [main] DEBUG org.apache.hc.client5.http.impl.io.PoolingHttpClientConnectionManager - ep-00000003: connected http-outgoing-2
11:20:46.294 [main] DEBUG org.apache.hc.client5.http.impl.classic.InternalHttpClient - ep-00000003: endpoint connected
11:20:46.294 [main] DEBUG org.apache.hc.client5.http.impl.classic.MainClientExec - ex-00000004: executing GET /LATEST_RELEASE HTTP/1.1
11:20:46.294 [main] DEBUG org.apache.hc.client5.http.impl.classic.InternalHttpClient - ep-00000003: start execution ex-00000004
11:20:46.294 [main] DEBUG org.apache.hc.client5.http.impl.io.PoolingHttpClientConnectionManager - ep-00000003: executing exchange ex-00000004 over http-outgoing-2
11:20:46.294 [main] DEBUG org.apache.hc.client5.http.headers - http-outgoing-2 >> GET /LATEST_RELEASE HTTP/1.1
11:20:46.294 [main] DEBUG org.apache.hc.client5.http.headers - http-outgoing-2 >> user-agent: Apache-HttpClient/5.0
11:20:46.294 [main] DEBUG org.apache.hc.client5.http.headers - http-outgoing-2 >> accept-encoding: gzip, deflate, br
11:20:46.294 [main] DEBUG org.apache.hc.client5.http.headers - http-outgoing-2 >> cache-control: max-age=0
11:20:46.294 [main] DEBUG org.apache.hc.client5.http.headers - http-outgoing-2 >> connection: keep-alive
11:20:46.294 [main] DEBUG org.apache.hc.client5.http.headers - http-outgoing-2 >> Host: chromedriver.storage.googleapis.com
11:20:46.294 [main] DEBUG org.apache.hc.client5.http.wire - http-outgoing-2 >> "GET /LATEST_RELEASE HTTP/1.1[\r][\n]"
11:20:46.294 [main] DEBUG org.apache.hc.client5.http.wire - http-outgoing-2 >> "user-agent: Apache-HttpClient/5.0[\r][\n]"
11:20:46.294 [main] DEBUG org.apache.hc.client5.http.wire - http-outgoing-2 >> "accept-encoding: gzip, deflate, br[\r][\n]"
11:20:46.294 [main] DEBUG org.apache.hc.client5.http.wire - http-outgoing-2 >> "cache-control: max-age=0[\r][\n]"
11:20:46.294 [main] DEBUG org.apache.hc.client5.http.wire - http-outgoing-2 >> "connection: keep-alive[\r][\n]"
11:20:46.294 [main] DEBUG org.apache.hc.client5.http.wire - http-outgoing-2 >> "Host: chromedriver.storage.googleapis.com[\r][\n]"
11:20:46.294 [main] DEBUG org.apache.hc.client5.http.wire - http-outgoing-2 >> "[\r][\n]"
11:20:46.564 [main] DEBUG org.apache.hc.client5.http.wire - http-outgoing-2 << "HTTP/1.1 200 OK[\r][\n]"
11:20:46.564 [main] DEBUG org.apache.hc.client5.http.wire - http-outgoing-2 << "X-GUploader-UploadID: ABPtcPqxb1kHXVJWhhBIRJ3hUdZyOt5Cnrjh2frtnXfv0A6IVbAvf4M-evWinpM1qqpjzw3KbiiUAySGRjn0_tAWPEEceg[\r][\n]"
11:20:46.564 [main] DEBUG org.apache.hc.client5.http.wire - http-outgoing-2 << "x-goog-generation: 1685523462105569[\r][\n]"
11:20:46.564 [main] DEBUG org.apache.hc.client5.http.wire - http-outgoing-2 << "x-goog-metageneration: 1[\r][\n]"
11:20:46.564 [main] DEBUG org.apache.hc.client5.http.wire - http-outgoing-2 << "x-goog-stored-content-encoding: identity[\r][\n]"
11:20:46.564 [main] DEBUG org.apache.hc.client5.http.wire - http-outgoing-2 << "x-goog-stored-content-length: 13[\r][\n]"
11:20:46.564 [main] DEBUG org.apache.hc.client5.http.wire - http-outgoing-2 << "x-goog-hash: crc32c=tVW4TA==[\r][\n]"
11:20:46.564 [main] DEBUG org.apache.hc.client5.http.wire - http-outgoing-2 << "x-goog-hash: md5=NoaEuIlBlniwTkiZ1T16sA==[\r][\n]"
11:20:46.565 [main] DEBUG org.apache.hc.client5.http.wire - http-outgoing-2 << "x-goog-storage-class: STANDARD[\r][\n]"
11:20:46.565 [main] DEBUG org.apache.hc.client5.http.wire - http-outgoing-2 << "Accept-Ranges: bytes[\r][\n]"
11:20:46.565 [main] DEBUG org.apache.hc.client5.http.wire - http-outgoing-2 << "Content-Length: 13[\r][\n]"
11:20:46.565 [main] DEBUG org.apache.hc.client5.http.wire - http-outgoing-2 << "Server: UploadServer[\r][\n]"
11:20:46.565 [main] DEBUG org.apache.hc.client5.http.wire - http-outgoing-2 << "Date: Wed, 01 Nov 2023 04:20:47 GMT[\r][\n]"
11:20:46.565 [main] DEBUG org.apache.hc.client5.http.wire - http-outgoing-2 << "Expires: Wed, 01 Nov 2023 05:20:47 GMT[\r][\n]"
11:20:46.565 [main] DEBUG org.apache.hc.client5.http.wire - http-outgoing-2 << "Cache-Control: public, max-age=3600[\r][\n]"
11:20:46.565 [main] DEBUG org.apache.hc.client5.http.wire - http-outgoing-2 << "Last-Modified: Wed, 31 May 2023 08:57:42 GMT[\r][\n]"
11:20:46.565 [main] DEBUG org.apache.hc.client5.http.wire - http-outgoing-2 << "ETag: "368684b889419678b04e4899d53d7ab0"[\r][\n]"
11:20:46.565 [main] DEBUG org.apache.hc.client5.http.wire - http-outgoing-2 << "Content-Type: text/plain[\r][\n]"
11:20:46.565 [main] DEBUG org.apache.hc.client5.http.wire - http-outgoing-2 << "Age: 0[\r][\n]"
11:20:46.565 [main] DEBUG org.apache.hc.client5.http.wire - http-outgoing-2 << "Alt-Svc: h3=":443"; ma=2592000,h3-29=":443"; ma=2592000[\r][\n]"
11:20:46.565 [main] DEBUG org.apache.hc.client5.http.wire - http-outgoing-2 << "[\r][\n]"
11:20:46.565 [main] DEBUG org.apache.hc.client5.http.wire - http-outgoing-2 << "114.0.5735.90"
11:20:46.566 [main] DEBUG org.apache.hc.client5.http.headers - http-outgoing-2 << HTTP/1.1 200 OK
11:20:46.566 [main] DEBUG org.apache.hc.client5.http.headers - http-outgoing-2 << X-GUploader-UploadID: ABPtcPqxb1kHXVJWhhBIRJ3hUdZyOt5Cnrjh2frtnXfv0A6IVbAvf4M-evWinpM1qqpjzw3KbiiUAySGRjn0_tAWPEEceg
11:20:46.566 [main] DEBUG org.apache.hc.client5.http.headers - http-outgoing-2 << x-goog-generation: 1685523462105569
11:20:46.566 [main] DEBUG org.apache.hc.client5.http.headers - http-outgoing-2 << x-goog-metageneration: 1
11:20:46.566 [main] DEBUG org.apache.hc.client5.http.headers - http-outgoing-2 << x-goog-stored-content-encoding: identity
11:20:46.566 [main] DEBUG org.apache.hc.client5.http.headers - http-outgoing-2 << x-goog-stored-content-length: 13
11:20:46.566 [main] DEBUG org.apache.hc.client5.http.headers - http-outgoing-2 << x-goog-hash: crc32c=tVW4TA==
11:20:46.566 [main] DEBUG org.apache.hc.client5.http.headers - http-outgoing-2 << x-goog-hash: md5=NoaEuIlBlniwTkiZ1T16sA==
11:20:46.566 [main] DEBUG org.apache.hc.client5.http.headers - http-outgoing-2 << x-goog-storage-class: STANDARD
11:20:46.566 [main] DEBUG org.apache.hc.client5.http.headers - http-outgoing-2 << Accept-Ranges: bytes
11:20:46.566 [main] DEBUG org.apache.hc.client5.http.headers - http-outgoing-2 << Content-Length: 13
11:20:46.566 [main] DEBUG org.apache.hc.client5.http.headers - http-outgoing-2 << Server: UploadServer
11:20:46.566 [main] DEBUG org.apache.hc.client5.http.headers - http-outgoing-2 << Date: Wed, 01 Nov 2023 04:20:47 GMT
11:20:46.566 [main] DEBUG org.apache.hc.client5.http.headers - http-outgoing-2 << Expires: Wed, 01 Nov 2023 05:20:47 GMT
11:20:46.566 [main] DEBUG org.apache.hc.client5.http.headers - http-outgoing-2 << Cache-Control: public, max-age=3600
11:20:46.566 [main] DEBUG org.apache.hc.client5.http.headers - http-outgoing-2 << Last-Modified: Wed, 31 May 2023 08:57:42 GMT
11:20:46.567 [main] DEBUG org.apache.hc.client5.http.headers - http-outgoing-2 << ETag: "368684b889419678b04e4899d53d7ab0"
11:20:46.567 [main] DEBUG org.apache.hc.client5.http.headers - http-outgoing-2 << Content-Type: text/plain
11:20:46.567 [main] DEBUG org.apache.hc.client5.http.headers - http-outgoing-2 << Age: 0
11:20:46.567 [main] DEBUG org.apache.hc.client5.http.headers - http-outgoing-2 << Alt-Svc: h3=":443"; ma=2592000,h3-29=":443"; ma=2592000
11:20:46.567 [main] DEBUG org.apache.hc.client5.http.impl.classic.MainClientExec - ex-00000004: connection can be kept alive for 3 MINUTES
11:20:46.568 [main] DEBUG org.apache.hc.client5.http.impl.classic.InternalHttpClient - ep-00000003: releasing valid endpoint
11:20:46.568 [main] DEBUG org.apache.hc.client5.http.impl.io.PoolingHttpClientConnectionManager - ep-00000003: releasing endpoint
11:20:46.568 [main] DEBUG org.apache.hc.client5.http.impl.io.PoolingHttpClientConnectionManager - ep-00000003: connection http-outgoing-2 can be kept alive for 3 MINUTES
11:20:46.568 [main] DEBUG org.apache.hc.client5.http.impl.io.PoolingHttpClientConnectionManager - ep-00000003: connection released [route: {s}->https://chromedriver.storage.googleapis.com:443][total available: 2; route allocated: 2 of 5; total allocated: 3 of 25]
11:20:46.568 [main] DEBUG io.github.bonigarcia.wdm.versions.VersionDetector - Latest version of chromedriver according to https://chromedriver.storage.googleapis.com/LATEST_RELEASE is 114.0.5735.90
11:20:46.579 [main] DEBUG io.github.bonigarcia.wdm.WebDriverManager - Driver chromedriver 114.0.5735.90 found in cache
11:20:46.580 [main] INFO io.github.bonigarcia.wdm.WebDriverManager - Exporting webdriver.chrome.driver as C:\Users\Wilda Agil Nurikhrom\.cache\selenium\chromedriver\win32\114.0.5735.90\chromedriver.exe
11:20:47.103 [main] DEBUG net.thucydides.core.reflection.ClassFinder - Could not load class .CucumberTestSuite
11:20:47.103 [main] DEBUG net.thucydides.core.reflection.ClassFinder - Could not load class .starter.pages.LoginPage
11:20:47.103 [main] DEBUG net.thucydides.core.reflection.ClassFinder - Could not load class .starter.stepdefinitions.LoginSteps
11:20:47.104 [main] DEBUG net.thucydides.core.reflection.ClassFinder - Could not load class META-INF.versions.9.com.sun.istack.logging.StackHelper
11:20:47.104 [main] DEBUG net.thucydides.core.reflection.ClassFinder - Could not load class META-INF.versions.9.com.sun.xml.bind.v2.runtime.reflect.opt.AccessorInjector
11:20:47.105 [main] DEBUG net.thucydides.core.reflection.ClassFinder - Could not load class META-INF.versions.9.com.sun.xml.bind.v2.runtime.reflect.opt.Injector
11:20:47.105 [main] DEBUG net.thucydides.core.reflection.ClassFinder - Could not load class META-INF.versions.9.com.sun.xml.bind.v2.runtime.reflect.opt.OptimizedAccessorFactory
11:20:47.105 [main] DEBUG net.thucydides.core.reflection.ClassFinder - Could not load class META-INF.versions.9.com.sun.xml.bind.v2.runtime.reflect.opt.OptimizedTransducedAccessorFactory
11:20:47.105 [main] DEBUG net.thucydides.core.reflection.ClassFinder - Could not load class META-INF.versions.9.io.opentelemetry.sdk.internal.CurrentJavaVersionSpecific
11:20:47.106 [main] DEBUG net.thucydides.core.reflection.ClassFinder - Could not load class META-INF.versions.9.io.opentelemetry.sdk.internal.Java9VersionSpecific
11:20:47.106 [main] DEBUG net.thucydides.core.reflection.ClassFinder - Could not load class META-INF.versions.9.javax.xml.bind.ModuleUtil
11:20:47.106 [main] DEBUG net.thucydides.core.reflection.ClassFinder - Could not load class META-INF.versions.9.module-info
11:20:47.107 [main] DEBUG net.thucydides.core.reflection.ClassFinder - Could not load class META-INF.versions.9.org.junit.platform.commons.util.ModuleUtils
11:20:47.389 [main] DEBUG net.thucydides.core.reflection.ClassFinder - Could not load class com.google.gson.internal.
11:20:47.540 [main] DEBUG net.thucydides.core.reflection.ClassFinder - Could not load class com.sun.xml.bind.v2.runtime.output.FastInfosetStreamWriterOutput
11:20:47.900 [main] DEBUG net.thucydides.core.reflection.ClassFinder - Could not load class module-info
11:20:50.087 [main] DEBUG io.netty.util.internal.logging.InternalLoggerFactory - Using SLF4J as the default logging framework
11:20:50.091 [main] DEBUG io.netty.util.ResourceLeakDetector - -Dio.netty.leakDetection.level: simple
11:20:50.091 [main] DEBUG io.netty.util.ResourceLeakDetector - -Dio.netty.leakDetection.targetRecords: 4
11:20:50.096 [main] DEBUG io.netty.util.ResourceLeakDetectorFactory - Loaded default ResourceLeakDetector: io.netty.util.ResourceLeakDetector@6d1101eb
11:20:50.120 [main] DEBUG io.netty.util.internal.PlatformDependent0 - -Dio.netty.noUnsafe: false
11:20:50.121 [main] DEBUG io.netty.util.internal.PlatformDependent0 - Java version: 11
11:20:50.122 [main] DEBUG io.netty.util.internal.PlatformDependent0 - sun.misc.Unsafe.theUnsafe: available
11:20:50.122 [main] DEBUG io.netty.util.internal.PlatformDependent0 - sun.misc.Unsafe.copyMemory: available
11:20:50.123 [main] DEBUG io.netty.util.internal.PlatformDependent0 - java.nio.Buffer.address: available
11:20:50.123 [main] DEBUG io.netty.util.internal.PlatformDependent0 - direct buffer constructor: unavailable: Reflective setAccessible(true) disabled
11:20:50.124 [main] DEBUG io.netty.util.internal.PlatformDependent0 - java.nio.Bits.unaligned: available, true
11:20:50.125 [main] DEBUG io.netty.util.internal.PlatformDependent0 - jdk.internal.misc.Unsafe.allocateUninitializedArray(int): unavailable: class io.netty.util.internal.PlatformDependent0$6 cannot access class jdk.internal.misc.Unsafe (in module java.base) because module java.base does not export jdk.internal.misc to unnamed module @54afd745
11:20:50.127 [main] DEBUG io.netty.util.internal.PlatformDependent0 - java.nio.DirectByteBuffer.<init>(long, int): unavailable
11:20:50.127 [main] DEBUG io.netty.util.internal.PlatformDependent - sun.misc.Unsafe: available
11:20:50.129 [main] DEBUG io.netty.util.internal.PlatformDependent - maxDirectMemory: 2067791872 bytes (maybe)
11:20:50.129 [main] DEBUG io.netty.util.internal.PlatformDependent - -Dio.netty.tmpdir: C:\Users\WILDAA~1\AppData\Local\Temp (java.io.tmpdir)
11:20:50.129 [main] DEBUG io.netty.util.internal.PlatformDependent - -Dio.netty.bitMode: 64 (sun.arch.data.model)
11:20:50.129 [main] DEBUG io.netty.util.internal.PlatformDependent - Platform: Windows
11:20:50.130 [main] DEBUG io.netty.util.internal.PlatformDependent - -Dio.netty.maxDirectMemory: -1 bytes
11:20:50.130 [main] DEBUG io.netty.util.internal.PlatformDependent - -Dio.netty.uninitializedArrayAllocationThreshold: -1
11:20:50.131 [main] DEBUG io.netty.util.internal.CleanerJava9 - java.nio.ByteBuffer.cleaner(): available
11:20:50.132 [main] DEBUG io.netty.util.internal.PlatformDependent - -Dio.netty.noPreferDirect: false
11:20:50.140 [main] DEBUG io.netty.util.internal.PlatformDependent - org.jctools-core.MpscChunkedArrayQueue: available
11:20:50.164 [main] DEBUG io.netty.util.internal.InternalThreadLocalMap - -Dio.netty.threadLocalMap.stringBuilder.initialSize: 1024
11:20:50.164 [main] DEBUG io.netty.util.internal.InternalThreadLocalMap - -Dio.netty.threadLocalMap.stringBuilder.maxSize: 4096
11:20:50.186 [main] DEBUG io.netty.handler.ssl.JdkSslContext - Default protocols (JDK): [TLSv1.3, TLSv1.2] 
11:20:50.186 [main] DEBUG io.netty.handler.ssl.JdkSslContext - Default cipher suites (JDK): [TLS_ECDHE_ECDSA_WITH_AES_256_GCM_SHA384, TLS_ECDHE_ECDSA_WITH_AES_128_GCM_SHA256, TLS_ECDHE_RSA_WITH_AES_128_GCM_SHA256, TLS_ECDHE_RSA_WITH_AES_256_GCM_SHA384, TLS_ECDHE_RSA_WITH_AES_128_CBC_SHA, TLS_ECDHE_RSA_WITH_AES_256_CBC_SHA, TLS_RSA_WITH_AES_128_GCM_SHA256, TLS_RSA_WITH_AES_128_CBC_SHA, TLS_RSA_WITH_AES_256_CBC_SHA, TLS_AES_128_GCM_SHA256, TLS_AES_256_GCM_SHA384]
11:20:50.221 [main] DEBUG io.netty.channel.MultithreadEventLoopGroup - -Dio.netty.eventLoopThreads: 16
11:20:50.235 [main] DEBUG io.netty.channel.nio.NioEventLoop - -Dio.netty.noKeySetOptimization: false
11:20:50.235 [main] DEBUG io.netty.channel.nio.NioEventLoop - -Dio.netty.selectorAutoRebuildThreshold: 512
11:20:50.301 [main] DEBUG io.netty.buffer.PooledByteBufAllocator - -Dio.netty.allocator.numHeapArenas: 16
11:20:50.301 [main] DEBUG io.netty.buffer.PooledByteBufAllocator - -Dio.netty.allocator.numDirectArenas: 16
11:20:50.301 [main] DEBUG io.netty.buffer.PooledByteBufAllocator - -Dio.netty.allocator.pageSize: 8192
11:20:50.301 [main] DEBUG io.netty.buffer.PooledByteBufAllocator - -Dio.netty.allocator.maxOrder: 11
11:20:50.301 [main] DEBUG io.netty.buffer.PooledByteBufAllocator - -Dio.netty.allocator.chunkSize: 16777216
11:20:50.301 [main] DEBUG io.netty.buffer.PooledByteBufAllocator - -Dio.netty.allocator.smallCacheSize: 256
11:20:50.301 [main] DEBUG io.netty.buffer.PooledByteBufAllocator - -Dio.netty.allocator.normalCacheSize: 64
11:20:50.301 [main] DEBUG io.netty.buffer.PooledByteBufAllocator - -Dio.netty.allocator.maxCachedBufferCapacity: 32768
11:20:50.301 [main] DEBUG io.netty.buffer.PooledByteBufAllocator - -Dio.netty.allocator.cacheTrimInterval: 8192
11:20:50.301 [main] DEBUG io.netty.buffer.PooledByteBufAllocator - -Dio.netty.allocator.cacheTrimIntervalMillis: 0
11:20:50.301 [main] DEBUG io.netty.buffer.PooledByteBufAllocator - -Dio.netty.allocator.useCacheForAllThreads: true
11:20:50.301 [main] DEBUG io.netty.buffer.PooledByteBufAllocator - -Dio.netty.allocator.maxCachedByteBuffersPerChunk: 1023
11:20:50.319 [main] DEBUG io.netty.buffer.ByteBufUtil - -Dio.netty.allocator.type: pooled
11:20:50.319 [main] DEBUG io.netty.buffer.ByteBufUtil - -Dio.netty.threadLocalDirectBufferSize: 0
11:20:50.319 [main] DEBUG io.netty.buffer.ByteBufUtil - -Dio.netty.maxThreadLocalCharBufferSize: 16384
11:20:50.536 [main] DEBUG net.serenitybdd.core.webdriver.driverproviders.ProvideNewDriver - Instantiating driver
11:20:50.536 [main] DEBUG net.serenitybdd.core.webdriver.driverproviders.ProvideNewDriver - Driver capabilities: Capabilities {acceptInsecureCerts: false, base.url: https://sia.mercubuana.ac.id, browserName: chrome, chrome.driver: src/test/resources/webdrive..., driver: chrome, goog:chromeOptions: {args: [--remote-allow-origins=*], extensions: []}}
11:20:50.828 [Forwarding newSession on session null to remote] DEBUG io.netty.channel.DefaultChannelId - -Dio.netty.processId: 15548 (auto-detected)
11:20:50.831 [Forwarding newSession on session null to remote] DEBUG io.netty.util.NetUtil - -Djava.net.preferIPv4Stack: false
11:20:50.831 [Forwarding newSession on session null to remote] DEBUG io.netty.util.NetUtil - -Djava.net.preferIPv6Addresses: false
11:20:50.899 [Forwarding newSession on session null to remote] DEBUG io.netty.util.NetUtilInitializations - Loopback interface: lo (Software Loopback Interface 1, 127.0.0.1)
11:20:50.900 [Forwarding newSession on session null to remote] DEBUG io.netty.util.NetUtil - Failed to get SOMAXCONN from sysctl and file \proc\sys\net\core\somaxconn. Default: 200
11:20:50.965 [Forwarding newSession on session null to remote] DEBUG io.netty.channel.DefaultChannelId - -Dio.netty.machineId: a4:6b:b6:ff:fe:44:4e:3b (auto-detected)
11:20:51.018 [AsyncHttpClient-1-2] DEBUG io.netty.buffer.AbstractByteBuf - -Dio.netty.buffer.checkAccessible: true
11:20:51.018 [AsyncHttpClient-1-2] DEBUG io.netty.buffer.AbstractByteBuf - -Dio.netty.buffer.checkBounds: true
11:20:51.018 [AsyncHttpClient-1-2] DEBUG io.netty.util.ResourceLeakDetectorFactory - Loaded default ResourceLeakDetector: io.netty.util.ResourceLeakDetector@64a03b8
11:20:51.034 [AsyncHttpClient-1-2] DEBUG org.asynchttpclient.netty.channel.NettyConnectListener - Using new Channel '[id: 0xc905050a, L:/127.0.0.1:61059 - R:localhost/127.0.0.1:62973]' for 'POST' to '/session'
11:20:51.057 [AsyncHttpClient-1-2] DEBUG io.netty.util.Recycler - -Dio.netty.recycler.maxCapacityPerThread: 4096
11:20:51.057 [AsyncHttpClient-1-2] DEBUG io.netty.util.Recycler - -Dio.netty.recycler.ratio: 8
11:20:51.057 [AsyncHttpClient-1-2] DEBUG io.netty.util.Recycler - -Dio.netty.recycler.chunkSize: 32
11:20:51.057 [AsyncHttpClient-1-2] DEBUG io.netty.util.Recycler - -Dio.netty.recycler.blocking: false
11:20:51.794 [AsyncHttpClient-1-2] DEBUG io.netty.handler.codec.compression.Brotli - brotli4j not in the classpath; Brotli support will be unavailable.
11:20:51.794 [AsyncHttpClient-1-2] DEBUG org.asynchttpclient.netty.handler.HttpHandler - 

Request DefaultHttpRequest(decodeResult: success, version: HTTP/1.1)
POST /session HTTP/1.1
User-Agent: selenium/4.1.2 (java windows)
Content-Length: 683
Content-Type: application/json; charset=utf-8
host: localhost:62973
accept: */*

Response DefaultHttpResponse(decodeResult: success, version: HTTP/1.1)
HTTP/1.1 200 OK
Content-Type: application/json; charset=utf-8
cache-control: no-cache
content-length: 885

11:20:51.812 [AsyncHttpClient-1-2] DEBUG org.asynchttpclient.netty.channel.ChannelManager - Adding key: http://localhost:62973 for channel [id: 0xc905050a, L:/127.0.0.1:61059 - R:localhost/127.0.0.1:62973]
11:20:51.945 [AsyncHttpClient-1-3] DEBUG org.asynchttpclient.netty.channel.NettyConnectListener - Using new Channel '[id: 0xae64f40e, L:/127.0.0.1:61066 - R:localhost/127.0.0.1:61060]' for 'GET' to '/json/version'
11:20:51.990 [AsyncHttpClient-1-3] DEBUG org.asynchttpclient.netty.handler.HttpHandler - 

Request DefaultFullHttpRequest(decodeResult: success, version: HTTP/1.1, content: EmptyByteBufBE)
GET /json/version HTTP/1.1
User-Agent: selenium/4.1.2 (java windows)
host: localhost:61060
accept: */*

Response DefaultHttpResponse(decodeResult: success, version: HTTP/1.1)
HTTP/1.1 200 OK
Content-Security-Policy: frame-ancestors 'none'
Content-Type: application/json; charset=UTF-8
content-length: 424

11:20:51.991 [AsyncHttpClient-1-3] DEBUG org.asynchttpclient.netty.channel.ChannelManager - Adding key: http://localhost:61060 for channel [id: 0xae64f40e, L:/127.0.0.1:61066 - R:localhost/127.0.0.1:61060]
11:20:52.019 [main] DEBUG io.netty.util.internal.ThreadLocalRandom - -Dio.netty.initialSeedUniquifier: 0x6ad22ec4d25bc5e3
11:20:52.045 [AsyncHttpClient-1-4] DEBUG org.asynchttpclient.netty.channel.NettyConnectListener - Using new Channel '[id: 0xc9489edd, L:/127.0.0.1:61068 - R:localhost/127.0.0.1:61060]' for 'GET' to '/devtools/browser/d74c0153-73fe-4d62-b78d-6e4c2aba1206'
11:20:52.143 [AsyncHttpClient-1-4] DEBUG org.asynchttpclient.netty.handler.WebSocketHandler - 

Request DefaultFullHttpRequest(decodeResult: success, version: HTTP/1.1, content: EmptyByteBufBE)
GET /devtools/browser/d74c0153-73fe-4d62-b78d-6e4c2aba1206 HTTP/1.1
upgrade: websocket
connection: upgrade
sec-websocket-key: 0OoJDPe/XkDmAOcHbllnJA==
sec-websocket-version: 13
origin: http://localhost:61060
host: localhost:61060
accept: */*
user-agent: AHC/2.1

Response DefaultHttpResponse(decodeResult: success, version: HTTP/1.1)
HTTP/1.1 101 WebSocket Protocol Handshake
Upgrade: WebSocket
Connection: Upgrade
Sec-WebSocket-Accept: IgNlEZMylMk0OJ68HktvA8+9LSU=

11:20:52.346 [AsyncHttpClient-1-1] DEBUG org.asynchttpclient.netty.channel.DefaultChannelPool - Entry count for : http://localhost:61060 : 1
11:20:52.346 [AsyncHttpClient-1-1] DEBUG org.asynchttpclient.netty.channel.DefaultChannelPool - Entry count for : http://localhost:62973 : 1
11:20:53.461 [AsyncHttpClient-1-1] DEBUG org.asynchttpclient.netty.channel.DefaultChannelPool - Entry count for : http://localhost:61060 : 1
11:20:53.461 [AsyncHttpClient-1-1] DEBUG org.asynchttpclient.netty.channel.DefaultChannelPool - Entry count for : http://localhost:62973 : 1
11:20:53.569 [main] DEBUG net.thucydides.core.reflection.ClassFinder - Could not load class .CucumberTestSuite
11:20:53.569 [main] DEBUG net.thucydides.core.reflection.ClassFinder - Could not load class .starter.pages.LoginPage
11:20:53.569 [main] DEBUG net.thucydides.core.reflection.ClassFinder - Could not load class .starter.stepdefinitions.LoginSteps
11:20:53.570 [main] DEBUG net.thucydides.core.reflection.ClassFinder - Could not load class META-INF.versions.9.com.sun.istack.logging.StackHelper
11:20:53.572 [main] DEBUG net.thucydides.core.reflection.ClassFinder - Could not load class META-INF.versions.9.com.sun.xml.bind.v2.runtime.reflect.opt.AccessorInjector
11:20:53.573 [main] DEBUG net.thucydides.core.reflection.ClassFinder - Could not load class META-INF.versions.9.com.sun.xml.bind.v2.runtime.reflect.opt.Injector
11:20:53.574 [main] DEBUG net.thucydides.core.reflection.ClassFinder - Could not load class META-INF.versions.9.com.sun.xml.bind.v2.runtime.reflect.opt.OptimizedAccessorFactory
11:20:53.575 [main] DEBUG net.thucydides.core.reflection.ClassFinder - Could not load class META-INF.versions.9.com.sun.xml.bind.v2.runtime.reflect.opt.OptimizedTransducedAccessorFactory
11:20:53.576 [main] DEBUG net.thucydides.core.reflection.ClassFinder - Could not load class META-INF.versions.9.io.opentelemetry.sdk.internal.CurrentJavaVersionSpecific
11:20:53.576 [main] DEBUG net.thucydides.core.reflection.ClassFinder - Could not load class META-INF.versions.9.io.opentelemetry.sdk.internal.Java9VersionSpecific
11:20:53.577 [main] DEBUG net.thucydides.core.reflection.ClassFinder - Could not load class META-INF.versions.9.javax.xml.bind.ModuleUtil
11:20:53.578 [main] DEBUG net.thucydides.core.reflection.ClassFinder - Could not load class META-INF.versions.9.module-info
11:20:53.579 [main] DEBUG net.thucydides.core.reflection.ClassFinder - Could not load class META-INF.versions.9.org.junit.platform.commons.util.ModuleUtils
11:20:53.583 [main] DEBUG net.thucydides.core.reflection.ClassFinder - Could not load class com.google.gson.internal.
11:20:53.585 [main] DEBUG net.thucydides.core.reflection.ClassFinder - Could not load class com.sun.xml.bind.v2.runtime.output.FastInfosetStreamWriterOutput
11:20:53.591 [main] DEBUG net.thucydides.core.reflection.ClassFinder - Could not load class module-info
11:20:53.626 [Forwarding get on session d789555d91ca41fd8748c5426e730f76 to remote] DEBUG org.asynchttpclient.netty.request.NettyRequestSender - Using pooled Channel '[id: 0xc905050a, L:/127.0.0.1:61059 - R:localhost/127.0.0.1:62973]' for 'POST' to 'http://localhost:62973/session/d789555d91ca41fd8748c5426e730f76/url'
11:20:53.627 [Forwarding get on session d789555d91ca41fd8748c5426e730f76 to remote] DEBUG org.asynchttpclient.netty.request.NettyRequestSender - Using open Channel [id: 0xc905050a, L:/127.0.0.1:61059 - R:localhost/127.0.0.1:62973] for POST '/session/d789555d91ca41fd8748c5426e730f76/url'
11:20:54.397 [AsyncHttpClient-1-2] DEBUG org.asynchttpclient.netty.handler.HttpHandler - 

Request DefaultHttpRequest(decodeResult: success, version: HTTP/1.1)
POST /session/d789555d91ca41fd8748c5426e730f76/url HTTP/1.1
User-Agent: selenium/4.1.2 (java windows)
Content-Length: 78
Content-Type: application/json; charset=utf-8
host: localhost:62973
accept: */*

Response DefaultHttpResponse(decodeResult: success, version: HTTP/1.1)
HTTP/1.1 200 OK
Content-Type: application/json; charset=utf-8
cache-control: no-cache
content-length: 14

11:20:54.398 [AsyncHttpClient-1-2] DEBUG org.asynchttpclient.netty.channel.ChannelManager - Adding key: http://localhost:62973 for channel [id: 0xc905050a, L:/127.0.0.1:61059 - R:localhost/127.0.0.1:62973]
11:20:54.409 [Forwarding setTimeout on session d789555d91ca41fd8748c5426e730f76 to remote] DEBUG org.asynchttpclient.netty.request.NettyRequestSender - Using pooled Channel '[id: 0xc905050a, L:/127.0.0.1:61059 - R:localhost/127.0.0.1:62973]' for 'POST' to 'http://localhost:62973/session/d789555d91ca41fd8748c5426e730f76/timeouts'
11:20:54.410 [Forwarding setTimeout on session d789555d91ca41fd8748c5426e730f76 to remote] DEBUG org.asynchttpclient.netty.request.NettyRequestSender - Using open Channel [id: 0xc905050a, L:/127.0.0.1:61059 - R:localhost/127.0.0.1:62973] for POST '/session/d789555d91ca41fd8748c5426e730f76/timeouts'
11:20:54.413 [AsyncHttpClient-1-2] DEBUG org.asynchttpclient.netty.handler.HttpHandler - 

Request DefaultHttpRequest(decodeResult: success, version: HTTP/1.1)
POST /session/d789555d91ca41fd8748c5426e730f76/timeouts HTTP/1.1
User-Agent: selenium/4.1.2 (java windows)
Content-Length: 22
Content-Type: application/json; charset=utf-8
host: localhost:62973
accept: */*

Response DefaultHttpResponse(decodeResult: success, version: HTTP/1.1)
HTTP/1.1 200 OK
Content-Type: application/json; charset=utf-8
cache-control: no-cache
content-length: 14

11:20:54.414 [AsyncHttpClient-1-2] DEBUG org.asynchttpclient.netty.channel.ChannelManager - Adding key: http://localhost:62973 for channel [id: 0xc905050a, L:/127.0.0.1:61059 - R:localhost/127.0.0.1:62973]
11:20:54.429 [Forwarding getCurrentUrl on session d789555d91ca41fd8748c5426e730f76 to remote] DEBUG org.asynchttpclient.netty.request.NettyRequestSender - Using pooled Channel '[id: 0xc905050a, L:/127.0.0.1:61059 - R:localhost/127.0.0.1:62973]' for 'GET' to 'http://localhost:62973/session/d789555d91ca41fd8748c5426e730f76/url'
11:20:54.429 [Forwarding getCurrentUrl on session d789555d91ca41fd8748c5426e730f76 to remote] DEBUG org.asynchttpclient.netty.request.NettyRequestSender - Using open Channel [id: 0xc905050a, L:/127.0.0.1:61059 - R:localhost/127.0.0.1:62973] for GET '/session/d789555d91ca41fd8748c5426e730f76/url'
11:20:54.439 [AsyncHttpClient-1-2] DEBUG org.asynchttpclient.netty.handler.HttpHandler - 

Request DefaultFullHttpRequest(decodeResult: success, version: HTTP/1.1, content: EmptyByteBufBE)
GET /session/d789555d91ca41fd8748c5426e730f76/url HTTP/1.1
User-Agent: selenium/4.1.2 (java windows)
Cache-Control: no-cache
Content-Type: application/json; charset=utf-8
host: localhost:62973
accept: */*

Response DefaultHttpResponse(decodeResult: success, version: HTTP/1.1)
HTTP/1.1 200 OK
Content-Type: application/json; charset=utf-8
cache-control: no-cache
content-length: 55

11:20:54.440 [AsyncHttpClient-1-2] DEBUG org.asynchttpclient.netty.channel.ChannelManager - Adding key: http://localhost:62973 for channel [id: 0xc905050a, L:/127.0.0.1:61059 - R:localhost/127.0.0.1:62973]
  &amp#27;[32mGiven &amp#27;[0m&amp#27;[32mI on the login page&amp#27;[0m   &amp#27;[90m# starter.stepdefinitions.LoginSteps.iOnTheLoginPage()&amp#27;[0m
11:20:54.480 [main] DEBUG net.serenitybdd.core.photography.Darkroom - Opening darkroom
11:20:54.483 [Forwarding screenshot on session d789555d91ca41fd8748c5426e730f76 to remote] DEBUG org.asynchttpclient.netty.request.NettyRequestSender - Using pooled Channel '[id: 0xc905050a, L:/127.0.0.1:61059 - R:localhost/127.0.0.1:62973]' for 'GET' to 'http://localhost:62973/session/d789555d91ca41fd8748c5426e730f76/screenshot'
11:20:54.483 [Darkroom Processing Line] DEBUG net.serenitybdd.core.photography.DarkroomProcessingLine - Darkroom processing line starting up
11:20:54.483 [Forwarding screenshot on session d789555d91ca41fd8748c5426e730f76 to remote] DEBUG org.asynchttpclient.netty.request.NettyRequestSender - Using open Channel [id: 0xc905050a, L:/127.0.0.1:61059 - R:localhost/127.0.0.1:62973] for GET '/session/d789555d91ca41fd8748c5426e730f76/screenshot'
11:20:54.559 [AsyncHttpClient-1-1] DEBUG org.asynchttpclient.netty.channel.DefaultChannelPool - Entry count for : http://localhost:61060 : 1
11:20:54.907 [AsyncHttpClient-1-2] DEBUG org.asynchttpclient.netty.handler.HttpHandler - 

Request DefaultFullHttpRequest(decodeResult: success, version: HTTP/1.1, content: EmptyByteBufBE)
GET /session/d789555d91ca41fd8748c5426e730f76/screenshot HTTP/1.1
User-Agent: selenium/4.1.2 (java windows)
Cache-Control: no-cache
Content-Type: application/json; charset=utf-8
host: localhost:62973
accept: */*

Response DefaultHttpResponse(decodeResult: success, version: HTTP/1.1)
HTTP/1.1 200 OK
Content-Type: application/json; charset=utf-8
cache-control: no-cache
content-length: 649364

11:20:54.917 [AsyncHttpClient-1-2] DEBUG org.asynchttpclient.netty.channel.ChannelManager - Adding key: http://localhost:62973 for channel [id: 0xc905050a, L:/127.0.0.1:61059 - R:localhost/127.0.0.1:62973]
11:20:55.103 [main] DEBUG net.serenitybdd.core.photography.Darkroom - Send negative for processing for target\site\serenity\486d521e11bd10a56d8f5800972547e7e17676e86ac1bb52446a40f45a7507b4.png
11:20:55.104 [Darkroom Processing Line] DEBUG net.serenitybdd.core.photography.DarkroomProcessingLine - Processing screenshot image in /var/screenshots/screenshot-6659768354415542090
11:20:55.104 [Darkroom Processing Line] DEBUG net.serenitybdd.core.photography.DarkroomProcessingLine - Saving screenshot to target\site\serenity\486d521e11bd10a56d8f5800972547e7e17676e86ac1bb52446a40f45a7507b4.png
11:20:55.138 [Forwarding findElement on session d789555d91ca41fd8748c5426e730f76 to remote] DEBUG org.asynchttpclient.netty.request.NettyRequestSender - Using pooled Channel '[id: 0xc905050a, L:/127.0.0.1:61059 - R:localhost/127.0.0.1:62973]' for 'POST' to 'http://localhost:62973/session/d789555d91ca41fd8748c5426e730f76/element'
11:20:55.139 [Forwarding findElement on session d789555d91ca41fd8748c5426e730f76 to remote] DEBUG org.asynchttpclient.netty.request.NettyRequestSender - Using open Channel [id: 0xc905050a, L:/127.0.0.1:61059 - R:localhost/127.0.0.1:62973] for POST '/session/d789555d91ca41fd8748c5426e730f76/element'
11:20:55.156 [AsyncHttpClient-1-2] DEBUG org.asynchttpclient.netty.handler.HttpHandler - 

Request DefaultHttpRequest(decodeResult: success, version: HTTP/1.1)
POST /session/d789555d91ca41fd8748c5426e730f76/element HTTP/1.1
User-Agent: selenium/4.1.2 (java windows)
Content-Length: 53
Content-Type: application/json; charset=utf-8
host: localhost:62973
accept: */*

Response DefaultHttpResponse(decodeResult: success, version: HTTP/1.1)
HTTP/1.1 200 OK
Content-Type: application/json; charset=utf-8
cache-control: no-cache
content-length: 94

11:20:55.156 [AsyncHttpClient-1-2] DEBUG org.asynchttpclient.netty.channel.ChannelManager - Adding key: http://localhost:62973 for channel [id: 0xc905050a, L:/127.0.0.1:61059 - R:localhost/127.0.0.1:62973]
11:20:55.159 [Forwarding clearElement on session d789555d91ca41fd8748c5426e730f76 to remote] DEBUG org.asynchttpclient.netty.request.NettyRequestSender - Using pooled Channel '[id: 0xc905050a, L:/127.0.0.1:61059 - R:localhost/127.0.0.1:62973]' for 'POST' to 'http://localhost:62973/session/d789555d91ca41fd8748c5426e730f76/element/B992D481030073F9DB8CC5A6FCE15A7C_element_4/clear'
11:20:55.159 [Forwarding clearElement on session d789555d91ca41fd8748c5426e730f76 to remote] DEBUG org.asynchttpclient.netty.request.NettyRequestSender - Using open Channel [id: 0xc905050a, L:/127.0.0.1:61059 - R:localhost/127.0.0.1:62973] for POST '/session/d789555d91ca41fd8748c5426e730f76/element/B992D481030073F9DB8CC5A6FCE15A7C_element_4/clear'
11:20:55.204 [AsyncHttpClient-1-2] DEBUG org.asynchttpclient.netty.handler.HttpHandler - 

Request DefaultHttpRequest(decodeResult: success, version: HTTP/1.1)
POST /session/d789555d91ca41fd8748c5426e730f76/element/B992D481030073F9DB8CC5A6FCE15A7C_element_4/clear HTTP/1.1
User-Agent: selenium/4.1.2 (java windows)
Content-Length: 56
Content-Type: application/json; charset=utf-8
host: localhost:62973
accept: */*

Response DefaultHttpResponse(decodeResult: success, version: HTTP/1.1)
HTTP/1.1 200 OK
Content-Type: application/json; charset=utf-8
cache-control: no-cache
content-length: 14

11:20:55.205 [AsyncHttpClient-1-2] DEBUG org.asynchttpclient.netty.channel.ChannelManager - Adding key: http://localhost:62973 for channel [id: 0xc905050a, L:/127.0.0.1:61059 - R:localhost/127.0.0.1:62973]
11:20:55.214 [Forwarding sendKeysToElement on session d789555d91ca41fd8748c5426e730f76 to remote] DEBUG org.asynchttpclient.netty.request.NettyRequestSender - Using pooled Channel '[id: 0xc905050a, L:/127.0.0.1:61059 - R:localhost/127.0.0.1:62973]' for 'POST' to 'http://localhost:62973/session/d789555d91ca41fd8748c5426e730f76/element/B992D481030073F9DB8CC5A6FCE15A7C_element_4/value'
11:20:55.214 [Forwarding sendKeysToElement on session d789555d91ca41fd8748c5426e730f76 to remote] DEBUG org.asynchttpclient.netty.request.NettyRequestSender - Using open Channel [id: 0xc905050a, L:/127.0.0.1:61059 - R:localhost/127.0.0.1:62973] for POST '/session/d789555d91ca41fd8748c5426e730f76/element/B992D481030073F9DB8CC5A6FCE15A7C_element_4/value'
11:20:55.276 [AsyncHttpClient-1-2] DEBUG org.asynchttpclient.netty.handler.HttpHandler - 

Request DefaultHttpRequest(decodeResult: success, version: HTTP/1.1)
POST /session/d789555d91ca41fd8748c5426e730f76/element/B992D481030073F9DB8CC5A6FCE15A7C_element_4/value HTTP/1.1
User-Agent: selenium/4.1.2 (java windows)
Content-Length: 197
Content-Type: application/json; charset=utf-8
host: localhost:62973
accept: */*

Response DefaultHttpResponse(decodeResult: success, version: HTTP/1.1)
HTTP/1.1 200 OK
Content-Type: application/json; charset=utf-8
cache-control: no-cache
content-length: 14

11:20:55.276 [AsyncHttpClient-1-2] DEBUG org.asynchttpclient.netty.channel.ChannelManager - Adding key: http://localhost:62973 for channel [id: 0xc905050a, L:/127.0.0.1:61059 - R:localhost/127.0.0.1:62973]
  &amp#27;[32mWhen &amp#27;[0m&amp#27;[32mI input username&amp#27;[0m       &amp#27;[90m# starter.stepdefinitions.LoginSteps.iInputUsername()&amp#27;[0m
11:20:55.291 [Forwarding screenshot on session d789555d91ca41fd8748c5426e730f76 to remote] DEBUG org.asynchttpclient.netty.request.NettyRequestSender - Using pooled Channel '[id: 0xc905050a, L:/127.0.0.1:61059 - R:localhost/127.0.0.1:62973]' for 'GET' to 'http://localhost:62973/session/d789555d91ca41fd8748c5426e730f76/screenshot'
11:20:55.291 [Forwarding screenshot on session d789555d91ca41fd8748c5426e730f76 to remote] DEBUG org.asynchttpclient.netty.request.NettyRequestSender - Using open Channel [id: 0xc905050a, L:/127.0.0.1:61059 - R:localhost/127.0.0.1:62973] for GET '/session/d789555d91ca41fd8748c5426e730f76/screenshot'
11:20:55.548 [AsyncHttpClient-1-2] DEBUG org.asynchttpclient.netty.handler.HttpHandler - 

Request DefaultFullHttpRequest(decodeResult: success, version: HTTP/1.1, content: EmptyByteBufBE)
GET /session/d789555d91ca41fd8748c5426e730f76/screenshot HTTP/1.1
User-Agent: selenium/4.1.2 (java windows)
Cache-Control: no-cache
Content-Type: application/json; charset=utf-8
host: localhost:62973
accept: */*

Response DefaultHttpResponse(decodeResult: success, version: HTTP/1.1)
HTTP/1.1 200 OK
Content-Type: application/json; charset=utf-8
cache-control: no-cache
content-length: 651428

11:20:55.554 [AsyncHttpClient-1-2] DEBUG org.asynchttpclient.netty.channel.ChannelManager - Adding key: http://localhost:62973 for channel [id: 0xc905050a, L:/127.0.0.1:61059 - R:localhost/127.0.0.1:62973]
11:20:55.584 [main] DEBUG net.serenitybdd.core.photography.Darkroom - Send negative for processing for target\site\serenity\561c9351cbdd6caa362c86c77f0ac34ce405d3cf0ab683e60cb6b6b734b1a135.png
11:20:55.585 [Darkroom Processing Line] DEBUG net.serenitybdd.core.photography.DarkroomProcessingLine - Processing screenshot image in /var/screenshots/screenshot-6904384444547784526
11:20:55.585 [Darkroom Processing Line] DEBUG net.serenitybdd.core.photography.DarkroomProcessingLine - Saving screenshot to target\site\serenity\561c9351cbdd6caa362c86c77f0ac34ce405d3cf0ab683e60cb6b6b734b1a135.png
11:20:55.604 [Forwarding findElement on session d789555d91ca41fd8748c5426e730f76 to remote] DEBUG org.asynchttpclient.netty.request.NettyRequestSender - Using pooled Channel '[id: 0xc905050a, L:/127.0.0.1:61059 - R:localhost/127.0.0.1:62973]' for 'POST' to 'http://localhost:62973/session/d789555d91ca41fd8748c5426e730f76/element'
11:20:55.604 [Forwarding findElement on session d789555d91ca41fd8748c5426e730f76 to remote] DEBUG org.asynchttpclient.netty.request.NettyRequestSender - Using open Channel [id: 0xc905050a, L:/127.0.0.1:61059 - R:localhost/127.0.0.1:62973] for POST '/session/d789555d91ca41fd8748c5426e730f76/element'
11:20:55.616 [AsyncHttpClient-1-2] DEBUG org.asynchttpclient.netty.handler.HttpHandler - 

Request DefaultHttpRequest(decodeResult: success, version: HTTP/1.1)
POST /session/d789555d91ca41fd8748c5426e730f76/element HTTP/1.1
User-Agent: selenium/4.1.2 (java windows)
Content-Length: 53
Content-Type: application/json; charset=utf-8
host: localhost:62973
accept: */*

Response DefaultHttpResponse(decodeResult: success, version: HTTP/1.1)
HTTP/1.1 200 OK
Content-Type: application/json; charset=utf-8
cache-control: no-cache
content-length: 94

11:20:55.617 [AsyncHttpClient-1-2] DEBUG org.asynchttpclient.netty.channel.ChannelManager - Adding key: http://localhost:62973 for channel [id: 0xc905050a, L:/127.0.0.1:61059 - R:localhost/127.0.0.1:62973]
11:20:55.620 [Forwarding clearElement on session d789555d91ca41fd8748c5426e730f76 to remote] DEBUG org.asynchttpclient.netty.request.NettyRequestSender - Using pooled Channel '[id: 0xc905050a, L:/127.0.0.1:61059 - R:localhost/127.0.0.1:62973]' for 'POST' to 'http://localhost:62973/session/d789555d91ca41fd8748c5426e730f76/element/B992D481030073F9DB8CC5A6FCE15A7C_element_5/clear'
11:20:55.621 [Forwarding clearElement on session d789555d91ca41fd8748c5426e730f76 to remote] DEBUG org.asynchttpclient.netty.request.NettyRequestSender - Using open Channel [id: 0xc905050a, L:/127.0.0.1:61059 - R:localhost/127.0.0.1:62973] for POST '/session/d789555d91ca41fd8748c5426e730f76/element/B992D481030073F9DB8CC5A6FCE15A7C_element_5/clear'
11:20:55.646 [AsyncHttpClient-1-1] DEBUG org.asynchttpclient.netty.channel.DefaultChannelPool - Entry count for : http://localhost:61060 : 1
11:20:55.656 [AsyncHttpClient-1-2] DEBUG org.asynchttpclient.netty.handler.HttpHandler - 

Request DefaultHttpRequest(decodeResult: success, version: HTTP/1.1)
POST /session/d789555d91ca41fd8748c5426e730f76/element/B992D481030073F9DB8CC5A6FCE15A7C_element_5/clear HTTP/1.1
User-Agent: selenium/4.1.2 (java windows)
Content-Length: 56
Content-Type: application/json; charset=utf-8
host: localhost:62973
accept: */*

Response DefaultHttpResponse(decodeResult: success, version: HTTP/1.1)
HTTP/1.1 200 OK
Content-Type: application/json; charset=utf-8
cache-control: no-cache
content-length: 14

11:20:55.656 [AsyncHttpClient-1-2] DEBUG org.asynchttpclient.netty.channel.ChannelManager - Adding key: http://localhost:62973 for channel [id: 0xc905050a, L:/127.0.0.1:61059 - R:localhost/127.0.0.1:62973]
11:20:55.661 [Forwarding sendKeysToElement on session d789555d91ca41fd8748c5426e730f76 to remote] DEBUG org.asynchttpclient.netty.request.NettyRequestSender - Using pooled Channel '[id: 0xc905050a, L:/127.0.0.1:61059 - R:localhost/127.0.0.1:62973]' for 'POST' to 'http://localhost:62973/session/d789555d91ca41fd8748c5426e730f76/element/B992D481030073F9DB8CC5A6FCE15A7C_element_5/value'
11:20:55.662 [Forwarding sendKeysToElement on session d789555d91ca41fd8748c5426e730f76 to remote] DEBUG org.asynchttpclient.netty.request.NettyRequestSender - Using open Channel [id: 0xc905050a, L:/127.0.0.1:61059 - R:localhost/127.0.0.1:62973] for POST '/session/d789555d91ca41fd8748c5426e730f76/element/B992D481030073F9DB8CC5A6FCE15A7C_element_5/value'
11:20:55.759 [AsyncHttpClient-1-2] DEBUG org.asynchttpclient.netty.handler.HttpHandler - 

Request DefaultHttpRequest(decodeResult: success, version: HTTP/1.1)
POST /session/d789555d91ca41fd8748c5426e730f76/element/B992D481030073F9DB8CC5A6FCE15A7C_element_5/value HTTP/1.1
User-Agent: selenium/4.1.2 (java windows)
Content-Length: 167
Content-Type: application/json; charset=utf-8
host: localhost:62973
accept: */*

Response DefaultHttpResponse(decodeResult: success, version: HTTP/1.1)
HTTP/1.1 200 OK
Content-Type: application/json; charset=utf-8
cache-control: no-cache
content-length: 14

11:20:55.760 [AsyncHttpClient-1-2] DEBUG org.asynchttpclient.netty.channel.ChannelManager - Adding key: http://localhost:62973 for channel [id: 0xc905050a, L:/127.0.0.1:61059 - R:localhost/127.0.0.1:62973]
  &amp#27;[32mAnd &amp#27;[0m&amp#27;[32mI input password&amp#27;[0m        &amp#27;[90m# starter.stepdefinitions.LoginSteps.iInputPassword()&amp#27;[0m
11:20:55.776 [Forwarding screenshot on session d789555d91ca41fd8748c5426e730f76 to remote] DEBUG org.asynchttpclient.netty.request.NettyRequestSender - Using pooled Channel '[id: 0xc905050a, L:/127.0.0.1:61059 - R:localhost/127.0.0.1:62973]' for 'GET' to 'http://localhost:62973/session/d789555d91ca41fd8748c5426e730f76/screenshot'
11:20:55.776 [Forwarding screenshot on session d789555d91ca41fd8748c5426e730f76 to remote] DEBUG org.asynchttpclient.netty.request.NettyRequestSender - Using open Channel [id: 0xc905050a, L:/127.0.0.1:61059 - R:localhost/127.0.0.1:62973] for GET '/session/d789555d91ca41fd8748c5426e730f76/screenshot'
11:20:56.076 [AsyncHttpClient-1-2] DEBUG org.asynchttpclient.netty.handler.HttpHandler - 

Request DefaultFullHttpRequest(decodeResult: success, version: HTTP/1.1, content: EmptyByteBufBE)
GET /session/d789555d91ca41fd8748c5426e730f76/screenshot HTTP/1.1
User-Agent: selenium/4.1.2 (java windows)
Cache-Control: no-cache
Content-Type: application/json; charset=utf-8
host: localhost:62973
accept: */*

Response DefaultHttpResponse(decodeResult: success, version: HTTP/1.1)
HTTP/1.1 200 OK
Content-Type: application/json; charset=utf-8
cache-control: no-cache
content-length: 647936

11:20:56.085 [AsyncHttpClient-1-2] DEBUG org.asynchttpclient.netty.channel.ChannelManager - Adding key: http://localhost:62973 for channel [id: 0xc905050a, L:/127.0.0.1:61059 - R:localhost/127.0.0.1:62973]
11:20:56.186 [main] DEBUG net.serenitybdd.core.photography.Darkroom - Send negative for processing for target\site\serenity\ee426d7f9a98414b98d02602ae2605d6d6a667e881cee8f87a0291ca1b5ac39c.png
11:20:56.189 [Darkroom Processing Line] DEBUG net.serenitybdd.core.photography.DarkroomProcessingLine - Processing screenshot image in /var/screenshots/screenshot-17105303607412933992
11:20:56.189 [Darkroom Processing Line] DEBUG net.serenitybdd.core.photography.DarkroomProcessingLine - Saving screenshot to target\site\serenity\ee426d7f9a98414b98d02602ae2605d6d6a667e881cee8f87a0291ca1b5ac39c.png
11:20:56.201 [Forwarding findElement on session d789555d91ca41fd8748c5426e730f76 to remote] DEBUG org.asynchttpclient.netty.request.NettyRequestSender - Using pooled Channel '[id: 0xc905050a, L:/127.0.0.1:61059 - R:localhost/127.0.0.1:62973]' for 'POST' to 'http://localhost:62973/session/d789555d91ca41fd8748c5426e730f76/element'
11:20:56.201 [Forwarding findElement on session d789555d91ca41fd8748c5426e730f76 to remote] DEBUG org.asynchttpclient.netty.request.NettyRequestSender - Using open Channel [id: 0xc905050a, L:/127.0.0.1:61059 - R:localhost/127.0.0.1:62973] for POST '/session/d789555d91ca41fd8748c5426e730f76/element'
11:20:56.213 [AsyncHttpClient-1-2] DEBUG org.asynchttpclient.netty.handler.HttpHandler - 

Request DefaultHttpRequest(decodeResult: success, version: HTTP/1.1)
POST /session/d789555d91ca41fd8748c5426e730f76/element HTTP/1.1
User-Agent: selenium/4.1.2 (java windows)
Content-Length: 147
Content-Type: application/json; charset=utf-8
host: localhost:62973
accept: */*

Response DefaultHttpResponse(decodeResult: success, version: HTTP/1.1)
HTTP/1.1 200 OK
Content-Type: application/json; charset=utf-8
cache-control: no-cache
content-length: 95

11:20:56.214 [AsyncHttpClient-1-2] DEBUG org.asynchttpclient.netty.channel.ChannelManager - Adding key: http://localhost:62973 for channel [id: 0xc905050a, L:/127.0.0.1:61059 - R:localhost/127.0.0.1:62973]
11:20:56.217 [Forwarding getElementTagName on session d789555d91ca41fd8748c5426e730f76 to remote] DEBUG org.asynchttpclient.netty.request.NettyRequestSender - Using pooled Channel '[id: 0xc905050a, L:/127.0.0.1:61059 - R:localhost/127.0.0.1:62973]' for 'GET' to 'http://localhost:62973/session/d789555d91ca41fd8748c5426e730f76/element/B992D481030073F9DB8CC5A6FCE15A7C_element_12/name'
11:20:56.217 [Forwarding getElementTagName on session d789555d91ca41fd8748c5426e730f76 to remote] DEBUG org.asynchttpclient.netty.request.NettyRequestSender - Using open Channel [id: 0xc905050a, L:/127.0.0.1:61059 - R:localhost/127.0.0.1:62973] for GET '/session/d789555d91ca41fd8748c5426e730f76/element/B992D481030073F9DB8CC5A6FCE15A7C_element_12/name'
11:20:56.224 [AsyncHttpClient-1-2] DEBUG org.asynchttpclient.netty.handler.HttpHandler - 

Request DefaultFullHttpRequest(decodeResult: success, version: HTTP/1.1, content: EmptyByteBufBE)
GET /session/d789555d91ca41fd8748c5426e730f76/element/B992D481030073F9DB8CC5A6FCE15A7C_element_12/name HTTP/1.1
User-Agent: selenium/4.1.2 (java windows)
Cache-Control: no-cache
Content-Type: application/json; charset=utf-8
host: localhost:62973
accept: */*

Response DefaultHttpResponse(decodeResult: success, version: HTTP/1.1)
HTTP/1.1 200 OK
Content-Type: application/json; charset=utf-8
cache-control: no-cache
content-length: 17

11:20:56.224 [AsyncHttpClient-1-2] DEBUG org.asynchttpclient.netty.channel.ChannelManager - Adding key: http://localhost:62973 for channel [id: 0xc905050a, L:/127.0.0.1:61059 - R:localhost/127.0.0.1:62973]
11:20:56.225 [Forwarding getElementTagName on session d789555d91ca41fd8748c5426e730f76 to remote] DEBUG org.asynchttpclient.netty.request.NettyRequestSender - Using pooled Channel '[id: 0xc905050a, L:/127.0.0.1:61059 - R:localhost/127.0.0.1:62973]' for 'GET' to 'http://localhost:62973/session/d789555d91ca41fd8748c5426e730f76/element/B992D481030073F9DB8CC5A6FCE15A7C_element_12/name'
11:20:56.225 [Forwarding getElementTagName on session d789555d91ca41fd8748c5426e730f76 to remote] DEBUG org.asynchttpclient.netty.request.NettyRequestSender - Using open Channel [id: 0xc905050a, L:/127.0.0.1:61059 - R:localhost/127.0.0.1:62973] for GET '/session/d789555d91ca41fd8748c5426e730f76/element/B992D481030073F9DB8CC5A6FCE15A7C_element_12/name'
11:20:56.231 [AsyncHttpClient-1-2] DEBUG org.asynchttpclient.netty.handler.HttpHandler - 

Request DefaultFullHttpRequest(decodeResult: success, version: HTTP/1.1, content: EmptyByteBufBE)
GET /session/d789555d91ca41fd8748c5426e730f76/element/B992D481030073F9DB8CC5A6FCE15A7C_element_12/name HTTP/1.1
User-Agent: selenium/4.1.2 (java windows)
Cache-Control: no-cache
Content-Type: application/json; charset=utf-8
host: localhost:62973
accept: */*

Response DefaultHttpResponse(decodeResult: success, version: HTTP/1.1)
HTTP/1.1 200 OK
Content-Type: application/json; charset=utf-8
cache-control: no-cache
content-length: 17

11:20:56.231 [AsyncHttpClient-1-2] DEBUG org.asynchttpclient.netty.channel.ChannelManager - Adding key: http://localhost:62973 for channel [id: 0xc905050a, L:/127.0.0.1:61059 - R:localhost/127.0.0.1:62973]
11:20:56.239 [Forwarding isElementEnabled on session d789555d91ca41fd8748c5426e730f76 to remote] DEBUG org.asynchttpclient.netty.request.NettyRequestSender - Using pooled Channel '[id: 0xc905050a, L:/127.0.0.1:61059 - R:localhost/127.0.0.1:62973]' for 'GET' to 'http://localhost:62973/session/d789555d91ca41fd8748c5426e730f76/element/B992D481030073F9DB8CC5A6FCE15A7C_element_12/enabled'
11:20:56.239 [Forwarding isElementEnabled on session d789555d91ca41fd8748c5426e730f76 to remote] DEBUG org.asynchttpclient.netty.request.NettyRequestSender - Using open Channel [id: 0xc905050a, L:/127.0.0.1:61059 - R:localhost/127.0.0.1:62973] for GET '/session/d789555d91ca41fd8748c5426e730f76/element/B992D481030073F9DB8CC5A6FCE15A7C_element_12/enabled'
11:20:56.248 [AsyncHttpClient-1-2] DEBUG org.asynchttpclient.netty.handler.HttpHandler - 

Request DefaultFullHttpRequest(decodeResult: success, version: HTTP/1.1, content: EmptyByteBufBE)
GET /session/d789555d91ca41fd8748c5426e730f76/element/B992D481030073F9DB8CC5A6FCE15A7C_element_12/enabled HTTP/1.1
User-Agent: selenium/4.1.2 (java windows)
Cache-Control: no-cache
Content-Type: application/json; charset=utf-8
host: localhost:62973
accept: */*

Response DefaultHttpResponse(decodeResult: success, version: HTTP/1.1)
HTTP/1.1 200 OK
Content-Type: application/json; charset=utf-8
cache-control: no-cache
content-length: 14

11:20:56.248 [AsyncHttpClient-1-2] DEBUG org.asynchttpclient.netty.channel.ChannelManager - Adding key: http://localhost:62973 for channel [id: 0xc905050a, L:/127.0.0.1:61059 - R:localhost/127.0.0.1:62973]
11:20:56.251 [Forwarding isElementEnabled on session d789555d91ca41fd8748c5426e730f76 to remote] DEBUG org.asynchttpclient.netty.request.NettyRequestSender - Using pooled Channel '[id: 0xc905050a, L:/127.0.0.1:61059 - R:localhost/127.0.0.1:62973]' for 'GET' to 'http://localhost:62973/session/d789555d91ca41fd8748c5426e730f76/element/B992D481030073F9DB8CC5A6FCE15A7C_element_12/enabled'
11:20:56.252 [Forwarding isElementEnabled on session d789555d91ca41fd8748c5426e730f76 to remote] DEBUG org.asynchttpclient.netty.request.NettyRequestSender - Using open Channel [id: 0xc905050a, L:/127.0.0.1:61059 - R:localhost/127.0.0.1:62973] for GET '/session/d789555d91ca41fd8748c5426e730f76/element/B992D481030073F9DB8CC5A6FCE15A7C_element_12/enabled'
11:20:56.258 [AsyncHttpClient-1-2] DEBUG org.asynchttpclient.netty.handler.HttpHandler - 

Request DefaultFullHttpRequest(decodeResult: success, version: HTTP/1.1, content: EmptyByteBufBE)
GET /session/d789555d91ca41fd8748c5426e730f76/element/B992D481030073F9DB8CC5A6FCE15A7C_element_12/enabled HTTP/1.1
User-Agent: selenium/4.1.2 (java windows)
Cache-Control: no-cache
Content-Type: application/json; charset=utf-8
host: localhost:62973
accept: */*

Response DefaultHttpResponse(decodeResult: success, version: HTTP/1.1)
HTTP/1.1 200 OK
Content-Type: application/json; charset=utf-8
cache-control: no-cache
content-length: 14

11:20:56.259 [AsyncHttpClient-1-2] DEBUG org.asynchttpclient.netty.channel.ChannelManager - Adding key: http://localhost:62973 for channel [id: 0xc905050a, L:/127.0.0.1:61059 - R:localhost/127.0.0.1:62973]
11:20:56.262 [Forwarding findElement on session d789555d91ca41fd8748c5426e730f76 to remote] DEBUG org.asynchttpclient.netty.request.NettyRequestSender - Using pooled Channel '[id: 0xc905050a, L:/127.0.0.1:61059 - R:localhost/127.0.0.1:62973]' for 'POST' to 'http://localhost:62973/session/d789555d91ca41fd8748c5426e730f76/element'
11:20:56.262 [Forwarding findElement on session d789555d91ca41fd8748c5426e730f76 to remote] DEBUG org.asynchttpclient.netty.request.NettyRequestSender - Using open Channel [id: 0xc905050a, L:/127.0.0.1:61059 - R:localhost/127.0.0.1:62973] for POST '/session/d789555d91ca41fd8748c5426e730f76/element'
11:20:56.272 [AsyncHttpClient-1-2] DEBUG org.asynchttpclient.netty.handler.HttpHandler - 

Request DefaultHttpRequest(decodeResult: success, version: HTTP/1.1)
POST /session/d789555d91ca41fd8748c5426e730f76/element HTTP/1.1
User-Agent: selenium/4.1.2 (java windows)
Content-Length: 147
Content-Type: application/json; charset=utf-8
host: localhost:62973
accept: */*

Response DefaultHttpResponse(decodeResult: success, version: HTTP/1.1)
HTTP/1.1 200 OK
Content-Type: application/json; charset=utf-8
cache-control: no-cache
content-length: 95

11:20:56.272 [AsyncHttpClient-1-2] DEBUG org.asynchttpclient.netty.channel.ChannelManager - Adding key: http://localhost:62973 for channel [id: 0xc905050a, L:/127.0.0.1:61059 - R:localhost/127.0.0.1:62973]
11:20:56.275 [Forwarding clickElement on session d789555d91ca41fd8748c5426e730f76 to remote] DEBUG org.asynchttpclient.netty.request.NettyRequestSender - Using pooled Channel '[id: 0xc905050a, L:/127.0.0.1:61059 - R:localhost/127.0.0.1:62973]' for 'POST' to 'http://localhost:62973/session/d789555d91ca41fd8748c5426e730f76/element/B992D481030073F9DB8CC5A6FCE15A7C_element_12/click'
11:20:56.275 [Forwarding clickElement on session d789555d91ca41fd8748c5426e730f76 to remote] DEBUG org.asynchttpclient.netty.request.NettyRequestSender - Using open Channel [id: 0xc905050a, L:/127.0.0.1:61059 - R:localhost/127.0.0.1:62973] for POST '/session/d789555d91ca41fd8748c5426e730f76/element/B992D481030073F9DB8CC5A6FCE15A7C_element_12/click'
11:20:56.747 [AsyncHttpClient-1-1] DEBUG org.asynchttpclient.netty.channel.DefaultChannelPool - Entry count for : http://localhost:61060 : 1
11:20:57.412 [AsyncHttpClient-1-2] DEBUG org.asynchttpclient.netty.handler.HttpHandler - 

Request DefaultHttpRequest(decodeResult: success, version: HTTP/1.1)
POST /session/d789555d91ca41fd8748c5426e730f76/element/B992D481030073F9DB8CC5A6FCE15A7C_element_12/click HTTP/1.1
User-Agent: selenium/4.1.2 (java windows)
Content-Length: 57
Content-Type: application/json; charset=utf-8
host: localhost:62973
accept: */*

Response DefaultHttpResponse(decodeResult: success, version: HTTP/1.1)
HTTP/1.1 200 OK
Content-Type: application/json; charset=utf-8
cache-control: no-cache
content-length: 14

11:20:57.413 [AsyncHttpClient-1-2] DEBUG org.asynchttpclient.netty.channel.ChannelManager - Adding key: http://localhost:62973 for channel [id: 0xc905050a, L:/127.0.0.1:61059 - R:localhost/127.0.0.1:62973]
  &amp#27;[32mAnd &amp#27;[0m&amp#27;[32mI click login button&amp#27;[0m    &amp#27;[90m# starter.stepdefinitions.LoginSteps.iClickLoginButton()&amp#27;[0m
11:20:57.426 [Forwarding screenshot on session d789555d91ca41fd8748c5426e730f76 to remote] DEBUG org.asynchttpclient.netty.request.NettyRequestSender - Using pooled Channel '[id: 0xc905050a, L:/127.0.0.1:61059 - R:localhost/127.0.0.1:62973]' for 'GET' to 'http://localhost:62973/session/d789555d91ca41fd8748c5426e730f76/screenshot'
11:20:57.426 [Forwarding screenshot on session d789555d91ca41fd8748c5426e730f76 to remote] DEBUG org.asynchttpclient.netty.request.NettyRequestSender - Using open Channel [id: 0xc905050a, L:/127.0.0.1:61059 - R:localhost/127.0.0.1:62973] for GET '/session/d789555d91ca41fd8748c5426e730f76/screenshot'
11:20:57.681 [AsyncHttpClient-1-2] DEBUG org.asynchttpclient.netty.handler.HttpHandler - 

Request DefaultFullHttpRequest(decodeResult: success, version: HTTP/1.1, content: EmptyByteBufBE)
GET /session/d789555d91ca41fd8748c5426e730f76/screenshot HTTP/1.1
User-Agent: selenium/4.1.2 (java windows)
Cache-Control: no-cache
Content-Type: application/json; charset=utf-8
host: localhost:62973
accept: */*

Response DefaultHttpResponse(decodeResult: success, version: HTTP/1.1)
HTTP/1.1 200 OK
Content-Type: application/json; charset=utf-8
cache-control: no-cache
content-length: 320932

11:20:57.685 [AsyncHttpClient-1-2] DEBUG org.asynchttpclient.netty.channel.ChannelManager - Adding key: http://localhost:62973 for channel [id: 0xc905050a, L:/127.0.0.1:61059 - R:localhost/127.0.0.1:62973]
11:20:57.704 [main] DEBUG net.serenitybdd.core.photography.Darkroom - Send negative for processing for target\site\serenity\6b28bf0c14713d4fc25ab1979b7664b04ca482d760cb427d8c7e95d741464f7f.png
11:20:57.705 [Darkroom Processing Line] DEBUG net.serenitybdd.core.photography.DarkroomProcessingLine - Processing screenshot image in /var/screenshots/screenshot-9529151188876782294
11:20:57.705 [Darkroom Processing Line] DEBUG net.serenitybdd.core.photography.DarkroomProcessingLine - Saving screenshot to target\site\serenity\6b28bf0c14713d4fc25ab1979b7664b04ca482d760cb427d8c7e95d741464f7f.png
11:20:57.725 [Forwarding findElement on session d789555d91ca41fd8748c5426e730f76 to remote] DEBUG org.asynchttpclient.netty.request.NettyRequestSender - Using pooled Channel '[id: 0xc905050a, L:/127.0.0.1:61059 - R:localhost/127.0.0.1:62973]' for 'POST' to 'http://localhost:62973/session/d789555d91ca41fd8748c5426e730f76/element'
11:20:57.725 [Forwarding findElement on session d789555d91ca41fd8748c5426e730f76 to remote] DEBUG org.asynchttpclient.netty.request.NettyRequestSender - Using open Channel [id: 0xc905050a, L:/127.0.0.1:61059 - R:localhost/127.0.0.1:62973] for POST '/session/d789555d91ca41fd8748c5426e730f76/element'
11:20:57.741 [AsyncHttpClient-1-2] DEBUG org.asynchttpclient.netty.handler.HttpHandler - 

Request DefaultHttpRequest(decodeResult: success, version: HTTP/1.1)
POST /session/d789555d91ca41fd8748c5426e730f76/element HTTP/1.1
User-Agent: selenium/4.1.2 (java windows)
Content-Length: 106
Content-Type: application/json; charset=utf-8
host: localhost:62973
accept: */*

Response DefaultHttpResponse(decodeResult: success, version: HTTP/1.1)
HTTP/1.1 200 OK
Content-Type: application/json; charset=utf-8
cache-control: no-cache
content-length: 95

11:20:57.741 [AsyncHttpClient-1-2] DEBUG org.asynchttpclient.netty.channel.ChannelManager - Adding key: http://localhost:62973 for channel [id: 0xc905050a, L:/127.0.0.1:61059 - R:localhost/127.0.0.1:62973]
11:20:57.744 [Forwarding getElementTagName on session d789555d91ca41fd8748c5426e730f76 to remote] DEBUG org.asynchttpclient.netty.request.NettyRequestSender - Using pooled Channel '[id: 0xc905050a, L:/127.0.0.1:61059 - R:localhost/127.0.0.1:62973]' for 'GET' to 'http://localhost:62973/session/d789555d91ca41fd8748c5426e730f76/element/05BB34127E0F5D7B4F6290BE43F14EB8_element_31/name'
11:20:57.744 [Forwarding getElementTagName on session d789555d91ca41fd8748c5426e730f76 to remote] DEBUG org.asynchttpclient.netty.request.NettyRequestSender - Using open Channel [id: 0xc905050a, L:/127.0.0.1:61059 - R:localhost/127.0.0.1:62973] for GET '/session/d789555d91ca41fd8748c5426e730f76/element/05BB34127E0F5D7B4F6290BE43F14EB8_element_31/name'
11:20:57.753 [AsyncHttpClient-1-2] DEBUG org.asynchttpclient.netty.handler.HttpHandler - 

Request DefaultFullHttpRequest(decodeResult: success, version: HTTP/1.1, content: EmptyByteBufBE)
GET /session/d789555d91ca41fd8748c5426e730f76/element/05BB34127E0F5D7B4F6290BE43F14EB8_element_31/name HTTP/1.1
User-Agent: selenium/4.1.2 (java windows)
Cache-Control: no-cache
Content-Type: application/json; charset=utf-8
host: localhost:62973
accept: */*

Response DefaultHttpResponse(decodeResult: success, version: HTTP/1.1)
HTTP/1.1 200 OK
Content-Type: application/json; charset=utf-8
cache-control: no-cache
content-length: 16

11:20:57.754 [AsyncHttpClient-1-2] DEBUG org.asynchttpclient.netty.channel.ChannelManager - Adding key: http://localhost:62973 for channel [id: 0xc905050a, L:/127.0.0.1:61059 - R:localhost/127.0.0.1:62973]
11:20:57.756 [Forwarding getElementTagName on session d789555d91ca41fd8748c5426e730f76 to remote] DEBUG org.asynchttpclient.netty.request.NettyRequestSender - Using pooled Channel '[id: 0xc905050a, L:/127.0.0.1:61059 - R:localhost/127.0.0.1:62973]' for 'GET' to 'http://localhost:62973/session/d789555d91ca41fd8748c5426e730f76/element/05BB34127E0F5D7B4F6290BE43F14EB8_element_31/name'
11:20:57.756 [Forwarding getElementTagName on session d789555d91ca41fd8748c5426e730f76 to remote] DEBUG org.asynchttpclient.netty.request.NettyRequestSender - Using open Channel [id: 0xc905050a, L:/127.0.0.1:61059 - R:localhost/127.0.0.1:62973] for GET '/session/d789555d91ca41fd8748c5426e730f76/element/05BB34127E0F5D7B4F6290BE43F14EB8_element_31/name'
11:20:57.763 [AsyncHttpClient-1-2] DEBUG org.asynchttpclient.netty.handler.HttpHandler - 

Request DefaultFullHttpRequest(decodeResult: success, version: HTTP/1.1, content: EmptyByteBufBE)
GET /session/d789555d91ca41fd8748c5426e730f76/element/05BB34127E0F5D7B4F6290BE43F14EB8_element_31/name HTTP/1.1
User-Agent: selenium/4.1.2 (java windows)
Cache-Control: no-cache
Content-Type: application/json; charset=utf-8
host: localhost:62973
accept: */*

Response DefaultHttpResponse(decodeResult: success, version: HTTP/1.1)
HTTP/1.1 200 OK
Content-Type: application/json; charset=utf-8
cache-control: no-cache
content-length: 16

11:20:57.764 [AsyncHttpClient-1-2] DEBUG org.asynchttpclient.netty.channel.ChannelManager - Adding key: http://localhost:62973 for channel [id: 0xc905050a, L:/127.0.0.1:61059 - R:localhost/127.0.0.1:62973]
11:20:57.767 [Forwarding findElement on session d789555d91ca41fd8748c5426e730f76 to remote] DEBUG org.asynchttpclient.netty.request.NettyRequestSender - Using pooled Channel '[id: 0xc905050a, L:/127.0.0.1:61059 - R:localhost/127.0.0.1:62973]' for 'POST' to 'http://localhost:62973/session/d789555d91ca41fd8748c5426e730f76/element'
11:20:57.768 [Forwarding findElement on session d789555d91ca41fd8748c5426e730f76 to remote] DEBUG org.asynchttpclient.netty.request.NettyRequestSender - Using open Channel [id: 0xc905050a, L:/127.0.0.1:61059 - R:localhost/127.0.0.1:62973] for POST '/session/d789555d91ca41fd8748c5426e730f76/element'
11:20:57.778 [AsyncHttpClient-1-2] DEBUG org.asynchttpclient.netty.handler.HttpHandler - 

Request DefaultHttpRequest(decodeResult: success, version: HTTP/1.1)
POST /session/d789555d91ca41fd8748c5426e730f76/element HTTP/1.1
User-Agent: selenium/4.1.2 (java windows)
Content-Length: 106
Content-Type: application/json; charset=utf-8
host: localhost:62973
accept: */*

Response DefaultHttpResponse(decodeResult: success, version: HTTP/1.1)
HTTP/1.1 200 OK
Content-Type: application/json; charset=utf-8
cache-control: no-cache
content-length: 95

11:20:57.779 [AsyncHttpClient-1-2] DEBUG org.asynchttpclient.netty.channel.ChannelManager - Adding key: http://localhost:62973 for channel [id: 0xc905050a, L:/127.0.0.1:61059 - R:localhost/127.0.0.1:62973]
11:20:57.783 [Forwarding clickElement on session d789555d91ca41fd8748c5426e730f76 to remote] DEBUG org.asynchttpclient.netty.request.NettyRequestSender - Using pooled Channel '[id: 0xc905050a, L:/127.0.0.1:61059 - R:localhost/127.0.0.1:62973]' for 'POST' to 'http://localhost:62973/session/d789555d91ca41fd8748c5426e730f76/element/05BB34127E0F5D7B4F6290BE43F14EB8_element_31/click'
11:20:57.783 [Forwarding clickElement on session d789555d91ca41fd8748c5426e730f76 to remote] DEBUG org.asynchttpclient.netty.request.NettyRequestSender - Using open Channel [id: 0xc905050a, L:/127.0.0.1:61059 - R:localhost/127.0.0.1:62973] for POST '/session/d789555d91ca41fd8748c5426e730f76/element/05BB34127E0F5D7B4F6290BE43F14EB8_element_31/click'
11:20:57.830 [AsyncHttpClient-1-2] DEBUG org.asynchttpclient.netty.handler.HttpHandler - 

Request DefaultHttpRequest(decodeResult: success, version: HTTP/1.1)
POST /session/d789555d91ca41fd8748c5426e730f76/element/05BB34127E0F5D7B4F6290BE43F14EB8_element_31/click HTTP/1.1
User-Agent: selenium/4.1.2 (java windows)
Content-Length: 57
Content-Type: application/json; charset=utf-8
host: localhost:62973
accept: */*

Response DefaultHttpResponse(decodeResult: success, version: HTTP/1.1)
HTTP/1.1 200 OK
Content-Type: application/json; charset=utf-8
cache-control: no-cache
content-length: 14

11:20:57.830 [AsyncHttpClient-1-2] DEBUG org.asynchttpclient.netty.channel.ChannelManager - Adding key: http://localhost:62973 for channel [id: 0xc905050a, L:/127.0.0.1:61059 - R:localhost/127.0.0.1:62973]
  &amp#27;[32mAnd &amp#27;[0m&amp#27;[32mI click exit in popup&amp#27;[0m   &amp#27;[90m# starter.stepdefinitions.LoginSteps.iClickExitInPopup()&amp#27;[0m
11:20:57.845 [Forwarding screenshot on session d789555d91ca41fd8748c5426e730f76 to remote] DEBUG org.asynchttpclient.netty.request.NettyRequestSender - Using pooled Channel '[id: 0xc905050a, L:/127.0.0.1:61059 - R:localhost/127.0.0.1:62973]' for 'GET' to 'http://localhost:62973/session/d789555d91ca41fd8748c5426e730f76/screenshot'
11:20:57.845 [Forwarding screenshot on session d789555d91ca41fd8748c5426e730f76 to remote] DEBUG org.asynchttpclient.netty.request.NettyRequestSender - Using open Channel [id: 0xc905050a, L:/127.0.0.1:61059 - R:localhost/127.0.0.1:62973] for GET '/session/d789555d91ca41fd8748c5426e730f76/screenshot'
11:20:57.847 [AsyncHttpClient-1-1] DEBUG org.asynchttpclient.netty.channel.DefaultChannelPool - Entry count for : http://localhost:61060 : 1
11:20:57.969 [AsyncHttpClient-1-2] DEBUG org.asynchttpclient.netty.handler.HttpHandler - 

Request DefaultFullHttpRequest(decodeResult: success, version: HTTP/1.1, content: EmptyByteBufBE)
GET /session/d789555d91ca41fd8748c5426e730f76/screenshot HTTP/1.1
User-Agent: selenium/4.1.2 (java windows)
Cache-Control: no-cache
Content-Type: application/json; charset=utf-8
host: localhost:62973
accept: */*

Response DefaultHttpResponse(decodeResult: success, version: HTTP/1.1)
HTTP/1.1 200 OK
Content-Type: application/json; charset=utf-8
cache-control: no-cache
content-length: 196520

11:20:57.971 [AsyncHttpClient-1-2] DEBUG org.asynchttpclient.netty.channel.ChannelManager - Adding key: http://localhost:62973 for channel [id: 0xc905050a, L:/127.0.0.1:61059 - R:localhost/127.0.0.1:62973]
11:20:57.981 [main] DEBUG net.serenitybdd.core.photography.Darkroom - Send negative for processing for target\site\serenity\33e79a9b626fecbd3dfd9945d093d3cf81d6ef5fc1a274796a3bba06d809ff71.png
11:20:57.981 [Darkroom Processing Line] DEBUG net.serenitybdd.core.photography.DarkroomProcessingLine - Processing screenshot image in /var/screenshots/screenshot-3514370298415236832
11:20:57.981 [Darkroom Processing Line] DEBUG net.serenitybdd.core.photography.DarkroomProcessingLine - Saving screenshot to target\site\serenity\33e79a9b626fecbd3dfd9945d093d3cf81d6ef5fc1a274796a3bba06d809ff71.png
11:20:57.996 [Forwarding findElement on session d789555d91ca41fd8748c5426e730f76 to remote] DEBUG org.asynchttpclient.netty.request.NettyRequestSender - Using pooled Channel '[id: 0xc905050a, L:/127.0.0.1:61059 - R:localhost/127.0.0.1:62973]' for 'POST' to 'http://localhost:62973/session/d789555d91ca41fd8748c5426e730f76/element'
11:20:57.996 [Forwarding findElement on session d789555d91ca41fd8748c5426e730f76 to remote] DEBUG org.asynchttpclient.netty.request.NettyRequestSender - Using open Channel [id: 0xc905050a, L:/127.0.0.1:61059 - R:localhost/127.0.0.1:62973] for POST '/session/d789555d91ca41fd8748c5426e730f76/element'
11:20:58.010 [AsyncHttpClient-1-2] DEBUG org.asynchttpclient.netty.handler.HttpHandler - 

Request DefaultHttpRequest(decodeResult: success, version: HTTP/1.1)
POST /session/d789555d91ca41fd8748c5426e730f76/element HTTP/1.1
User-Agent: selenium/4.1.2 (java windows)
Content-Length: 102
Content-Type: application/json; charset=utf-8
host: localhost:62973
accept: */*

Response DefaultHttpResponse(decodeResult: success, version: HTTP/1.1)
HTTP/1.1 200 OK
Content-Type: application/json; charset=utf-8
cache-control: no-cache
content-length: 95

11:20:58.011 [AsyncHttpClient-1-2] DEBUG org.asynchttpclient.netty.channel.ChannelManager - Adding key: http://localhost:62973 for channel [id: 0xc905050a, L:/127.0.0.1:61059 - R:localhost/127.0.0.1:62973]
11:20:58.028 [Forwarding isElementDisplayed on session d789555d91ca41fd8748c5426e730f76 to remote] DEBUG org.asynchttpclient.netty.request.NettyRequestSender - Using pooled Channel '[id: 0xc905050a, L:/127.0.0.1:61059 - R:localhost/127.0.0.1:62973]' for 'POST' to 'http://localhost:62973/session/d789555d91ca41fd8748c5426e730f76/execute/sync'
11:20:58.028 [Forwarding isElementDisplayed on session d789555d91ca41fd8748c5426e730f76 to remote] DEBUG org.asynchttpclient.netty.request.NettyRequestSender - Using open Channel [id: 0xc905050a, L:/127.0.0.1:61059 - R:localhost/127.0.0.1:62973] for POST '/session/d789555d91ca41fd8748c5426e730f76/execute/sync'
11:20:58.049 [AsyncHttpClient-1-2] DEBUG org.asynchttpclient.netty.handler.HttpHandler - 

Request DefaultHttpRequest(decodeResult: success, version: HTTP/1.1)
POST /session/d789555d91ca41fd8748c5426e730f76/execute/sync HTTP/1.1
User-Agent: selenium/4.1.2 (java windows)
Content-Length: 48787
Content-Type: application/json; charset=utf-8
host: localhost:62973
accept: */*

Response DefaultHttpResponse(decodeResult: success, version: HTTP/1.1)
HTTP/1.1 200 OK
Content-Type: application/json; charset=utf-8
cache-control: no-cache
content-length: 14

11:20:58.050 [AsyncHttpClient-1-2] DEBUG org.asynchttpclient.netty.channel.ChannelManager - Adding key: http://localhost:62973 for channel [id: 0xc905050a, L:/127.0.0.1:61059 - R:localhost/127.0.0.1:62973]
  &amp#27;[32mThen &amp#27;[0m&amp#27;[32mI will go to dashboard&amp#27;[0m &amp#27;[90m# starter.stepdefinitions.LoginSteps.iWillGoToDashboard()&amp#27;[0m
11:20:58.061 [Forwarding screenshot on session d789555d91ca41fd8748c5426e730f76 to remote] DEBUG org.asynchttpclient.netty.request.NettyRequestSender - Using pooled Channel '[id: 0xc905050a, L:/127.0.0.1:61059 - R:localhost/127.0.0.1:62973]' for 'GET' to 'http://localhost:62973/session/d789555d91ca41fd8748c5426e730f76/screenshot'
11:20:58.062 [Forwarding screenshot on session d789555d91ca41fd8748c5426e730f76 to remote] DEBUG org.asynchttpclient.netty.request.NettyRequestSender - Using open Channel [id: 0xc905050a, L:/127.0.0.1:61059 - R:localhost/127.0.0.1:62973] for GET '/session/d789555d91ca41fd8748c5426e730f76/screenshot'
11:20:58.165 [AsyncHttpClient-1-2] DEBUG org.asynchttpclient.netty.handler.HttpHandler - 

Request DefaultFullHttpRequest(decodeResult: success, version: HTTP/1.1, content: EmptyByteBufBE)
GET /session/d789555d91ca41fd8748c5426e730f76/screenshot HTTP/1.1
User-Agent: selenium/4.1.2 (java windows)
Cache-Control: no-cache
Content-Type: application/json; charset=utf-8
host: localhost:62973
accept: */*

Response DefaultHttpResponse(decodeResult: success, version: HTTP/1.1)
HTTP/1.1 200 OK
Content-Type: application/json; charset=utf-8
cache-control: no-cache
content-length: 196520

11:20:58.167 [AsyncHttpClient-1-2] DEBUG org.asynchttpclient.netty.channel.ChannelManager - Adding key: http://localhost:62973 for channel [id: 0xc905050a, L:/127.0.0.1:61059 - R:localhost/127.0.0.1:62973]
11:20:58.178 [main] DEBUG net.serenitybdd.core.photography.Darkroom - Send negative for processing for target\site\serenity\33e79a9b626fecbd3dfd9945d093d3cf81d6ef5fc1a274796a3bba06d809ff71.png
11:20:58.187 [main] INFO  - 
  _____   ___   ___   _____     ___     _     ___   ___   ___   ___  
 |_   _| | __| / __| |_   _|   | _ \   /_\   / __| / __| | __| |   \ 
   | |   | _|  \__ \   | |     |  _/  / _ \  \__ \ \__ \ | _|  | |) |
   |_|   |___| |___/   |_|     |_|   /_/ \_\ |___/ |___/ |___| |___/ 

login success
----------------------------------------------------------------------
11:20:58.400 [Driver Command Executor] DEBUG org.asynchttpclient.netty.request.NettyRequestSender - Using pooled Channel '[id: 0xc905050a, L:/127.0.0.1:61059 - R:localhost/127.0.0.1:62973]' for 'DELETE' to 'http://localhost:62973/session/d789555d91ca41fd8748c5426e730f76'
11:20:58.400 [Driver Command Executor] DEBUG org.asynchttpclient.netty.request.NettyRequestSender - Using open Channel [id: 0xc905050a, L:/127.0.0.1:61059 - R:localhost/127.0.0.1:62973] for DELETE '/session/d789555d91ca41fd8748c5426e730f76'
11:20:58.403 [AsyncHttpClient-1-4] DEBUG org.asynchttpclient.netty.handler.WebSocketHandler - Channel Closed: [id: 0xc9489edd, L:/127.0.0.1:61068 ! R:localhost/127.0.0.1:61060] with attribute NettyResponseFuture{currentRetry=5,
	isDone=1,
	isCancelled=0,
	asyncHandler=org.asynchttpclient.ws.WebSocketUpgradeHandler@7992fb2c,
	nettyRequest=org.asynchttpclient.netty.request.NettyRequest@31d04a73,
	future=java.util.concurrent.CompletableFuture@42340433[Completed normally],
	uri=ws://localhost:61060/devtools/browser/d74c0153-73fe-4d62-b78d-6e4c2aba1206,
	keepAlive=true,
	redirectCount=0,
	timeoutsHolder=null,
	inAuth=0,
	touch=1698812452200}
11:20:58.404 [AsyncHttpClient-1-4] DEBUG org.asynchttpclient.netty.channel.ChannelManager - Closing Channel [id: 0xc9489edd, L:/127.0.0.1:61068 ! R:localhost/127.0.0.1:61060] 
11:20:58.447 [AsyncHttpClient-1-3] DEBUG org.asynchttpclient.netty.handler.HttpHandler - Unexpected I/O exception on channel [id: 0xae64f40e, L:/127.0.0.1:61066 - R:localhost/127.0.0.1:61060]
java.io.IOException: An existing connection was forcibly closed by the remote host
	at java.base/sun.nio.ch.SocketDispatcher.read0(Native Method)
	at java.base/sun.nio.ch.SocketDispatcher.read(SocketDispatcher.java:43)
	at java.base/sun.nio.ch.IOUtil.readIntoNativeBuffer(IOUtil.java:276)
	at java.base/sun.nio.ch.IOUtil.read(IOUtil.java:233)
	at java.base/sun.nio.ch.IOUtil.read(IOUtil.java:223)
	at java.base/sun.nio.ch.SocketChannelImpl.read(SocketChannelImpl.java:358)
	at io.netty.buffer.PooledByteBuf.setBytes(PooledByteBuf.java:258)
	at io.netty.buffer.AbstractByteBuf.writeBytes(AbstractByteBuf.java:1132)
	at io.netty.channel.socket.nio.NioSocketChannel.doReadBytes(NioSocketChannel.java:350)
	at io.netty.channel.nio.AbstractNioByteChannel$NioByteUnsafe.read(AbstractNioByteChannel.java:151)
	at io.netty.channel.nio.NioEventLoop.processSelectedKey(NioEventLoop.java:722)
	at io.netty.channel.nio.NioEventLoop.processSelectedKeysOptimized(NioEventLoop.java:658)
	at io.netty.channel.nio.NioEventLoop.processSelectedKeys(NioEventLoop.java:584)
	at io.netty.channel.nio.NioEventLoop.run(NioEventLoop.java:496)
	at io.netty.util.concurrent.SingleThreadEventExecutor$4.run(SingleThreadEventExecutor.java:986)
	at io.netty.util.internal.ThreadExecutorMap$2.run(ThreadExecutorMap.java:74)
	at io.netty.util.concurrent.FastThreadLocalRunnable.run(FastThreadLocalRunnable.java:30)
	at java.base/java.lang.Thread.run(Thread.java:834)
11:20:58.447 [AsyncHttpClient-1-3] DEBUG org.asynchttpclient.netty.channel.ChannelManager - Closing Channel [id: 0xae64f40e, L:/127.0.0.1:61066 - R:localhost/127.0.0.1:61060] 
11:20:58.448 [AsyncHttpClient-1-3] DEBUG org.asynchttpclient.netty.handler.HttpHandler - Channel Closed: [id: 0xae64f40e, L:/127.0.0.1:61066 ! R:localhost/127.0.0.1:61060] with attribute DISCARD
11:20:58.463 [AsyncHttpClient-1-2] DEBUG org.asynchttpclient.netty.handler.HttpHandler - 

Request DefaultFullHttpRequest(decodeResult: success, version: HTTP/1.1, content: EmptyByteBufBE)
DELETE /session/d789555d91ca41fd8748c5426e730f76 HTTP/1.1
User-Agent: selenium/4.1.2 (java windows)
Content-Type: application/json; charset=utf-8
host: localhost:62973
accept: */*

Response DefaultHttpResponse(decodeResult: success, version: HTTP/1.1)
HTTP/1.1 200 OK
Content-Type: application/json; charset=utf-8
cache-control: no-cache
content-length: 14

11:20:58.464 [AsyncHttpClient-1-2] DEBUG org.asynchttpclient.netty.channel.ChannelManager - Adding key: http://localhost:62973 for channel [id: 0xc905050a, L:/127.0.0.1:61059 - R:localhost/127.0.0.1:62973]
11:20:58.563 [AsyncHttpClient-1-2] DEBUG org.asynchttpclient.netty.handler.HttpHandler - Channel Closed: [id: 0xc905050a, L:/127.0.0.1:61059 ! R:localhost/127.0.0.1:62973] with attribute DISCARD
]]></system-out>
    <system-err><![CDATA[Starting ChromeDriver 117.0.5938.92 (67649b10b92bb182fba357831ef7dd6a1baa5648-refs/branch-heads/5938_62@{#14}) on port 62973
Only local connections are allowed.
Please see https://chromedriver.chromium.org/security-considerations for suggestions on keeping ChromeDriver safe.
ChromeDriver was started successfully.
[1698812451.760][WARNING]: This version of ChromeDriver has not been tested with Chrome version 118.
Nov 01, 2023 11:20:51 AM org.openqa.selenium.remote.ProtocolHandshake createSession
INFO: Detected dialect: W3C
Nov 01, 2023 11:20:52 AM org.openqa.selenium.devtools.CdpVersionFinder findNearestMatch
WARNING: Unable to find an exact match for CDP version 118, so returning the closest version found: a no-op implementation
Nov 01, 2023 11:20:52 AM org.openqa.selenium.devtools.CdpVersionFinder findNearestMatch
INFO: Unable to find CDP implementation matching 118.
Nov 01, 2023 11:20:52 AM org.openqa.selenium.chromium.ChromiumDriver lambda$new$3
WARNING: Unable to find version of CDP to use for . You may need to include a dependency on a specific version of the CDP using something similar to `org.seleniumhq.selenium:selenium-devtools-v86:4.1.2` where the version ("v86") matches the version of the chromium-based browser you're using and the version number of the artifact is the same as Selenium's.
]]></system-err>
  </testcase>
</testsuite>